Connecting to Arduino...
Waiting data from arduino...
Message from arduino: b'Hello from Robot!\r\n'
Message from arduino: b'Raise cube\r\n'
Message from arduino: b'Turn left\r\n'
Message from arduino: b'Move home\r\n'
Message from arduino: b'Raise cube\r\n'
Message from arduino: b'Waiting...\r\n'
Message from arduino: b'Waiting...\r\n'
Message from arduino: b'Waiting...\r\n'
Message from arduino: b'Set level 3\r\n'
Message from arduino: b'Move up\r\n'
Message from arduino: b'Move up\r\n'
Message from arduino: b'Move up\r\n'
Message from arduino: b'GO!\r\n'
Detecting colors
['SMALL', 0, 'R', 0]
['SMALL', 1, 'R', 0]
['SMALL', 2, 'R', 0]
['SMALL', 3, 'R', 0]
['SMALL', 4, 'R', 0]
['SMALL', 5, 'R', 2009]
['LARGE', 0, 'R', 7987]
['LARGE', 1, 'R', 975]
['LARGE', 2, 'R', 975]
['LARGE', 3, 'R', 975]
['LARGE', 4, 'R', 977]
['LARGE', 5, 'R', 1932]
['SMALL', 0, 'G', 475]
['SMALL', 1, 'G', 694]
['SMALL', 2, 'G', 2500]
['SMALL', 3, 'G', 475]
['SMALL', 4, 'G', 492]
['SMALL', 5, 'G', 475]
['LARGE', 0, 'G', 0]
['LARGE', 1, 'G', 0]
['LARGE', 2, 'G', 0]
['LARGE', 3, 'G', 7398]
['LARGE', 4, 'G', 109]
['LARGE', 5, 'G', 0]
['SMALL', 0, 'B', 0]
['SMALL', 1, 'B', 0]
['SMALL', 2, 'B', 0]
['SMALL', 3, 'B', 0]
['SMALL', 4, 'B', 1819]
['SMALL', 5, 'B', 0]
['LARGE', 0, 'B', 0]
['LARGE', 1, 'B', 6317]
['LARGE', 2, 'B', 0]
['LARGE', 3, 'B', 0]
['LARGE', 4, 'B', 54]
['LARGE', 5, 'B', 0]
['SMALL', 0, 'W', 0]
['SMALL', 1, 'W', 0]
['SMALL', 2, 'W', 0]
['SMALL', 3, 'W', 2019]
['SMALL', 4, 'W', 0]
['SMALL', 5, 'W', 0]
['LARGE', 0, 'W', 0]
['LARGE', 1, 'W', 0]
['LARGE', 2, 'W', 8526]
['LARGE', 3, 'W', 0]
['LARGE', 4, 'W', 0]
['LARGE', 5, 'W', 339]
['SMALL', 0, 'Y', 2025]
['SMALL', 1, 'Y', 0]
['SMALL', 2, 'Y', 0]
['SMALL', 3, 'Y', 0]
['SMALL', 4, 'Y', 0]
['SMALL', 5, 'Y', 0]
['LARGE', 0, 'Y', 3]
['LARGE', 1, 'Y', 0]
['LARGE', 2, 'Y', 0]
['LARGE', 3, 'Y', 0]
['LARGE', 4, 'Y', 0]
['LARGE', 5, 'Y', 6911]
Shablon
['Y', 'N', 'G', 'W', 'B', 'R']
Sklad
['R', 'B', 'W', 'G', 'N', 'Y']
Waiting data from arduino...
Message from arduino: b'Check for work\r\n'
Message from arduino: b'Cell 0 is invalid\r\n'
Message from arduino: b'Sklad:\r\n'
Message from arduino: b'000000\r\n'
Message from arduino: b'RBWGNY\r\n'
Message from arduino: b'Search for empty cells\r\n'
Message from arduino: b'Trying to free cell 0\r\n'
Message from arduino: b'Selected level is 0\r\n'
Message from arduino: b'Cell 2 is ball\r\n'
Message from arduino: b'Cell 5 is ball\r\n'
Message from arduino: b'Cell 5 has valid color\r\n'
Message from arduino: b'Allowed positions: 010110\r\n'
Message from arduino: b'Move cube from 0:0 to 1:1\r\n'
Message from arduino: b'Set level 3\r\n'
Message from arduino: b'Calc level for moving from 4 to 0 without cube\r\n'
Message from arduino: b'Has not second level\r\n'
Message from arduino: b'Set level 3\r\n'
Message from arduino: b'Move to position 0\r\n'
Message from arduino: b'Set level 0\r\n'
Message from arduino: b'Move down\r\n'
Message from arduino: b'Move down\r\n'
Message from arduino: b'Move down\r\n'
Message from arduino: b'Take cube\r\n'
Message from arduino: b'Calc level for moving from 0 to 1 with cube\r\n'
Message from arduino: b'Has not second level\r\n'
Message from arduino: b'Calc level for moving from 0 to 1 with cube\r\n'
Message from arduino: b'Has not second level\r\n'
Message from arduino: b'Set level 2\r\n'
Message from arduino: b'Move up\r\n'
Message from arduino: b'Move up\r\n'
Message from arduino: b'Move to position 1\r\n'
Message from arduino: b'Set level 1\r\n'
Message from arduino: b'Move down\r\n'
Message from arduino: b'Raise cube\r\n'
Message from arduino: b'Sklad:\r\n'
Message from arduino: b'0R0000\r\n'
Message from arduino: b'0BWGNY\r\n'
Message from arduino: b'Check for work\r\n'
Message from arduino: b'Cell 0 is invalid\r\n'
Message from arduino: b'Sklad:\r\n'
Message from arduino: b'0R0000\r\n'
Message from arduino: b'0BWGNY\r\n'
Message from arduino: b'Search for empty cells\r\n'
Message from arduino: b'Trying to fill cell 0\r\n'
Message from arduino: b'Cell is disabled (bashnya)\r\n'
Message from arduino: b'Trying to free cell 1\r\n'
Message from arduino: b'Selected level is 1\r\n'
Message from arduino: b'Cell 0 disabled (bashnya)\r\n'
Message from arduino: b'Cell 1 has second level\r\n'
Message from arduino: b'Cell 2 is ball\r\n'
Message from arduino: b'Cell 4 has valid color\r\n'
Message from arduino: b'Cell 5 is ball\r\n'
Message from arduino: b'Allowed positions: 000100\r\n'
Message from arduino: b'Move cube from 1:1 to 3:1\r\n'
Message from arduino: b'Calc level for moving from 1 to 1 without cube\r\n'
Message from arduino: b'Has not second level\r\n'
Message from arduino: b'Set level 1\r\n'
Message from arduino: b'Move to position 1\r\n'
Message from arduino: b'Set level 1\r\n'
Message from arduino: b'Take cube\r\n'
Message from arduino: b'Calc level for moving from 1 to 3 with cube\r\n'
Message from arduino: b'Has not second level\r\n'
Message from arduino: b'Calc level for moving from 1 to 3 with cube\r\n'
Message from arduino: b'Has not second level\r\n'
Message from arduino: b'Set level 2\r\n'
Message from arduino: b'Move up\r\n'
Message from arduino: b'Move to position 3\r\n'
Message from arduino: b'Set level 1\r\n'
Message from arduino: b'Move down\r\n'
Message from arduino: b'Raise cube\r\n'
Message from arduino: b'Sklad:\r\n'
Message from arduino: b'000R00\r\n'
Message from arduino: b'0BWGNY\r\n'
Message from arduino: b'Check for work\r\n'
Message from arduino: b'Cell 0 is invalid\r\n'
Message from arduino: b'Sklad:\r\n'
Message from arduino: b'000R00\r\n'
Message from arduino: b'0BWGNY\r\n'
Message from arduino: b'Search for empty cells\r\n'
Message from arduino: b'Trying to fill cell 0\r\n'
Message from arduino: b'Move cube from 5:0 to 0:0\r\n'
Message from arduino: b'Set level 2\r\n'
Message from arduino: b'Move up\r\n'
Message from arduino: b'Turn right\r\n'
Message from arduino: b'Calc level for moving from 3 to 4 without cube\r\n'
Message from arduino: b'Has not second level\r\n'
Message from arduino: b'Set level 2\r\n'
Message from arduino: b'Move to position 4\r\n'
Message from arduino: b'Set level 0\r\n'
Message from arduino: b'Move down\r\n'
Message from arduino: b'Move down\r\n'
Message from arduino: b'Take cube\r\n'
Message from arduino: b'Set level 2\r\n'
Message from arduino: b'Move up\r\n'
Message from arduino: b'Move up\r\n'
Message from arduino: b'Turn left\r\n'
Message from arduino: b'Calc level for moving from 4 to 0 with cube\r\n'
Message from arduino: b'Has second level\r\n'
Message from arduino: b'Calc level for moving from 4 to 0 with cube\r\n'
Message from arduino: b'Has second level\r\n'
Message from arduino: b'Set level 3\r\n'
Message from arduino: b'Move up\r\n'
Message from arduino: b'Move to position 0\r\n'
Message from arduino: b'Set level 0\r\n'
Message from arduino: b'Move down\r\n'
Message from arduino: b'Move down\r\n'
Message from arduino: b'Move down\r\n'
Message from arduino: b'Raise cube\r\n'
Message from arduino: b'Sklad:\r\n'
Message from arduino: b'000R00\r\n'
Message from arduino: b'YBWGN0\r\n'
Message from arduino: b'Check for work\r\n'
Message from arduino: b'Cell 1 is invalid\r\n'
Message from arduino: b'Sklad:\r\n'
Message from arduino: b'000R00\r\n'
Message from arduino: b'YBWGN0\r\n'
Message from arduino: b'Search for empty cells\r\n'
Message from arduino: b'Trying to fill cell 5\r\n'
Message from arduino: b'M\xffHello from Robot!\r\n'
Message from arduino: b'Raise cube\r\n'
Message from arduino: b'Turn left\r\n'
Message from arduino: b'Move home\r\n'
Message from arduino: b'Raise cube\r\n'
Message from arduino: b'Waiting...\r\n'
Message from arduino: b'Waiting...\r\n'
Message from arduino: b'Waiting...\r\n'
Message from arduino: b'Waiting...\r\n'
Message from arduino: b'Waiting...\r\n'
Message from arduino: b'Waiting...\r\n'
Message from arduino: b'Waiting...\r\n'
Message from arduino: b'Waiting...\r\n'
Message from arduino: b'Waiting...\r\n'
Message from arduino: b'Waiting...\r\n'
Message from arduino: b'Waiting...\r\n'
Message from arduino: b'Waiting...\r\n'
Message from arduino: b'Waiting...\r\n'
Message from arduino: b'Waiting...\r\n'
Message from arduino: b'Waiting...\r\n'
Message from arduino: b'Waiting...\r\n'
Message from arduino: b'Waiting...\r\n'
Message from arduino: b'Waiting...\r\n'
Message from arduino: b'Waiting...\r\n'
