Connecting to Arduino...
Waiting data from arduino...
Message from arduino: b'Hello from Robot!\r\n'
Message from arduino: b'Raise cube\r\n'
Message from arduino: b'Move home\r\n'
Message from arduino: b'Raise cube\r\n'
Message from arduino: b'Waiting...\r\n'
Message from arduino: b'Waiting...\r\n'
Message from arduino: b'Waiting...\r\n'
Message from arduino: b'Waiting...\r\n'
Message from arduino: b'Waiting...\r\n'
Message from arduino: b'Waiting...\r\n'
Message from arduino: b'Set level 3\r\n'
Message from arduino: b'Move up\r\n'
Message from arduino: b'Move up\r\n'
Message from arduino: b'Move up\r\n'
Message from arduino: b'GO!\r\n'
Detecting colors
['SMALL', 0, 'R', 2018]
['SMALL', 1, 'R', 0]
['SMALL', 2, 'R', 0]
['SMALL', 3, 'R', 0]
['SMALL', 4, 'R', 0]
['SMALL', 5, 'R', 0]
['LARGE', 0, 'R', 6210]
['LARGE', 1, 'R', 975]
['LARGE', 2, 'R', 975]
['LARGE', 3, 'R', 992]
['LARGE', 4, 'R', 975]
['LARGE', 5, 'R', 9149]
['SMALL', 0, 'G', 475]
['SMALL', 1, 'G', 481]
['SMALL', 2, 'G', 475]
['SMALL', 3, 'G', 2500]
['SMALL', 4, 'G', 907]
['SMALL', 5, 'G', 475]
['LARGE', 0, 'G', 0]
['LARGE', 1, 'G', 6]
['LARGE', 2, 'G', 7105]
['LARGE', 3, 'G', 61]
['LARGE', 4, 'G', 15]
['LARGE', 5, 'G', 1]
['SMALL', 0, 'B', 0]
['SMALL', 1, 'B', 2002]
['SMALL', 2, 'B', 0]
['SMALL', 3, 'B', 0]
['SMALL', 4, 'B', 0]
['SMALL', 5, 'B', 0]
['LARGE', 0, 'B', 0]
['LARGE', 1, 'B', 0]
['LARGE', 2, 'B', 0]
['LARGE', 3, 'B', 16]
['LARGE', 4, 'B', 6505]
['LARGE', 5, 'B', 0]
['SMALL', 0, 'W', 0]
['SMALL', 1, 'W', 0]
['SMALL', 2, 'W', 1978]
['SMALL', 3, 'W', 0]
['SMALL', 4, 'W', 0]
['SMALL', 5, 'W', 0]
['LARGE', 0, 'W', 6]
['LARGE', 1, 'W', 0]
['LARGE', 2, 'W', 0]
['LARGE', 3, 'W', 8179]
['LARGE', 4, 'W', 0]
['LARGE', 5, 'W', 0]
['SMALL', 0, 'Y', 0]
['SMALL', 1, 'Y', 0]
['SMALL', 2, 'Y', 0]
['SMALL', 3, 'Y', 0]
['SMALL', 4, 'Y', 0]
['SMALL', 5, 'Y', 2025]
['LARGE', 0, 'Y', 3783]
['LARGE', 1, 'Y', 0]
['LARGE', 2, 'Y', 0]
['LARGE', 3, 'Y', 4]
['LARGE', 4, 'Y', 0]
['LARGE', 5, 'Y', 0]
Shablon
['R', 'B', 'W', 'G', 'N', 'Y']
Sklad
['Y', 'N', 'G', 'W', 'B', 'R']
Waiting data from arduino...
Message from arduino: b'Check for work\r\n'
Message from arduino: b'Cell 0 is invalid\r\n'
Message from arduino: b'Sklad:\r\n'
Message from arduino: b'000000\r\n'
Message from arduino: b'YNGWBR\r\n'
Message from arduino: b'Search for empty cells\r\n'
Message from arduino: b'Trying to free cell 0\r\n'
Message from arduino: b'Selected level is 0\r\n'
Message from arduino: b'Cell 0 is ball\r\n'
Message from arduino: b'Cell 2 disabled (dop. zadanie)\r\n'
Message from arduino: b'Cell 3 is ball\r\n'
Message from arduino: b'Cell 5 disabled (dop. zadanie)\r\n'
Message from arduino: b'Cell 5 has valid color\r\n'
Message from arduino: b'Allowed positions: 010010\r\n'
Message from arduino: b'Move cube from 0:0 to 1:1\r\n'
Message from arduino: b'Set level 3\r\n'
Message from arduino: b'Calc level for moving from 4 to 0 without cube\r\n'
Message from arduino: b'Has not second level\r\n'
Message from arduino: b'Set level 3\r\n'
Message from arduino: b'Move to position 0\r\n'
Message from arduino: b'Set level 0\r\n'
Message from arduino: b'Move down\r\n'
Message from arduino: b'Move down\r\n'
Message from arduino: b'Move down\r\n'
Message from arduino: b'Take cube\r\n'
Message from arduino: b'Calc level for moving from 0 to 1 with cube\r\n'
Message from arduino: b'Has not second level\r\n'
Message from arduino: b'Calc level for moving from 0 to 1 with cube\r\n'
Message from arduino: b'Has not second level\r\n'
Message from arduino: b'Set level 2\r\n'
Message from arduino: b'Move up\r\n'
Message from arduino: b'Move up\r\n'
Message from arduino: b'Move to position 1\r\n'
Message from arduino: b'Set level 1\r\n'
Message from arduino: b'Move down\r\n'
Message from arduino: b'Raise cube\r\n'
Message from arduino: b'Sklad:\r\n'
Message from arduino: b'0Y0000\r\n'
Message from arduino: b'0NGWBR\r\n'
Message from arduino: b'Check for work\r\n'
Message from arduino: b'Cell 0 is invalid\r\n'
Message from arduino: b'Sklad:\r\n'
Message from arduino: b'0Y0000\r\n'
Message from arduino: b'0NGWBR\r\n'
Message from arduino: b'Search for empty cells\r\n'
Message from arduino: b'Trying to fill cell 0\r\n'
Message from arduino: b'Cell is disabled (bashnya)\r\n'
Message from arduino: b'Trying to free cell 1\r\n'
Message from arduino: b'Selected level is 1\r\n'
Message from arduino: b'Cell 0 disabled (bashnya)\r\n'
Message from arduino: b'Cell 1 has second level\r\n'
Message from arduino: b'Cell 2 disabled (dop. zadanie)\r\n'
Message from arduino: b'Cell 3 is ball\r\n'
Message from arduino: b'Cell 4 has valid color\r\n'
Message from arduino: b'Cell 5 disabled (dop. zadanie)\r\n'
Message from arduino: b'Allowed positions: 000000\r\n'
Message from arduino: b'Trying to free cell 2\r\n'
Message from arduino: b'Selected level is 0\r\n'
Message from arduino: b'Cell 0 disabled (bashnya)\r\n'
Message from arduino: b'Cell 1 has second level\r\n'
Message from arduino: b'Cell 3 is ball\r\n'
Message from arduino: b'Cell 3 has valid color\r\n'
Message from arduino: b'Allowed positions: 000011\r\n'
Message from arduino: b'Move cube from 2:0 to 4:1\r\n'
Message from arduino: b'Set level 3\r\n'
Message from arduino: b'Move up\r\n'
Message from arduino: b'Move up\r\n'
Message from arduino: b'Calc level for moving from 1 to 2 without cube\r\n'
Message from arduino: b'Has not second level\r\n'
Message from arduino: b'Set level 3\r\n'
Message from arduino: b'Move to position 2\r\n'
Message from arduino: b'Set level 0\r\n'
Message from arduino: b'Move down\r\n'
Message from arduino: b'Move down\r\n'
Message from arduino: b'Move down\r\n'
Message from arduino: b'Take cube\r\n'
Message from arduino: b'Calc level for moving from 2 to 4 with cube\r\n'
Message from arduino: b'Has not second level\r\n'
Message from arduino: b'Calc level for moving from 2 to 4 with cube\r\n'
Message from arduino: b'Has not second level\r\n'
Message from arduino: b'Set level 2\r\n'
Message from arduino: b'Move up\r\n'
Message from arduino: b'Move up\r\n'
Message from arduino: b'Move to position 4\r\n'
Message from arduino: b'Set level 1\r\n'
Message from arduino: b'Move down\r\n'
Message from arduino: b'Raise cube\r\n'
Message from arduino: b'Sklad:\r\n'
Message from arduino: b'0Y00G0\r\n'
Message from arduino: b'0N0WBR\r\n'
Message from arduino: b'Check for work\r\n'
Message from arduino: b'Cell 0 is invalid\r\n'
Message from arduino: b'Sklad:\r\n'
Message from arduino: b'0Y00G0\r\n'
Message from arduino: b'0N0WBR\r\n'
Message from arduino: b'Search for empty cells\r\n'
Message from arduino: b'Trying to fill cell 0\r\n'
Message from arduino: b'Cell is disabled (bashnya)\r\n'
Message from arduino: b'Trying to fill cell 2\r\n'
Message from arduino: b'Move cube from 3:0 to 2:0\r\n'
Message from arduino: b'Set level 2\r\n'
Message from arduino: b'Move up\r\n'
Message from arduino: b'Turn right\r\n'
Message from arduino: b'Set level 3\r\n'
Message from arduino: b'Move up\r\n'
Message from arduino: b'Calc level for moving from 4 to 2 without cube\r\n'
Message from arduino: b'Has second level\r\n'
Message from arduino: b'Set level 3\r\n'
Message from arduino: b'Move to position 2\r\n'
Message from arduino: b'Set level 0\r\n'
Message from arduino: b'Move down\r\n'
Message from arduino: b'Move down\r\n'
Message from arduino: b'Move down\r\n'
Message from arduino: b'Take cube\r\n'
Message from arduino: b'Set level 1\r\n'
Message from arduino: b'Move up\r\n'
Message from arduino: b'Turn left\r\n'
Message from arduino: b'Set level 3\r\n'
Message from arduino: b'Move up\r\n'
Message from arduino: b'Move up\r\n'
Message from arduino: b'Calc level for moving from 2 to 2 with cube\r\n'
Message from arduino: b'Has not second level\r\n'
Message from arduino: b'Set level 3\r\n'
Message from arduino: b'Move to position 2\r\n'
Message from arduino: b'Set level 0\r\n'
Message from arduino: b'Move down\r\n'
Message from arduino: b'Move down\r\n'
Message from arduino: b'Move down\r\n'
Message from arduino: b'Raise cube\r\n'
Message from arduino: b'Sklad:\r\n'
Message from arduino: b'0Y00G0\r\n'
Message from arduino: b'0NW0BR\r\n'
Message from arduino: b'Check for work\r\n'
Message from arduino: b'Cell 0 is invalid\r\n'
Message from arduino: b'Sklad:\r\n'
Message from arduino: b'0Y00G0\r\n'
Message from arduino: b'0NW0BR\r\n'
Message from arduino: b'Search for empty cells\r\n'
Message from arduino: b'Trying to fill cell 0\r\n'
Message from arduino: b'Cell is disabled (bashnya)\r\n'
Message from arduino: b'Trying to fill cell 3\r\n'
Message from arduino: b'Move cube from 4:1 to 3:0\r\n'
Message from arduino: b'Calc level for moving from 2 to 4 without cube\r\n'
Message from arduino: b'Has second level\r\n'
Message from arduino: b'Calc level for moving from 2 to 4 without cube\r\n'
Message from arduino: b'Has second level\r\n'
Message from arduino: b'Set level 1\r\n'
Message from arduino: b'Move up\r\n'
Message from arduino: b'Move to position 4\r\n'
Message from arduino: b'Set level 1\r\n'
Message from arduino: b'Take cube\r\n'
Message from arduino: b'Set level 2\r\n'
Message from arduino: b'Move up\r\n'
Message from arduino: b'Turn right\r\n'
Message from arduino: b'Set level 3\r\n'
Message from arduino: b'Move up\r\n'
Message from arduino: b'Calc level for moving from 4 to 2 with cube\r\n'
Message from arduino: b'Has second level\r\n'
Message from arduino: b'Calc level for moving from 4 to 2 with cube\r\n'
Message from arduino: b'Has second level\r\n'
Message from arduino: b'Set level 3\r\n'
Message from arduino: b'Move to position 2\r\n'
Message from arduino: b'Set level 0\r\n'
Message from arduino: b'Move down\r\n'
Message from arduino: b'Move down\r\n'
Message from arduino: b'Move down\r\n'
Message from arduino: b'Raise cube\r\n'
Message from arduino: b'Sklad:\r\n'
Message from arduino: b'0Y0000\r\n'
Message from arduino: b'0NWGBR\r\n'
Message from arduino: b'Check for work\r\n'
Message from arduino: b'Cell 0 is invalid\r\n'
Message from arduino: b'Sklad:\r\n'
Message from arduino: b'0Y0000\r\n'
Message from arduino: b'0NWGBR\r\n'
Message from arduino: b'Search for empty cells\r\n'
Message from arduino: b'Trying to fill cell 0\r\n'
Message from arduino: b'Cell is disabled (bashnya)\r\n'
Message from arduino: b'Trying to free cell 1\r\n'
Message from arduino: b'Selected level is 1\r\n'
Message from arduino: b'Cell 0 disabled (bashnya)\r\n'
Message from arduino: b'Cell 1 has second level\r\n'
Message from arduino: b'Cell 2 is ball\r\n'
Message from arduino: b'Cell 3 disabled (dop. zadanie)\r\n'
Message from arduino: b'Cell 4 has valid color\r\n'
Message from arduino: b'Cell 5 disabled (dop. zadanie)\r\n'
Message from arduino: b'Allowed positions: 000000\r\n'
Message from arduino: b'Trying to free cell 4\r\n'
Message from arduino: b'Selected level is 0\r\n'
Message from arduino: b'Cell 0 disabled (bashnya)\r\n'
Message from arduino: b'Cell 1 has second level\r\n'
Message from arduino: b'Cell 1 has valid color\r\n'
Message from arduino: b'Cell 2 is ball\r\n'
Message from arduino: b'Allowed positions: 000101\r\n'
Message from arduino: b'Move cube from 4:0 to 3:1\r\n'
Message from arduino: b'Calc level for moving from 2 to 3 without cube\r\n'
Message from arduino: b'Has not second level\r\n'
Message from arduino: b'Calc level for moving from 2 to 3 without cube\r\n'
Message from arduino: b'Has not second level\r\n'
Message from arduino: b'Set level 0\r\n'
Message from arduino: b'Move to position 3\r\n'
Message from arduino: b'Set level 0\r\n'
Message from arduino: b'Take cube\r\n'
Message from arduino: b'Calc level for moving from 3 to 2 with cube\r\n'
Message from arduino: b'Has not second level\r\n'
Message from arduino: b'Calc level for moving from 3 to 2 with cube\r\n'
Message from arduino: b'Has not second level\r\n'
Message from arduino: b'Set level 2\r\n'
Message from arduino: b'Move up\r\n'
Message from arduino: b'Move up\r\n'
Message from arduino: b'Move to position 2\r\n'
Message from arduino: b'Set level 1\r\n'
Message from arduino: b'Move down\r\n'
Message from arduino: b'Raise cube\r\n'
Message from arduino: b'Sklad:\r\n'
Message from arduino: b'0Y0B00\r\n'
Message from arduino: b'0NWG0R\r\n'
Message from arduino: b'Check for work\r\n'
Message from arduino: b'Cell 0 is invalid\r\n'
Message from arduino: b'Sklad:\r\n'
Message from arduino: b'0Y0B00\r\n'
Message from arduino: b'0NWG0R\r\n'
Message from arduino: b'Search for empty cells\r\n'
Message from arduino: b'Trying to fill cell 0\r\n'
Message from arduino: b'Cell is disabled (bashnya)\r\n'
Message from arduino: b'Trying to fill cell 4\r\n'
Message from arduino: b'Trying to free cell 1\r\n'
Message from arduino: b'Selected level is 1\r\n'
Message from arduino: b'Cell 0 disabled (bashnya)\r\n'
Message from arduino: b'Cell 1 has second level\r\n'
Message from arduino: b'Cell 2 is ball\r\n'
Message from arduino: b'Cell 3 disabled (dop. zadanie)\r\n'
Message from arduino: b'Cell 3 has second level\r\n'
Message from arduino: b'Cell 5 disabled (dop. zadanie)\r\n'
Message from arduino: b'Allowed positions: 000000\r\n'
Message from arduino: b'Trying to free cell 1\r\n'
Message from arduino: b'Selected level is 1\r\n'
Message from arduino: b'Cell 0 disabled (bashnya)\r\n'
Message from arduino: b'Cell 1 has second level\r\n'
Message from arduino: b'Cell 2 is ball\r\n'
Message from arduino: b'Cell 3 disabled (dop. zadanie)\r\n'
Message from arduino: b'Cell 3 has second level\r\n'
Message from arduino: b'Cell 5 disabled (dop. zadanie)\r\n'
Message from arduino: b'Allowed positions: 000010\r\n'
Message from arduino: b'Move cube from 1:1 to 4:0\r\n'
Message from arduino: b'Calc level for moving from 2 to 0 without cube\r\n'
Message from arduino: b'Has second level\r\n'
Message from arduino: b'Calc level for moving from 2 to 0 without cube\r\n'
Message from arduino: b'Has second level\r\n'
Message from arduino: b'Set level 1\r\n'
Message from arduino: b'Move to position 0\r\n'
Message from arduino: b'Set level 1\r\n'
Message from arduino: b'Take cube\r\n'
Message from arduino: b'Set level 1\r\n'
Message from arduino: b'Turn left\r\n'
Message from arduino: b'Set level 3\r\n'
Message from arduino: b'Move up\r\n'
Message from arduino: b'Move up\r\n'
Message from arduino: b'Calc level for moving from 0 to 4 with cube\r\n'
Message from arduino: b'Has second level\r\n'
Message from arduino: b'Calc level for moving from 0 to 4 with cube\r\n'
Message from arduino: b'Has second level\r\n'
Message from arduino: b'Set level 3\r\n'
Message from arduino: b'Move to position 4\r\n'
Message from arduino: b'Set level 0\r\n'
Message from arduino: b'Move down\r\n'
Message from arduino: b'Move down\r\n'
Message from arduino: b'Move down\r\n'
Message from arduino: b'Raise cube\r\n'
Message from arduino: b'Sklad:\r\n'
Message from arduino: b'000B00\r\n'
Message from arduino: b'0NWGYR\r\n'
Message from arduino: b'Check for work\r\n'
Message from arduino: b'Cell 0 is invalid\r\n'
Message from arduino: b'Sklad:\r\n'
Message from arduino: b'000B00\r\n'
Message from arduino: b'0NWGYR\r\n'
Message from arduino: b'Search for empty cells\r\n'
Message from arduino: b'Trying to fill cell 0\r\n'
Message from arduino: b'Move cube from 5:0 to 0:0\r\n'
Message from arduino: b'Set level 2\r\n'
Message from arduino: b'Move up\r\n'
Message from arduino: b'Move up\r\n'
Message from arduino: b'Turn right\r\n'
Message from arduino: b'Set level 3\r\n'
Message from arduino: b'Move up\r\n'
Message from arduino: b'Calc level for moving from 4 to 4 without cube\r\n'
Message from arduino: b'Has not second level\r\n'
Message from arduino: b'Set level 3\r\n'
Message from arduino: b'Move to position 4\r\n'
Message from arduino: b'Set level 0\r\n'
Message from arduino: b'Move down\r\n'
Message from arduino: b'Move down\r\n'
Message from arduino: b'Move down\r\n'
Message from arduino: b'Take cube\r\n'
Message from arduino: b'Set level 2\r\n'
Message from arduino: b'Move up\r\n'
Message from arduino: b'Move up\r\n'
Message from arduino: b'Turn left\r\n'
Message from arduino: b'Set level 3\r\n'
Message from arduino: b'Move up\r\n'
Message from arduino: b'Calc level for moving from 4 to 0 with cube\r\n'
Message from arduino: b'Has second level\r\n'
Message from arduino: b'Calc level for moving from 4 to 0 with cube\r\n'
Message from arduino: b'Has second level\r\n'
Message from arduino: b'Set level 3\r\n'
Message from arduino: b'Move to position 0\r\n'
Message from arduino: b'Set level 0\r\n'
Message from arduino: b'Move down\r\n'
Message from arduino: b'Move down\r\n'
Message from arduino: b'Move down\r\n'
Message from arduino: b'Raise cube\r\n'
Message from arduino: b'Sklad:\r\n'
Message from arduino: b'000B00\r\n'
Message from arduino: b'RNWGY0\r\n'
Message from arduino: b'Check for work\r\n'
Message from arduino: b'Cell 1 is invalid\r\n'
Message from arduino: b'Sklad:\r\n'
Message from arduino: b'000B00\r\n'
Message from arduino: b'RNWGY0\r\n'
Message from arduino: b'Search for empty cells\r\n'
Message from arduino: b'Trying to fill cell 5\r\n'
Message from arduino: b'Move cube from 4:0 to 5:0\r\n'
Message from arduino: b'Set level 2\r\n'
Message from arduino: b'Move up\r\n'
Message from arduino: b'Move up\r\n'
Message from arduino: b'Calc level for moving from 0 to 4 without cube\r\n'
Message from arduino: b'Has second level\r\n'
Message from arduino: b'Set level 2\r\n'
Message from arduino: b'Move to position 4\r\n'
Message from arduino: b'Set level 0\r\n'
Message from arduino: b'Move down\r\n'
Message from arduino: b'Move down\r\n'
Message from arduino: b'Take cube\r\n'
Message from arduino: b'Set level 1\r\n'
Message from arduino: b'Move up\r\n'
Message from arduino: b'Turn right\r\n'
Message from arduino: b'Set level 3\r\n'
Message from arduino: b'Move up\r\n'
Message from arduino: b'Move up\r\n'
Message from arduino: b'Calc level for moving from 4 to 4 with cube\r\n'
Message from arduino: b'Has not second level\r\n'
Message from arduino: b'Set level 3\r\n'
Message from arduino: b'Move to position 4\r\n'
Message from arduino: b'Set level 0\r\n'
Message from arduino: b'Move down\r\n'
Message from arduino: b'Move down\r\n'
Message from arduino: b'Move down\r\n'
Message from arduino: b'Raise cube\r\n'
Message from arduino: b'Sklad:\r\n'
Message from arduino: b'000B00\r\n'
Message from arduino: b'RNWG0Y\r\n'
Message from arduino: b'Check for work\r\n'
Message from arduino: b'Cell 1 is invalid\r\n'
Message from arduino: b'Sklad:\r\n'
Message from arduino: b'000B00\r\n'
Message from arduino: b'RNWG0Y\r\n'
Message from arduino: b'Search for empty cells\r\n'
Message from arduino: b'Trying to fill cell 4\r\n'
Message from arduino: b'Move cube from 1:0 to 4:0\r\n'
Message from arduino: b'Calc level for moving from 4 to 0 without cube\r\n'
Message from arduino: b'Has second level\r\n'
Message from arduino: b'Calc level for moving from 4 to 0 without cube\r\n'
Message from arduino: b'Has second level\r\n'
Message from arduino: b'Set level 1\r\n'
Message from arduino: b'Move up\r\n'
Message from arduino: b'Move to position 0\r\n'
Message from arduino: b'Set level 0\r\n'
Message from arduino: b'Move down\r\n'
Message from arduino: b'Take cube\r\n'
Message from arduino: b'Set level 2\r\n'
Message from arduino: b'Move up\r\n'
Message from arduino: b'Move up\r\n'
Message from arduino: b'Turn left\r\n'
Message from arduino: b'Set level 3\r\n'
Message from arduino: b'Move up\r\n'
Message from arduino: b'Calc level for moving from 0 to 4 with cube\r\n'
Message from arduino: b'Has second level\r\n'
Message from arduino: b'Calc level for moving from 0 to 4 with cube\r\n'
Message from arduino: b'Has second level\r\n'
Message from arduino: b'Set level 3\r\n'
Message from arduino: b'Move to position 4\r\n'
Message from arduino: b'Set level 0\r\n'
Message from arduino: b'Move down\r\n'
Message from arduino: b'Move down\r\n'
Message from arduino: b'Hello from Robot!\r\n'
Message from arduino: b'Raise cube\r\n'
Message from arduino: b'Move home\r\n'
Message from arduino: b'Raise cube\r\n'
Message from arduino: b'Waiting...\r\n'
Message from arduino: b'Waiting...\r\n'
Message from arduino: b'Waiting...\r\n'
Message from arduino: b'Waiting...\r\n'
Message from arduino: b'Waiting...\r\n'
Message from arduino: b'Waiting...\r\n'
Message from arduino: b'Waiting...\r\n'
Message from arduino: b'Waiting...\r\n'
Message from arduino: b'Waiting...\r\n'
Message from arduino: b'Waiting...\r\n'
Message from arduino: b'Waiting...\r\n'
Message from arduino: b'Waiting...\r\n'
Message from arduino: b'Waiting...\r\n'
Message from arduino: b'Waiting...\r\n'
Message from arduino: b'Waiting...\r\n'
Message from arduino: b'Waiting...\r\n'
Message from arduino: b'Waiting...\r\n'
Message from arduino: b'Waiting...\r\n'
Message from arduino: b'Move down\r\n'
Message from arduino: b'Waiting...\r\n'
Message from arduino: b'Waiting...\r\n'
Message from arduino: b'Waiting...\r\n'
Message from arduino: b'Waiting...\r\n'
Message from arduino: b'Waiting...\r\n'
Message from arduino: b'Waiting...\r\n'
Message from arduino: b'Waiting...\r\n'
Message from arduino: b'Waiting...\r\n'
Message from arduino: b'Waiting...\r\n'
Message from arduino: b'Waiting...\r\n'
Message from arduino: b'Waiting...\r\n'
Message from arduino: b'Waiting...\r\n'
Message from arduino: b'Waiting...\r\n'
Message from arduino: b'Waiting...\r\n'
Message from arduino: b'Waiting...\r\n'
Message from arduino: b'Waiting...\r\n'
Message from arduino: b'Waiting...\r\n'
Message from arduino: b'Waiting...\r\n'
Message from arduino: b'Waiting...\r\n'
Message from arduino: b'Waiting...\r\n'
Message from arduino: b'Waiting...\r\n'
Message from arduino: b'Waiting...\r\n'
Message from arduino: b'Waiting...\r\n'
Message from arduino: b'Waiting...\r\n'
Message from arduino: b'Set level 3\r\n'
Message from arduino: b'Move up\r\n'
Message from arduino: b'Move up\r\n'
Message from arduino: b'Move up\r\n'
Message from arduino: b'GO!\r\n'
Detecting colors
['SMALL', 0, 'R', 2018]
['SMALL', 1, 'R', 0]
['SMALL', 2, 'R', 0]
['SMALL', 3, 'R', 0]
['SMALL', 4, 'R', 0]
['SMALL', 5, 'R', 0]
['LARGE', 0, 'R', 4574]
['LARGE', 1, 'R', 975]
['LARGE', 2, 'R', 1112]
['LARGE', 3, 'R', 975]
['LARGE', 4, 'R', 975]
['LARGE', 5, 'R', 9428]
['SMALL', 0, 'G', 475]
['SMALL', 1, 'G', 480]
['SMALL', 2, 'G', 475]
['SMALL', 3, 'G', 2496]
['SMALL', 4, 'G', 1268]
['SMALL', 5, 'G', 475]
['LARGE', 0, 'G', 0]
['LARGE', 1, 'G', 0]
['LARGE', 2, 'G', 381]
['LARGE', 3, 'G', 7046]
['LARGE', 4, 'G', 3]
['LARGE', 5, 'G', 1]
['SMALL', 0, 'B', 0]
['SMALL', 1, 'B', 1997]
['SMALL', 2, 'B', 0]
['SMALL', 3, 'B', 0]
['SMALL', 4, 'B', 0]
['SMALL', 5, 'B', 0]
['LARGE', 0, 'B', 0]
['LARGE', 1, 'B', 0]
['LARGE', 2, 'B', 90]
['LARGE', 3, 'B', 0]
['LARGE', 4, 'B', 7313]
['LARGE', 5, 'B', 21]
['SMALL', 0, 'W', 0]
['SMALL', 1, 'W', 0]
['SMALL', 2, 'W', 1998]
['SMALL', 3, 'W', 0]
['SMALL', 4, 'W', 0]
['SMALL', 5, 'W', 0]
['LARGE', 0, 'W', 8]
['LARGE', 1, 'W', 0]
['LARGE', 2, 'W', 7709]
['LARGE', 3, 'W', 0]
['LARGE', 4, 'W', 0]
['LARGE', 5, 'W', 0]
['SMALL', 0, 'Y', 0]
['SMALL', 1, 'Y', 0]
['SMALL', 2, 'Y', 0]
['SMALL', 3, 'Y', 0]
['SMALL', 4, 'Y', 0]
['SMALL', 5, 'Y', 2021]
['LARGE', 0, 'Y', 5261]
['LARGE', 1, 'Y', 0]
['LARGE', 2, 'Y', 104]
['LARGE', 3, 'Y', 0]
['LARGE', 4, 'Y', 0]
['LARGE', 5, 'Y', 2]
Shablon
['R', 'B', 'W', 'G', 'N', 'Y']
Sklad
['Y', 'N', 'W', 'G', 'B', 'R']
Waiting data from arduino...
Message from arduino: b'Check for work\r\n'
Message from arduino: b'Cell 0 is invalid\r\n'
Message from arduino: b'Sklad:\r\n'
Message from arduino: b'000000\r\n'
Message from arduino: b'YNWGBR\r\n'
Message from arduino: b'Search for empty cells\r\n'
Message from arduino: b'Trying to free cell 0\r\n'
Message from arduino: b'Selected level is 0\r\n'
Message from arduino: b'Cell 0 is ball\r\n'
Message from arduino: b'Cell 2 disabled (dop. zadanie)\r\n'
Message from arduino: b'Cell 2 is ball\r\n'
Message from arduino: b'Cell 5 disabled (dop. zadanie)\r\n'
Message from arduino: b'Cell 5 has valid color\r\n'
Message from arduino: b'Allowed positions: 010110\r\n'
Message from arduino: b'Move cube from 0:0 to 1:1\r\n'
Message from arduino: b'Set level 3\r\n'
Message from arduino: b'Calc level for moving from 4 to 0 without cube\r\n'
Message from arduino: b'Has not second level\r\n'
Message from arduino: b'Set level 3\r\n'
Message from arduino: b'Move to position 0\r\n'
Message from arduino: b'Set level 0\r\n'
Message from arduino: b'Move down\r\n'
Message from arduino: b'Move down\r\n'
Message from arduino: b'Move down\r\n'
Message from arduino: b'Take cube\r\n'
Message from arduino: b'Calc level for moving from 0 to 1 with cube\r\n'
Message from arduino: b'Has not second level\r\n'
Message from arduino: b'Calc level for moving from 0 to 1 with cube\r\n'
Message from arduino: b'Has not second level\r\n'
Message from arduino: b'Set level 2\r\n'
Message from arduino: b'Move up\r\n'
Message from arduino: b'Move up\r\n'
Message from arduino: b'Move to position 1\r\n'
Message from arduino: b'Set level 1\r\n'
Message from arduino: b'Move down\r\n'
Message from arduino: b'Raise cube\r\n'
Message from arduino: b'Sklad:\r\n'
Message from arduino: b'0Y0000\r\n'
Message from arduino: b'0NWGBR\r\n'
Message from arduino: b'Check for work\r\n'
Message from arduino: b'Cell 0 is invalid\r\n'
Message from arduino: b'Sklad:\r\n'
Message from arduino: b'0Y0000\r\n'
Message from arduino: b'0NWGBR\r\n'
Message from arduino: b'Search for empty cells\r\n'
Message from arduino: b'Trying to fill cell 0\r\n'
Message from arduino: b'Cell is disabled (bashnya)\r\n'
Message from arduino: b'Trying to free cell 1\r\n'
Message from arduino: b'Selected level is 1\r\n'
Message from arduino: b'Cell 0 disabled (bashnya)\r\n'
Message from arduino: b'Cell 1 has second level\r\n'
Message from arduino: b'Cell 2 disabled (dop. zadanie)\r\n'
Message from arduino: b'Cell 2 is ball\r\n'
Message from arduino: b'Cell 4 has valid color\r\n'
Message from arduino: b'Cell 5 disabled (dop. zadanie)\r\n'
Message from arduino: b'Allowed positions: 000100\r\n'
Message from arduino: b'Move cube from 1:1 to 3:1\r\n'
Message from arduino: b'Calc level for moving from 1 to 1 without cube\r\n'
Message from arduino: b'Has not second level\r\n'
Message from arduino: b'Set level 1\r\n'
Message from arduino: b'Move to position 1\r\n'
Message from arduino: b'Set level 1\r\n'
Message from arduino: b'Take cube\r\n'
Message from arduino: b'Calc level for moving from 1 to 3 with cube\r\n'
Message from arduino: b'Has not second level\r\n'
Message from arduino: b'Calc level for moving from 1 to 3 with cube\r\n'
Message from arduino: b'Has not second level\r\n'
Message from arduino: b'Set level 2\r\n'
Message from arduino: b'Move up\r\n'
Message from arduino: b'Move to position 3\r\n'
Message from arduino: b'Set level 1\r\n'
Message from arduino: b'Move down\r\n'
Message from arduino: b'Raise cube\r\n'
Message from arduino: b'Sklad:\r\n'
Message from arduino: b'000Y00\r\n'
Message from arduino: b'0NWGBR\r\n'
Message from arduino: b'Check for work\r\n'
Message from arduino: b'Cell 0 is invalid\r\n'
Message from arduino: b'Sklad:\r\n'
Message from arduino: b'000Y00\r\n'
Message from arduino: b'0NWGBR\r\n'
Message from arduino: b'Search for empty cells\r\n'
Message from arduino: b'Trying to fill cell 0\r\n'
Message from arduino: b'Move cube from 5:0 to 0:0\r\n'
Message from arduino: b'Set level 2\r\n'
Message from arduino: b'Move up\r\n'
Message from arduino: b'Turn right\r\n'
Message from arduino: b'Set level 3\r\n'
Message from arduino: b'Move up\r\n'
Message from arduino: b'Calc level for moving from 3 to 4 without cube\r\n'
Message from arduino: b'Has not second level\r\n'
Message from arduino: b'Set level 3\r\n'
Message from arduino: b'Move to position 4\r\n'
Message from arduino: b'Set level 0\r\n'
Message from arduino: b'Move down\r\n'
Message from arduino: b'Move down\r\n'
Message from arduino: b'Move down\r\n'
Message from arduino: b'Take cube\r\n'
Message from arduino: b'Set level 2\r\n'
Message from arduino: b'Move up\r\n'
Message from arduino: b'Move up\r\n'
Message from arduino: b'Turn left\r\n'
Message from arduino: b'Set level 3\r\n'
Message from arduino: b'Move up\r\n'
Message from arduino: b'Calc level for moving from 4 to 0 with cube\r\n'
Message from arduino: b'Has second level\r\n'
Message from arduino: b'Calc level for moving from 4 to 0 with cube\r\n'
Message from arduino: b'Has second level\r\n'
Message from arduino: b'Set level 3\r\n'
Message from arduino: b'Move to position 0\r\n'
Message from arduino: b'Set level 0\r\n'
Message from arduino: b'Move down\r\n'
Message from arduino: b'Move down\r\n'
Message from arduino: b'Move down\r\n'
Message from arduino: b'Raise cube\r\n'
Message from arduino: b'Sklad:\r\n'
Message from arduino: b'000Y00\r\n'
Message from arduino: b'RNWGB0\r\n'
Message from arduino: b'Check for work\r\n'
Message from arduino: b'Cell 1 is invalid\r\n'
Message from arduino: b'Sklad:\r\n'
Message from arduino: b'000Y00\r\n'
Message from arduino: b'RNWGB0\r\n'
Message from arduino: b'Search for empty cells\r\n'
Message from arduino: b'Trying to fill cell 5\r\n'
Message from arduino: b'Move cube from 3:1 to 5:0\r\n'
Message from arduino: b'Calc level for moving from 0 to 3 without cube\r\n'
Message from arduino: b'Has second level\r\n'
Message from arduino: b'Calc level for moving from 0 to 3 without cube\r\n'
Message from arduino: b'Has second level\r\n'
Message from arduino: b'Set level 1\r\n'
Message from arduino: b'Move up\r\n'
Message from arduino: b'Move to position 3\r\n'
Message from arduino: b'Set level 1\r\n'
Message from arduino: b'Take cube\r\n'
Message from arduino: b'Set level 2\r\n'
Message from arduino: b'Move up\r\n'
Message from arduino: b'Turn right\r\n'
Message from arduino: b'Set level 3\r\n'
Message from arduino: b'Move up\r\n'
Message from arduino: b'Calc level for moving from 3 to 4 with cube\r\n'
Message from arduino: b'Has not second level\r\n'
Message from arduino: b'Set level 3\r\n'
Message from arduino: b'Move to position 4\r\n'
Message from arduino: b'Set level 0\r\n'
Message from arduino: b'Move down\r\n'
Message from arduino: b'Move down\r\n'
Message from arduino: b'Move down\r\n'
Message from arduino: b'Raise cube\r\n'
Message from arduino: b'Sklad:\r\n'
Message from arduino: b'000000\r\n'
Message from arduino: b'RNWGBY\r\n'
Message from arduino: b'Check for work\r\n'
Message from arduino: b'Cell 1 is invalid\r\n'
Message from arduino: b'Sklad:\r\n'
Message from arduino: b'000000\r\n'
Message from arduino: b'RNWGBY\r\n'
Message from arduino: b'Search for empty cells\r\n'
Message from arduino: b'Trying to free cell 1\r\n'
Message from arduino: b'Selected level is 0\r\n'
Message from arduino: b'Cell 2 is ball\r\n'
Message from arduino: b'Cell 4 has valid color\r\n'
Message from arduino: b'Cell 5 is ball\r\n'
Message from arduino: b'Allowed positions: 100100\r\n'
Message from arduino: b'Move cube from 1:0 to 0:1\r\n'
Message from arduino: b'Calc level for moving from 4 to 0 without cube\r\n'
Message from arduino: b'Has not second level\r\n'
Message from arduino: b'Calc level for moving from 4 to 0 without cube\r\n'
Message from arduino: b'Has not second level\r\n'
Message from arduino: b'Set level 0\r\n'
Message from arduino: b'Move to position 0\r\n'
Message from arduino: b'Set level 0\r\n'
Message from arduino: b'Take cube\r\n'
Message from arduino: b'Set level 2\r\n'
Message from arduino: b'Move up\r\n'
Message from arduino: b'Move up\r\n'
Message from arduino: b'Turn left\r\n'
Message from arduino: b'Set level 3\r\n'
Message from arduino: b'Move up\r\n'
Message from arduino: b'Calc level for moving from 0 to 0 with cube\r\n'
Message from arduino: b'Has not second level\r\n'
Message from arduino: b'Set level 3\r\n'
Message from arduino: b'Move to position 0\r\n'
Message from arduino: b'Set level 1\r\n'
Message from arduino: b'Move down\r\n'
Message from arduino: b'Move down\r\n'
Message from arduino: b'Raise cube\r\n'
Message from arduino: b'Sklad:\r\n'
Message from arduino: b'N00000\r\n'
Message from arduino: b'R0WGBY\r\n'
Message from arduino: b'Check for work\r\n'
Message from arduino: b'Cell 1 is invalid\r\n'
Message from arduino: b'Sklad:\r\n'
Message from arduino: b'N00000\r\n'
Message from arduino: b'R0WGBY\r\n'
Message from arduino: b'Search for empty cells\r\n'
Message from arduino: b'Trying to fill cell 1\r\n'
Message from arduino: b'Move cube from 4:0 to 1:0\r\n'
Message from arduino: b'Calc level for moving from 0 to 4 without cube\r\n'
Message from arduino: b'Has not second level\r\n'
Message from arduino: b'Set level 1\r\n'
Message from arduino: b'Move to position 4\r\n'
Message from arduino: b'Set level 0\r\n'
Message from arduino: b'Move down\r\n'
Message from arduino: b'Take cube\r\n'
Message from arduino: b'Set level 2\r\n'
Message from arduino: b'Move up\r\n'
Message from arduino: b'Move up\r\n'
Message from arduino: b'Calc level for moving from 4 to 1 with cube\r\n'
Message from arduino: b'Has not second level\r\n'
Message from arduino: b'Calc level for moving from 4 to 1 with cube\r\n'
Message from arduino: b'Has not second level\r\n'
Message from arduino: b'Set level 2\r\n'
Message from arduino: b'Move to position 1\r\n'
Message from arduino: b'Set level 0\r\n'
Message from arduino: b'Move down\r\n'
Message from arduino: b'Move down\r\n'
Message from arduino: b'Raise cube\r\n'
Message from arduino: b'Sklad:\r\n'
Message from arduino: b'N00000\r\n'
Message from arduino: b'RBWG0Y\r\n'
Message from arduino: b'Check for work\r\n'
Message from arduino: b'Cell 4 is invalid\r\n'
Message from arduino: b'Sklad:\r\n'
Message from arduino: b'N00000\r\n'
Message from arduino: b'RBWG0Y\r\n'
Message from arduino: b'Search for empty cells\r\n'
Message from arduino: b'Trying to fill cell 4\r\n'
Message from arduino: b'Move cube from 0:1 to 4:0\r\n'
Message from arduino: b'Set level 2\r\n'
Message from arduino: b'Move up\r\n'
Message from arduino: b'Move up\r\n'
Message from arduino: b'Hello from Robot!\r\n'
Message from arduino: b'Raise cube\r\n'
Message from arduino: b'Move home\r\n'
Message from arduino: b'Raise cube\r\n'
Message from arduino: b'Waiting...\r\n'
Message from arduino: b'Waiting...\r\n'
Message from arduino: b'Waiting...\r\n'
Message from arduino: b'Waiting...\r\n'
Message from arduino: b'Waiting...\r\n'
Message from arduino: b'Waiting...\r\n'
Message from arduino: b'Waiting...\r\n'
Message from arduino: b'Waiting...\r\n'
Message from arduino: b'Waiting...\r\n'
Message from arduino: b'Waiting...\r\n'
Message from arduino: b'Waiting...\r\n'
Message from arduino: b'Waiting...\r\n'
Message from arduino: b'Waiting...\r\n'
Message from arduino: b'Waiting...\r\n'
Message from arduino: b'Waiting...\r\n'
Message from arduino: b'Move down\r\n'
Message from arduino: b'Waiting...\r\n'
Message from arduino: b'Waiting...\r\n'
Message from arduino: b'Move down\r\n'
Message from arduino: b'Waiting...\r\n'
Message from arduino: b'Waiting...\r\n'
Message from arduino: b'Waiting...\r\n'
Message from arduino: b'Waiting...\r\n'
Message from arduino: b'Move up\r\n'
Message from arduino: b'Waiting...\r\n'
Message from arduino: b'Waiting...\r\n'
Message from arduino: b'Move up\r\n'
Message from arduino: b'Waiting...\r\n'
Message from arduino: b'Waiting...\r\n'
Message from arduino: b'Move up\r\n'
Message from arduino: b'Waiting...\r\n'
Message from arduino: b'Waiting...\r\n'
Message from arduino: b'Waiting...\r\n'
Message from arduino: b'Waiting...\r\n'
Message from arduino: b'Waiting...\r\n'
Message from arduino: b'Waiting...\r\n'
Message from arduino: b'Waiting...\r\n'
Message from arduino: b'Waiting...\r\n'
Message from arduino: b'Waiting...\r\n'
Message from arduino: b'Waiting...\r\n'
Message from arduino: b'Waiting...\r\n'
Message from arduino: b'Waiting...\r\n'
Message from arduino: b'Waiting...\r\n'
Message from arduino: b'Waiting...\r\n'
Message from arduino: b'Waiting...\r\n'
Message from arduino: b'Waiting...\r\n'
Message from arduino: b'Waiting...\r\n'
Message from arduino: b'Waiting...\r\n'
Message from arduino: b'Waiting...\r\n'
Message from arduino: b'Waiting...\r\n'
Message from arduino: b'Waiting...\r\n'
Message from arduino: b'Waiting...\r\n'
Message from arduino: b'Waiting...\r\n'
Message from arduino: b'Waiting...\r\n'
Message from arduino: b'Waiting...\r\n'
Message from arduino: b'Waiting...\r\n'
Message from arduino: b'Waiting...\r\n'
Message from arduino: b'Waiting...\r\n'
Message from arduino: b'Waiting...\r\n'
Message from arduino: b'Waiting...\r\n'
Message from arduino: b'Waiting...\r\n'
Message from arduino: b'Waiting...\r\n'
Message from arduino: b'Waiting...\r\n'
Message from arduino: b'Waiting...\r\n'
Message from arduino: b'Waiting...\r\n'
Message from arduino: b'Waiting...\r\n'
Message from arduino: b'Waiting...\r\n'
Message from arduino: b'Waiting...\r\n'
Message from arduino: b'Waiting...\r\n'
Message from arduino: b'Waiting...\r\n'
Message from arduino: b'Waiting...\r\n'
Message from arduino: b'Waiting...\r\n'
Message from arduino: b'Waiting...\r\n'
Message from arduino: b'Waiting...\r\n'
Message from arduino: b'Waiting...\r\n'
Message from arduino: b'Waiting...\r\n'
Message from arduino: b'Waiting...\r\n'
Message from arduino: b'Waiting...\r\n'
Message from arduino: b'Waiting...\r\n'
Message from arduino: b'Waiting...\r\n'
Message from arduino: b'Waiting...\r\n'
Message from arduino: b'Waiting...\r\n'
Message from arduino: b'Waiting...\r\n'
Message from arduino: b'Waiting...\r\n'
Message from arduino: b'Waiting...\r\n'
Message from arduino: b'Waiting...\r\n'
Message from arduino: b'Move down\r\n'
Message from arduino: b'Waiting...\r\n'
Message from arduino: b'Waiting...\r\n'
Message from arduino: b'Move down\r\n'
Message from arduino: b'Waiting...\r\n'
Message from arduino: b'Move down\r\n'
Message from arduino: b'Waiting...\r\n'
Message from arduino: b'Waiting...\r\n'
Message from arduino: b'Waiting...\r\n'
Message from arduino: b'Waiting...\r\n'
Message from arduino: b'Waiting...\r\n'
Message from arduino: b'Move up\r\n'
Message from arduino: b'Waiting...\r\n'
Message from arduino: b'Move up\r\n'
Message from arduino: b'Waiting...\r\n'
Message from arduino: b'Waiting...\r\n'
Message from arduino: b'Move up\r\n'
Message from arduino: b'Waiting...\r\n'
Message from arduino: b'Waiting...\r\n'
Message from arduino: b'Move up\r\n'
Message from arduino: b'Waiting...\r\n'
Message from arduino: b'Move down\r\n'
Message from arduino: b'Waiting...\r\n'
Message from arduino: b'Move down\r\n'
Message from arduino: b'Waiting...\r\n'
Message from arduino: b'Move down\r\n'
Message from arduino: b'Waiting...\r\n'
Message from arduino: b'Move down\r\n'
Message from arduino: b'Waiting...\r\n'
Message from arduino: b'Waiting...\r\n'
Message from arduino: b'Waiting...\r\n'
Message from arduino: b'Move up\r\n'
Message from arduino: b'Waiting...\r\n'
Message from arduino: b'Waiting...\r\n'
Message from arduino: b'Move up\r\n'
Message from arduino: b'Waiting...\r\n'
Message from arduino: b'Waiting...\r\n'
Message from arduino: b'Move up\r\n'
Message from arduino: b'Waiting...\r\n'
Message from arduino: b'Waiting...\r\n'
Message from arduino: b'Move up\r\n'
Message from arduino: b'Waiting...\r\n'
Message from arduino: b'Waiting...\r\n'
Message from arduino: b'Move up\r\n'
Message from arduino: b'Waiting...\r\n'
Message from arduino: b'Waiting...\r\n'
Message from arduino: b'Move up\r\n'
Message from arduino: b'Waiting...\r\n'
Message from arduino: b'Waiting...\r\n'
Message from arduino: b'Waiting...\r\n'
Message from arduino: b'Move down\r\n'
Message from arduino: b'Waiting...\r\n'
Message from arduino: b'Move down\r\n'
Message from arduino: b'Waiting...\r\n'
Message from arduino: b'Move down\r\n'
Message from arduino: b'Waiting...\r\n'
Message from arduino: b'Waiting...\r\n'
Message from arduino: b'Waiting...\r\n'
Message from arduino: b'Waiting...\r\n'
Message from arduino: b'Waiting...\r\n'
Message from arduino: b'Waiting...\r\n'
Message from arduino: b'Set level 3\r\n'
Message from arduino: b'Move up\r\n'
Message from arduino: b'Move up\r\n'
Message from arduino: b'Move up\r\n'
Message from arduino: b'GO!\r\n'
Detecting colors
['SMALL', 0, 'R', 2022]
['SMALL', 1, 'R', 0]
['SMALL', 2, 'R', 0]
['SMALL', 3, 'R', 0]
['SMALL', 4, 'R', 0]
['SMALL', 5, 'R', 0]
['LARGE', 0, 'R', 4909]
['LARGE', 1, 'R', 975]
['LARGE', 2, 'R', 1113]
['LARGE', 3, 'R', 975]
['LARGE', 4, 'R', 975]
['LARGE', 5, 'R', 9521]
['SMALL', 0, 'G', 475]
['SMALL', 1, 'G', 479]
['SMALL', 2, 'G', 475]
['SMALL', 3, 'G', 2500]
['SMALL', 4, 'G', 1124]
['SMALL', 5, 'G', 475]
['LARGE', 0, 'G', 0]
['LARGE', 1, 'G', 1]
['LARGE', 2, 'G', 386]
['LARGE', 3, 'G', 6846]
['LARGE', 4, 'G', 2]
['LARGE', 5, 'G', 0]
['SMALL', 0, 'B', 0]
['SMALL', 1, 'B', 1983]
['SMALL', 2, 'B', 0]
['SMALL', 3, 'B', 1]
['SMALL', 4, 'B', 0]
['SMALL', 5, 'B', 0]
['LARGE', 0, 'B', 0]
['LARGE', 1, 'B', 0]
['LARGE', 2, 'B', 87]
['LARGE', 3, 'B', 0]
['LARGE', 4, 'B', 7128]
['LARGE', 5, 'B', 0]
['SMALL', 0, 'W', 0]
['SMALL', 1, 'W', 0]
['SMALL', 2, 'W', 1987]
['SMALL', 3, 'W', 0]
['SMALL', 4, 'W', 0]
['SMALL', 5, 'W', 0]
['LARGE', 0, 'W', 5]
['LARGE', 1, 'W', 0]
['LARGE', 2, 'W', 6898]
['LARGE', 3, 'W', 0]
['LARGE', 4, 'W', 0]
['LARGE', 5, 'W', 0]
['SMALL', 0, 'Y', 0]
['SMALL', 1, 'Y', 0]
['SMALL', 2, 'Y', 0]
['SMALL', 3, 'Y', 0]
['SMALL', 4, 'Y', 0]
['SMALL', 5, 'Y', 2023]
['LARGE', 0, 'Y', 5087]
['LARGE', 1, 'Y', 0]
['LARGE', 2, 'Y', 105]
['LARGE', 3, 'Y', 0]
['LARGE', 4, 'Y', 0]
['LARGE', 5, 'Y', 0]
Shablon
['R', 'B', 'W', 'G', 'N', 'Y']
Sklad
['Y', 'N', 'W', 'G', 'B', 'R']
Waiting data from arduino...
Message from arduino: b'Check for work\r\n'
Message from arduino: b'Cell 0 is invalid\r\n'
Message from arduino: b'Sklad:\r\n'
Message from arduino: b'000000\r\n'
Message from arduino: b'YNWGBR\r\n'
Message from arduino: b'Search for empty cells\r\n'
Message from arduino: b'Trying to free cell 0\r\n'
Message from arduino: b'Selected level is 0\r\n'
Message from arduino: b'Cell 0 is ball\r\n'
Message from arduino: b'Cell 2 disabled (dop. zadanie)\r\n'
Message from arduino: b'Cell 2 is ball\r\n'
Message from arduino: b'Cell 5 disabled (dop. zadanie)\r\n'
Message from arduino: b'Cell 5 has valid color\r\n'
Message from arduino: b'Allowed positions: 010110\r\n'
Message from arduino: b'Move cube from 0:0 to 1:1\r\n'
Message from arduino: b'Set level 3\r\n'
Message from arduino: b'Calc level for moving from 4 to 0 without cube\r\n'
Message from arduino: b'Has not second level\r\n'
Message from arduino: b'Set level 3\r\n'
Message from arduino: b'Move to position 0\r\n'
Message from arduino: b'Set level 0\r\n'
Message from arduino: b'Move down\r\n'
Message from arduino: b'Move down\r\n'
Message from arduino: b'Move down\r\n'
Message from arduino: b'Take cube\r\n'
Message from arduino: b'Calc level for moving from 0 to 1 with cube\r\n'
Message from arduino: b'Has not second level\r\n'
Message from arduino: b'Calc level for moving from 0 to 1 with cube\r\n'
Message from arduino: b'Has not second level\r\n'
Message from arduino: b'Set level 2\r\n'
Message from arduino: b'Move up\r\n'
Message from arduino: b'Move up\r\n'
Message from arduino: b'Move to position 1\r\n'
Message from arduino: b'Set level 1\r\n'
Message from arduino: b'Move down\r\n'
Message from arduino: b'Raise cube\r\n'
Message from arduino: b'Sklad:\r\n'
Message from arduino: b'0Y0000\r\n'
Message from arduino: b'0NWGBR\r\n'
Message from arduino: b'Check for work\r\n'
Message from arduino: b'Cell 0 is invalid\r\n'
Message from arduino: b'Sklad:\r\n'
Message from arduino: b'0Y0000\r\n'
Message from arduino: b'0NWGBR\r\n'
Message from arduino: b'Search for empty cells\r\n'
Message from arduino: b'Trying to fill cell 0\r\n'
Message from arduino: b'Cell is disabled (bashnya)\r\n'
Message from arduino: b'Trying to free cell 1\r\n'
Message from arduino: b'Selected level is 1\r\n'
Message from arduino: b'Cell 0 disabled (bashnya)\r\n'
Message from arduino: b'Cell 1 has second level\r\n'
Message from arduino: b'Cell 2 disabled (dop. zadanie)\r\n'
Message from arduino: b'Cell 2 is ball\r\n'
Message from arduino: b'Cell 4 has valid color\r\n'
Message from arduino: b'Cell 5 disabled (dop. zadanie)\r\n'
Message from arduino: b'Allowed positions: 000100\r\n'
Message from arduino: b'Move cube from 1:1 to 3:1\r\n'
Message from arduino: b'Calc level for moving from 1 to 1 without cube\r\n'
Message from arduino: b'Has not second level\r\n'
Message from arduino: b'Set level 1\r\n'
Message from arduino: b'Move to position 1\r\n'
Message from arduino: b'Set level 1\r\n'
Message from arduino: b'Take cube\r\n'
Message from arduino: b'Calc level for moving from 1 to 3 with cube\r\n'
Message from arduino: b'Has not second level\r\n'
Message from arduino: b'Calc level for moving from 1 to 3 with cube\r\n'
Message from arduino: b'Has not second level\r\n'
Message from arduino: b'Set level 2\r\n'
Message from arduino: b'Move up\r\n'
Message from arduino: b'Move to position 3\r\n'
Message from arduino: b'Set level 1\r\n'
Message from arduino: b'Move down\r\n'
Message from arduino: b'Raise cube\r\n'
Message from arduino: b'Sklad:\r\n'
Message from arduino: b'000Y00\r\n'
Message from arduino: b'0NWGBR\r\n'
Message from arduino: b'Check for work\r\n'
Message from arduino: b'Cell 0 is invalid\r\n'
Message from arduino: b'Sklad:\r\n'
Message from arduino: b'000Y00\r\n'
Message from arduino: b'0NWGBR\r\n'
Message from arduino: b'Search for empty cells\r\n'
Message from arduino: b'Trying to fill cell 0\r\n'
Message from arduino: b'Move cube from 5:0 to 0:0\r\n'
Message from arduino: b'Set level 2\r\n'
Message from arduino: b'Move up\r\n'
Message from arduino: b'Turn right\r\n'
Message from arduino: b'Set level 3\r\n'
Message from arduino: b'Move up\r\n'
Message from arduino: b'Calc level for moving from 3 to 4 without cube\r\n'
Message from arduino: b'Has not second level\r\n'
Message from arduino: b'Set level 3\r\n'
Message from arduino: b'Move to position 4\r\n'
Message from arduino: b'Set level 0\r\n'
Message from arduino: b'Move down\r\n'
Message from arduino: b'Move down\r\n'
Message from arduino: b'Move down\r\n'
Message from arduino: b'Take cube\r\n'
Message from arduino: b'Set level 2\r\n'
Message from arduino: b'Move up\r\n'
Message from arduino: b'Move up\r\n'
Message from arduino: b'Turn left\r\n'
Message from arduino: b'Set level 3\r\n'
Message from arduino: b'Move up\r\n'
Message from arduino: b'Calc level for moving from 4 to 0 with cube\r\n'
Message from arduino: b'Has second level\r\n'
Message from arduino: b'Calc level for moving from 4 to 0 with cube\r\n'
Message from arduino: b'Has second level\r\n'
Message from arduino: b'Set level 3\r\n'
Message from arduino: b'Move to position 0\r\n'
Message from arduino: b'Set level 0\r\n'
Message from arduino: b'Move down\r\n'
Message from arduino: b'Move down\r\n'
Message from arduino: b'Move down\r\n'
Message from arduino: b'Raise cube\r\n'
Message from arduino: b'Sklad:\r\n'
Message from arduino: b'000Y00\r\n'
Message from arduino: b'RNWGB0\r\n'
Message from arduino: b'Check for work\r\n'
Message from arduino: b'Cell 1 is invalid\r\n'
Message from arduino: b'Sklad:\r\n'
Message from arduino: b'000Y00\r\n'
Message from arduino: b'RNWGB0\r\n'
Message from arduino: b'Search for empty cells\r\n'
Message from arduino: b'Trying to fill cell 5\r\n'
Message from arduino: b'Move cube from 3:1 to 5:0\r\n'
Message from arduino: b'Calc level for moving from 0 to 3 without cube\r\n'
Message from arduino: b'Has second level\r\n'
Message from arduino: b'Calc level for moving from 0 to 3 without cube\r\n'
Message from arduino: b'Has second level\r\n'
Message from arduino: b'Set level 1\r\n'
Message from arduino: b'Move up\r\n'
Message from arduino: b'Move to position 3\r\n'
Message from arduino: b'Set level 1\r\n'
Message from arduino: b'Take cube\r\n'
Message from arduino: b'Set level 2\r\n'
Message from arduino: b'Move up\r\n'
Message from arduino: b'Turn right\r\n'
Message from arduino: b'Set level 3\r\n'
Message from arduino: b'Move up\r\n'
Message from arduino: b'Calc level for moving from 3 to 4 with cube\r\n'
Message from arduino: b'Has not second level\r\n'
Message from arduino: b'Set level 3\r\n'
Message from arduino: b'Move to position 4\r\n'
Message from arduino: b'Set level 0\r\n'
Message from arduino: b'Move down\r\n'
Message from arduino: b'Move down\r\n'
Message from arduino: b'Move down\r\n'
Message from arduino: b'Raise cube\r\n'
Message from arduino: b'Sklad:\r\n'
Message from arduino: b'000000\r\n'
Message from arduino: b'RNWGBY\r\n'
Message from arduino: b'Check for work\r\n'
Message from arduino: b'Cell 1 is invalid\r\n'
Message from arduino: b'Sklad:\r\n'
Message from arduino: b'000000\r\n'
Message from arduino: b'RNWGBY\r\n'
Message from arduino: b'Search for empty cells\r\n'
Message from arduino: b'Trying to free cell 1\r\n'
Message from arduino: b'Selected level is 0\r\n'
Message from arduino: b'Cell 2 is ball\r\n'
Message from arduino: b'Cell 4 has valid color\r\n'
Message from arduino: b'Cell 5 is ball\r\n'
Message from arduino: b'Allowed positions: 100100\r\n'
Message from arduino: b'Move cube from 1:0 to 0:1\r\n'
Message from arduino: b'Calc level for moving from 4 to 0 without cube\r\n'
Message from arduino: b'Has not second level\r\n'
Message from arduino: b'Calc level for moving from 4 to 0 without cube\r\n'
Message from arduino: b'Has not second level\r\n'
Message from arduino: b'Set level 0\r\n'
Message from arduino: b'Move to position 0\r\n'
Message from arduino: b'Set level 0\r\n'
Message from arduino: b'Take cube\r\n'
Message from arduino: b'Set level 2\r\n'
Message from arduino: b'Move up\r\n'
Message from arduino: b'Move up\r\n'
Message from arduino: b'Turn left\r\n'
Message from arduino: b'Set level 3\r\n'
Message from arduino: b'Move up\r\n'
Message from arduino: b'Calc level for moving from 0 to 0 with cube\r\n'
Message from arduino: b'Has not second level\r\n'
Message from arduino: b'Set level 3\r\n'
Message from arduino: b'Move to position 0\r\n'
Message from arduino: b'Set level 1\r\n'
Message from arduino: b'Move down\r\n'
Message from arduino: b'Move down\r\n'
Message from arduino: b'Raise cube\r\n'
Message from arduino: b'Sklad:\r\n'
Message from arduino: b'N00000\r\n'
Message from arduino: b'R0WGBY\r\n'
Message from arduino: b'Check for work\r\n'
Message from arduino: b'Cell 1 is invalid\r\n'
Message from arduino: b'Sklad:\r\n'
Message from arduino: b'N00000\r\n'
Message from arduino: b'R0WGBY\r\n'
Message from arduino: b'Search for empty cells\r\n'
Message from arduino: b'Trying to fill cell 1\r\n'
Message from arduino: b'Move cube from 4:0 to 1:0\r\n'
Message from arduino: b'Calc level for moving from 0 to 4 without cube\r\n'
Message from arduino: b'Has not second level\r\n'
Message from arduino: b'Set level 1\r\n'
Message from arduino: b'Move to position 4\r\n'
Message from arduino: b'Set level 0\r\n'
Message from arduino: b'Move down\r\n'
Message from arduino: b'Take cube\r\n'
Message from arduino: b'Set level 2\r\n'
Message from arduino: b'Move up\r\n'
Message from arduino: b'Move up\r\n'
Message from arduino: b'Calc level for moving from 4 to 1 with cube\r\n'
Message from arduino: b'Has not second level\r\n'
Message from arduino: b'Calc level for moving from 4 to 1 with cube\r\n'
Message from arduino: b'Has not second level\r\n'
Message from arduino: b'Set level 2\r\n'
Message from arduino: b'Move to position 1\r\n'
Message from arduino: b'Set level 0\r\n'
Message from arduino: b'Move down\r\n'
Message from arduino: b'Move down\r\n'
Message from arduino: b'Raise cube\r\n'
Message from arduino: b'Sklad:\r\n'
Message from arduino: b'N00000\r\n'
Message from arduino: b'RBWG0Y\r\n'
Message from arduino: b'Check for work\r\n'
Message from arduino: b'Cell 4 is invalid\r\n'
Message from arduino: b'Sklad:\r\n'
Message from arduino: b'N00000\r\n'
Message from arduino: b'RBWG0Y\r\n'
Message from arduino: b'Search for empty cells\r\n'
Message from arduino: b'Trying to fill cell 4\r\n'
Message from arduino: b'Move cube from 0:1 to 4:0\r\n'
Message from arduino: b'Set level 2\r\n'
Message from arduino: b'Move up\r\n'
Message from arduino: b'Move up\r\n'
Message from arduino: b'Calc level for moving from 1 to 0 without cube\r\n'
Message from arduino: b'Has not second level\r\n'
Message from arduino: b'Set level 2\r\n'
Message from arduino: b'Move to position 0\r\n'
Message from arduino: b'Set level 1\r\n'
Message from arduino: b'Move down\r\n'
Message from arduino: b'Take cube\r\n'
Message from arduino: b'Calc level for moving from 0 to 4 with cube\r\n'
Message from arduino: b'Has not second level\r\n'
Message from arduino: b'Calc level for moving from 0 to 4 with cube\r\n'
Message from arduino: b'Has not second level\r\n'
Message from arduino: b'Set level 2\r\n'
Message from arduino: b'Move up\r\n'
Message from arduino: b'Move to position 4\r\n'
Message from arduino: b'Set level 0\r\n'
Message from arduino: b'Move down\r\n'
Message from arduino: b'Move down\r\n'
Message from arduino: b'Raise cube\r\n'
Message from arduino: b'Sklad:\r\n'
Message from arduino: b'000000\r\n'
Message from arduino: b'RBWGNY\r\n'
Message from arduino: b'Check for work\r\n'
Message from arduino: b'All OK!\r\n'
Message from arduino: b'Set level 0\r\n'
Message from arduino: b'Done!\r\n'
Message from arduino: b'38 sec.\r\n'
Message from arduino: b'Move home\r\n'
Message from arduino: b'Raise cube\r\n'
Message from arduino: b'Waiting...\r\n'
Message from arduino: b'Waiting...\r\n'
Message from arduino: b'Waiting...\r\n'
Message from arduino: b'Waiting...\r\n'
Message from arduino: b'Waiting...\r\n'
Message from arduino: b'Waiting...\r\n'
Message from arduino: b'Waiting...\r\n'
Message from arduino: b'Waiting...\r\n'
Message from arduino: b'Waiting...\r\n'
Message from arduino: b'Waiting...\r\n'
Message from arduino: b'Waiting...\r\n'
Message from arduino: b'Waiting...\r\n'
Message from arduino: b'Waiting...\r\n'
Message from arduino: b'Waiting...\r\n'
Message from arduino: b'Waiting...\r\n'
Message from arduino: b'Waiting...\r\n'
Message from arduino: b'Waiting...\r\n'
Message from arduino: b'Waiting...\r\n'
Message from arduino: b'Waiting...\r\n'
Message from arduino: b'Waiting...\r\n'
Message from arduino: b'Waiting...\r\n'
Message from arduino: b'Waiting...\r\n'
Message from arduino: b'Waiting...\r\n'
Message from arduino: b'Set level 3\r\n'
Message from arduino: b'Move up\r\n'
Message from arduino: b'Move up\r\n'
Message from arduino: b'Move up\r\n'
Message from arduino: b'GO!\r\n'
Detecting colors
['SMALL', 0, 'R', 0]
['SMALL', 1, 'R', 34]
['SMALL', 2, 'R', 0]
['SMALL', 3, 'R', 0]
['SMALL', 4, 'R', 0]
['SMALL', 5, 'R', 2010]
['LARGE', 0, 'R', 8361]
['LARGE', 1, 'R', 975]
['LARGE', 2, 'R', 1097]
['LARGE', 3, 'R', 975]
['LARGE', 4, 'R', 975]
['LARGE', 5, 'R', 1913]
['SMALL', 0, 'G', 475]
['SMALL', 1, 'G', 675]
['SMALL', 2, 'G', 2500]
['SMALL', 3, 'G', 475]
['SMALL', 4, 'G', 489]
['SMALL', 5, 'G', 475]
['LARGE', 0, 'G', 0]
['LARGE', 1, 'G', 2]
['LARGE', 2, 'G', 365]
['LARGE', 3, 'G', 6983]
['LARGE', 4, 'G', 0]
['LARGE', 5, 'G', 69]
['SMALL', 0, 'B', 0]
['SMALL', 1, 'B', 2]
['SMALL', 2, 'B', 0]
['SMALL', 3, 'B', 0]
['SMALL', 4, 'B', 1977]
['SMALL', 5, 'B', 0]
['LARGE', 0, 'B', 0]
['LARGE', 1, 'B', 5564]
['LARGE', 2, 'B', 69]
['LARGE', 3, 'B', 0]
['LARGE', 4, 'B', 0]
['LARGE', 5, 'B', 0]
['SMALL', 0, 'W', 0]
['SMALL', 1, 'W', 0]
['SMALL', 2, 'W', 0]
['SMALL', 3, 'W', 1985]
['SMALL', 4, 'W', 0]
['SMALL', 5, 'W', 0]
['LARGE', 0, 'W', 0]
['LARGE', 1, 'W', 0]
['LARGE', 2, 'W', 7471]
['LARGE', 3, 'W', 0]
['LARGE', 4, 'W', 0]
['LARGE', 5, 'W', 50]
['SMALL', 0, 'Y', 2025]
['SMALL', 1, 'Y', 0]
['SMALL', 2, 'Y', 0]
['SMALL', 3, 'Y', 0]
['SMALL', 4, 'Y', 0]
['SMALL', 5, 'Y', 0]
['LARGE', 0, 'Y', 5]
['LARGE', 1, 'Y', 0]
['LARGE', 2, 'Y', 116]
['LARGE', 3, 'Y', 0]
['LARGE', 4, 'Y', 0]
['LARGE', 5, 'Y', 7577]
Shablon
['Y', 'N', 'G', 'W', 'B', 'R']
Sklad
['R', 'B', 'W', 'G', 'N', 'Y']
Waiting data from arduino...
Message from arduino: b'Check for work\r\n'
Message from arduino: b'Cell 0 is invalid\r\n'
Message from arduino: b'Sklad:\r\n'
Message from arduino: b'000000\r\n'
Message from arduino: b'RBWGNY\r\n'
Message from arduino: b'Search for empty cells\r\n'
Message from arduino: b'Trying to free cell 0\r\n'
Message from arduino: b'Selected level is 0\r\n'
Message from arduino: b'Cell 2 is ball\r\n'
Message from arduino: b'Cell 5 is ball\r\n'
Message from arduino: b'Cell 5 has valid color\r\n'
Message from arduino: b'Allowed positions: 010110\r\n'
Message from arduino: b'Move cube from 0:0 to 1:1\r\n'
Message from arduino: b'Set level 3\r\n'
Message from arduino: b'Calc level for moving from 4 to 0 without cube\r\n'
Message from arduino: b'Has not second level\r\n'
Message from arduino: b'Set level 3\r\n'
Message from arduino: b'Move to position 0\r\n'
Message from arduino: b'Set level 0\r\n'
Message from arduino: b'Move down\r\n'
Message from arduino: b'Move down\r\n'
Message from arduino: b'Move down\r\n'
Message from arduino: b'Take cube\r\n'
Message from arduino: b'Calc level for moving from 0 to 1 with cube\r\n'
Message from arduino: b'Has not second level\r\n'
Message from arduino: b'Calc level for moving from 0 to 1 with cube\r\n'
Message from arduino: b'Has not second level\r\n'
Message from arduino: b'Set level 2\r\n'
Message from arduino: b'Move up\r\n'
Message from arduino: b'Move up\r\n'
Message from arduino: b'Move to position 1\r\n'
Message from arduino: b'Set level 1\r\n'
Message from arduino: b'Move down\r\n'
Message from arduino: b'Raise cube\r\n'
Message from arduino: b'Sklad:\r\n'
Message from arduino: b'0R0000\r\n'
Message from arduino: b'0BWGNY\r\n'
Message from arduino: b'Check for work\r\n'
Message from arduino: b'Cell 0 is invalid\r\n'
Message from arduino: b'Sklad:\r\n'
Message from arduino: b'0R0000\r\n'
Message from arduino: b'0BWGNY\r\n'
Message from arduino: b'Search for empty cells\r\n'
Message from arduino: b'Trying to fill cell 0\r\n'
Message from arduino: b'Cell is disabled (bashnya)\r\n'
Message from arduino: b'Trying to free cell 1\r\n'
Message from arduino: b'Selected level is 1\r\n'
Message from arduino: b'Cell 0 disabled (bashnya)\r\n'
Message from arduino: b'Cell 1 has second level\r\n'
Message from arduino: b'Cell 2 is ball\r\n'
Message from arduino: b'Cell 4 has valid color\r\n'
Message from arduino: b'Cell 5 is ball\r\n'
Message from arduino: b'Allowed positions: 000100\r\n'
Message from arduino: b'Move cube from 1:1 to 3:1\r\n'
Message from arduino: b'Calc level for moving from 1 to 1 without cube\r\n'
Message from arduino: b'Has not second level\r\n'
Message from arduino: b'Set level 1\r\n'
Message from arduino: b'Move to position 1\r\n'
Message from arduino: b'Set level 1\r\n'
Message from arduino: b'Take cube\r\n'
Message from arduino: b'Calc level for moving from 1 to 3 with cube\r\n'
Message from arduino: b'Has not second level\r\n'
Message from arduino: b'Calc level for moving from 1 to 3 with cube\r\n'
Message from arduino: b'Has not second level\r\n'
Message from arduino: b'Set level 2\r\n'
Message from arduino: b'Move up\r\n'
Message from arduino: b'Move to position 3\r\n'
Message from arduino: b'Set level 1\r\n'
Message from arduino: b'Move down\r\n'
Message from arduino: b'Raise cube\r\n'
Message from arduino: b'Sklad:\r\n'
Message from arduino: b'000R00\r\n'
Message from arduino: b'0BWGNY\r\n'
Message from arduino: b'Check for work\r\n'
Message from arduino: b'Cell 0 is invalid\r\n'
Message from arduino: b'Sklad:\r\n'
Message from arduino: b'000R00\r\n'
Message from arduino: b'0BWGNY\r\n'
Message from arduino: b'Search for empty cells\r\n'
Message from arduino: b'Trying to fill cell 0\r\n'
Message from arduino: b'Move cube from 5:0 to 0:0\r\n'
Message from arduino: b'Set level 2\r\n'
Message from arduino: b'Move up\r\n'
Message from arduino: b'Turn right\r\n'
Message from arduino: b'Set level 3\r\n'
Message from arduino: b'Move up\r\n'
Message from arduino: b'Calc level for moving from 3 to 4 without cube\r\n'
Message from arduino: b'Has not second level\r\n'
Message from arduino: b'Set level 3\r\n'
Message from arduino: b'Move to position 4\r\n'
Message from arduino: b'Set level 0\r\n'
Message from arduino: b'Move down\r\n'
Message from arduino: b'Move down\r\n'
Message from arduino: b'Move down\r\n'
Message from arduino: b'Take cube\r\n'
Message from arduino: b'Set level 2\r\n'
Message from arduino: b'Move up\r\n'
Message from arduino: b'Move up\r\n'
Message from arduino: b'Turn left\r\n'
Message from arduino: b'Set level 3\r\n'
Message from arduino: b'Move up\r\n'
Message from arduino: b'Calc level for moving from 4 to 0 with cube\r\n'
Message from arduino: b'Has second level\r\n'
Message from arduino: b'Calc level for moving from 4 to 0 with cube\r\n'
Message from arduino: b'Has second level\r\n'
Message from arduino: b'Set level 3\r\n'
Message from arduino: b'Move to position 0\r\n'
Message from arduino: b'Set level 0\r\n'
Message from arduino: b'Move down\r\n'
Message from arduino: b'Move down\r\n'
Message from arduino: b'Move down\r\n'
Message from arduino: b'Raise cube\r\n'
Message from arduino: b'Sklad:\r\n'
Message from arduino: b'000R00\r\n'
Message from arduino: b'YBWGN0\r\n'
Message from arduino: b'Check for work\r\n'
Message from arduino: b'Cell 1 is invalid\r\n'
Message from arduino: b'Sklad:\r\n'
Message from arduino: b'000R00\r\n'
Message from arduino: b'YBWGN0\r\n'
Message from arduino: b'Search for empty cells\r\n'
Message from arduino: b'Trying to fill cell 5\r\n'
Message from arduino: b'Move cube from 3:1 to 5:0\r\n'
Message from arduino: b'Calc level for moving from 0 to 3 without cube\r\n'
Message from arduino: b'Has second level\r\n'
Message from arduino: b'Calc level for moving from 0 to 3 without cube\r\n'
Message from arduino: b'Has second level\r\n'
Message from arduino: b'Set level 1\r\n'
Message from arduino: b'Move up\r\n'
Message from arduino: b'Move to position 3\r\n'
Message from arduino: b'Set level 1\r\n'
Message from arduino: b'Take cube\r\n'
Message from arduino: b'Set level 2\r\n'
Message from arduino: b'Move up\r\n'
Message from arduino: b'Turn right\r\n'
Message from arduino: b'Set level 3\r\n'
Message from arduino: b'Move up\r\n'
Message from arduino: b'Calc level for moving from 3 to 4 with cube\r\n'
Message from arduino: b'Has not second level\r\n'
Message from arduino: b'Set level 3\r\n'
Message from arduino: b'Move to position 4\r\n'
Message from arduino: b'Set level 0\r\n'
Message from arduino: b'Move down\r\n'
Message from arduino: b'Move down\r\n'
Message from arduino: b'Move down\r\n'
Message from arduino: b'Raise cube\r\n'
Message from arduino: b'Sklad:\r\n'
Message from arduino: b'000000\r\n'
Message from arduino: b'YBWGNR\r\n'
Message from arduino: b'Check for work\r\n'
Message from arduino: b'Cell 1 is invalid\r\n'
Message from arduino: b'Sklad:\r\n'
Message from arduino: b'000000\r\n'
Message from arduino: b'YBWGNR\r\n'
Message from arduino: b'Search for empty cells\r\n'
Message from arduino: b'Trying to free cell 1\r\n'
Message from arduino: b'Selected level is 0\r\n'
Message from arduino: b'Cell 0 is ball\r\n'
Message from arduino: b'Cell 2 is ball\r\n'
Message from arduino: b'Cell 4 has valid color\r\n'
Message from arduino: b'Allowed positions: 000101\r\n'
Message from arduino: b'Move cube from 1:0 to 3:1\r\n'
Message from arduino: b'Calc level for moving from 4 to 0 without cube\r\n'
Message from arduino: b'Has not second level\r\n'
Message from arduino: b'Calc level for moving from 4 to 0 without cube\r\n'
Message from arduino: b'Has not second level\r\n'
Message from arduino: b'Set level 0\r\n'
Message from arduino: b'Move to position 0\r\n'
Message from arduino: b'Set level 0\r\n'
Message from arduino: b'Take cube\r\n'
Message from arduino: b'Calc level for moving from 0 to 2 with cube\r\n'
Message from arduino: b'Has not second level\r\n'
Message from arduino: b'Calc level for moving from 0 to 2 with cube\r\n'
Message from arduino: b'Has not second level\r\n'
Message from arduino: b'Set level 2\r\n'
Message from arduino: b'Move up\r\n'
Message from arduino: b'Move up\r\n'
Message from arduino: b'Move to position 2\r\n'
Message from arduino: b'Set level 1\r\n'
Message from arduino: b'Move down\r\n'
Message from arduino: b'Raise cube\r\n'
Message from arduino: b'Sklad:\r\n'
Message from arduino: b'000B00\r\n'
Message from arduino: b'Y0WGNR\r\n'
Message from arduino: b'Check for work\r\n'
Message from arduino: b'Cell 1 is invalid\r\n'
Message from arduino: b'Sklad:\r\n'
Message from arduino: b'000B00\r\n'
Message from arduino: b'Y0WGNR\r\n'
Message from arduino: b'Search for empty cells\r\n'
Message from arduino: b'Trying to fill cell 1\r\n'
Message from arduino: b'Move cube from 4:0 to 1:0\r\n'
Message from arduino: b'Set level 2\r\n'
Message from arduino: b'Move up\r\n'
Message from arduino: b'Turn left\r\n'
Message from arduino: b'Set level 3\r\n'
Message from arduino: b'Move up\r\n'
Message from arduino: b'Hello from Robot!\r\n'
Message from arduino: b'Raise cube\r\n'
Message from arduino: b'Move home\r\n'
Message from arduino: b'Raise cube\r\n'
Message from arduino: b'Waiting...\r\n'
Message from arduino: b'Waiting...\r\n'
Message from arduino: b'Waiting...\r\n'
Message from arduino: b'Waiting...\r\n'
Message from arduino: b'Waiting...\r\n'
Message from arduino: b'Waiting...\r\n'
Message from arduino: b'Waiting...\r\n'
Message from arduino: b'Waiting...\r\n'
Message from arduino: b'Waiting...\r\n'
Message from arduino: b'Waiting...\r\n'
Message from arduino: b'Waiting...\r\n'
Message from arduino: b'Waiting...\r\n'
Message from arduino: b'Waiting...\r\n'
Message from arduino: b'Waiting...\r\n'
Message from arduino: b'Waiting...\r\n'
Message from arduino: b'Waiting...\r\n'
Message from arduino: b'Waiting...\r\n'
Message from arduino: b'Waiting...\r\n'
Message from arduino: b'Waiting...\r\n'
Message from arduino: b'Waiting...\r\n'
Message from arduino: b'Waiting...\r\n'
Message from arduino: b'Waiting...\r\n'
Message from arduino: b'Waiting...\r\n'
Message from arduino: b'Waiting...\r\n'
Message from arduino: b'Waiting...\r\n'
Message from arduino: b'Waiting...\r\n'
Message from arduino: b'Waiting...\r\n'
Message from arduino: b'Waiting...\r\n'
Message from arduino: b'Waiting...\r\n'
Message from arduino: b'Waiting...\r\n'
Message from arduino: b'Waiting...\r\n'
Message from arduino: b'Waiting...\r\n'
Message from arduino: b'Waiting...\r\n'
Message from arduino: b'Waiting...\r\n'
Message from arduino: b'Waiting...\r\n'
                                                                                                                        