Connecting to Arduino...
Waiting data from arduino...
Message from arduino: b'Hello from Robot!\r\n'
Message from arduino: b'Raise cube\r\n'
Message from arduino: b'Turn left\r\n'
Message from arduino: b'Move home\r\n'
Message from arduino: b'Raise cube\r\n'
Message from arduino: b'Waiting...\r\n'
Message from arduino: b'Waiting...\r\n'
Message from arduino: b'Waiting...\r\n'
Message from arduino: b'Move down\r\n'
Message from arduino: b'Waiting...\r\n'
Message from arduino: b'Waiting...\r\n'
Message from arduino: b'Move down\r\n'
Message from arduino: b'Hello from Robot!\r\n'
Message from arduino: b'Raise cube\r\n'
Message from arduino: b'Turn left\r\n'
Message from arduino: b'Move home\r\n'
Message from arduino: b'Raise cube\r\n'
Message from arduino: b'Waiting...\r\n'
Message from arduino: b'Waiting...\r\n'
Message from arduino: b'Move up\r\n'
Message from arduino: b'Waiting...\r\n'
Message from arduino: b'Waiting...\r\n'
Message from arduino: b'Move down\r\n'
Message from arduino: b'Waiting...\r\n'
Message from arduino: b'Waiting...\r\n'
Message from arduino: b'Move up\r\n'
Message from arduino: b'Waiting...\r\n'
Message from arduino: b'Waiting...\r\n'
Message from arduino: b'Move up\r\n'
Message from arduino: b'Waiting...\r\n'
Message from arduino: b'Waiting...\r\n'
Message from arduino: b'Move up\r\n'
Message from arduino: b'Waiting...\r\n'
Message from arduino: b'Waiting...\r\n'
Message from arduino: b'Move up\r\n'
Message from arduino: b'Waiting...\r\n'
Message from arduino: b'Waiting...\r\n'
Message from arduino: b'Waiting...\r\n'
Message from arduino: b'Move down\r\n'
Message from arduino: b'Waiting...\r\n'
Message from arduino: b'Waiting...\r\n'
Message from arduino: b'Move down\r\n'
Message from arduino: b'Waiting...\r\n'
Message from arduino: b'Waiting...\r\n'
Message from arduino: b'Move down\r\n'
Message from arduino: b'Waiting...\r\n'
Message from arduino: b'Waiting...\r\n'
Message from arduino: b'Move up\r\n'
Message from arduino: b'Waiting...\r\n'
Message from arduino: b'Waiting...\r\n'
Message from arduino: b'Move up\r\n'
Message from arduino: b'Waiting...\r\n'
Message from arduino: b'Waiting...\r\n'
Message from arduino: b'Waiting...\r\n'
Message from arduino: b'Waiting...\r\n'
Message from arduino: b'Waiting...\r\n'
Message from arduino: b'Waiting...\r\n'
Message from arduino: b'Waiting...\r\n'
Message from arduino: b'Move down\r\n'
Message from arduino: b'Waiting...\r\n'
Message from arduino: b'Waiting...\r\n'
Message from arduino: b'Move down\r\n'
Message from arduino: b'Waiting...\r\n'
Message from arduino: b'Waiting...\r\n'
Message from arduino: b'Move down\r\n'
Message from arduino: b'Waiting...\r\n'
Message from arduino: b'Waiting...\r\n'
Message from arduino: b'Waiting...\r\n'
Message from arduino: b'Waiting...\r\n'
Message from arduino: b'Waiting...\r\n'
Message from arduino: b'Waiting...\r\n'
Message from arduino: b'Waiting...\r\n'
Message from arduino: b'Waiting...\r\n'
Message from arduino: b'Waiting...\r\n'
Message from arduino: b'Waiting...\r\n'
Message from arduino: b'Waiting...\r\n'
Message from arduino: b'Waiting...\r\n'
Message from arduino: b'Waiting...\r\n'
Message from arduino: b'Waiting...\r\n'
Message from arduino: b'Waiting...\r\n'
Message from arduino: b'Waiting...\r\n'
Message from arduino: b'Waiting...\r\n'
Message from arduino: b'Waiting...\r\n'
Message from arduino: b'Waiting...\r\n'
Message from arduino: b'Waiting...\r\n'
Message from arduino: b'Waiting...\r\n'
Message from arduino: b'Waiting...\r\n'
Message from arduino: b'Waiting...\r\n'
Message from arduino: b'Waiting...\r\n'
Message from arduino: b'Waiting...\r\n'
Message from arduino: b'Waiting...\r\n'
Message from arduino: b'Waiting...\r\n'
Message from arduino: b'Waiting...\r\n'
Message from arduino: b'Waiting...\r\n'
Message from arduino: b'Waiting...\r\n'
Message from arduino: b'Waiting...\r\n'
Message from arduino: b'Waiting...\r\n'
Message from arduino: b'Waiting...\r\n'
Message from arduino: b'Waiting...\r\n'
Message from arduino: b'Waiting...\r\n'
Message from arduino: b'Waiting...\r\n'
Message from arduino: b'Waiting...\r\n'
Message from arduino: b'Waiting...\r\n'
Message from arduino: b'Waiting...\r\n'
Message from arduino: b'Waiting...\r\n'
Message from arduino: b'Waiting...\r\n'
Message from arduino: b'Waiting...\r\n'
Message from arduino: b'Waiting...\r\n'
Message from arduino: b'Waiting...\r\n'
Message from arduino: b'Waiting...\r\n'
Message from arduino: b'Waiting...\r\n'
Message from arduino: b'Waiting...\r\n'
Message from arduino: b'Waiting...\r\n'
Message from arduino: b'Waiting...\r\n'
Message from arduino: b'Waiting...\r\n'
Message from arduino: b'Waiting...\r\n'
Message from arduino: b'Waiting...\r\n'
Message from arduino: b'Waiting...\r\n'
Message from arduino: b'Waiting...\r\n'
Message from arduino: b'Waiting...\r\n'
Message from arduino: b'Waiting...\r\n'
Message from arduino: b'Waiting...\r\n'
Message from arduino: b'Waiting...\r\n'
Message from arduino: b'Waiting...\r\n'
Message from arduino: b'Waiting...\r\n'
Message from arduino: b'Waiting...\r\n'
Message from arduino: b'Waiting...\r\n'
Message from arduino: b'Waiting...\r\n'
Message from arduino: b'Waiting...\r\n'
Message from arduino: b'Waiting...\r\n'
Message from arduino: b'Waiting...\r\n'
Message from arduino: b'Waiting...\r\n'
Message from arduino: b'Waiting...\r\n'
Message from arduino: b'Waiting...\r\n'
Message from arduino: b'Waiting...\r\n'
Message from arduino: b'Waiting...\r\n'
Message from arduino: b'Waiting...\r\n'
Message from arduino: b'Waiting...\r\n'
Message from arduino: b'Waiting...\r\n'
Message from arduino: b'Waiting...\r\n'
Message from arduino: b'Waiting...\r\n'
Message from arduino: b'Waiting...\r\n'
Message from arduino: b'Waiting...\r\n'
Message from arduino: b'Waiting...\r\n'
Message from arduino: b'Waiting...\r\n'
Message from arduino: b'Waiting...\r\n'
Message from arduino: b'Waiting...\r\n'
Message from arduino: b'Waiting...\r\n'
Message from arduino: b'Waiting...\r\n'
Message from arduino: b'Waiting...\r\n'
Message from arduino: b'Waiting...\r\n'
Message from arduino: b'Move down\r\n'
Message from arduino: b'Waiting...\r\n'
Message from arduino: b'Waiting...\r\n'
Message from arduino: b'Waiting...\r\n'
Message from arduino: b'Move up\r\n'
Message from arduino: b'Waiting...\r\n'
Message from arduino: b'Waiting...\r\n'
Message from arduino: b'Move up\r\n'
Message from arduino: b'Waiting...\r\n'
Message from arduino: b'Waiting...\r\n'
Message from arduino: b'Waiting...\r\n'
Message from arduino: b'Move up\r\n'
Message from arduino: b'Waiting...\r\n'
Message from arduino: b'Waiting...\r\n'
Message from arduino: b'Move up\r\n'
Message from arduino: b'Waiting...\r\n'
Message from arduino: b'Move down\r\n'
Message from arduino: b'Waiting...\r\n'
Message from arduino: b'Waiting...\r\n'
Message from arduino: b'Move down\r\n'
Message from arduino: b'Move down\r\n'
Message from arduino: b'Waiting...\r\n'
Message from arduino: b'Waiting...\r\n'
Message from arduino: b'Waiting...\r\n'
Message from arduino: b'Set level 3\r\n'
Message from arduino: b'Move up\r\n'
Message from arduino: b'Move up\r\n'
Message from arduino: b'Move up\r\n'
Message from arduino: b'GO!\r\n'
Detecting colors
['SMALL', 0, 'R', 0]
['SMALL', 1, 'R', 0]
['SMALL', 2, 'R', 0]
['SMALL', 3, 'R', 0]
['SMALL', 4, 'R', 0]
['SMALL', 5, 'R', 2022]
['LARGE', 0, 'R', 975]
['LARGE', 1, 'R', 4926]
['LARGE', 2, 'R', 9993]
['LARGE', 3, 'R', 975]
['LARGE', 4, 'R', 975]
['LARGE', 5, 'R', 991]
['SMALL', 0, 'G', 475]
['SMALL', 1, 'G', 796]
['SMALL', 2, 'G', 2500]
['SMALL', 3, 'G', 475]
['SMALL', 4, 'G', 496]
['SMALL', 5, 'G', 475]
['LARGE', 0, 'G', 69]
['LARGE', 1, 'G', 2]
['LARGE', 2, 'G', 0]
['LARGE', 3, 'G', 7525]
['LARGE', 4, 'G', 4]
['LARGE', 5, 'G', 2034]
['SMALL', 0, 'B', 0]
['SMALL', 1, 'B', 0]
['SMALL', 2, 'B', 0]
['SMALL', 3, 'B', 0]
['SMALL', 4, 'B', 1778]
['SMALL', 5, 'B', 0]
['LARGE', 0, 'B', 4678]
['LARGE', 1, 'B', 0]
['LARGE', 2, 'B', 0]
['LARGE', 3, 'B', 0]
['LARGE', 4, 'B', 4]
['LARGE', 5, 'B', 0]
['SMALL', 0, 'W', 0]
['SMALL', 1, 'W', 0]
['SMALL', 2, 'W', 0]
['SMALL', 3, 'W', 2018]
['SMALL', 4, 'W', 0]
['SMALL', 5, 'W', 0]
['LARGE', 0, 'W', 0]
['LARGE', 1, 'W', 0]
['LARGE', 2, 'W', 0]
['LARGE', 3, 'W', 0]
['LARGE', 4, 'W', 7948]
['LARGE', 5, 'W', 177]
['SMALL', 0, 'Y', 2025]
['SMALL', 1, 'Y', 0]
['SMALL', 2, 'Y', 0]
['SMALL', 3, 'Y', 0]
['SMALL', 4, 'Y', 0]
['SMALL', 5, 'Y', 0]
['LARGE', 0, 'Y', 0]
['LARGE', 1, 'Y', 5261]
['LARGE', 2, 'Y', 0]
['LARGE', 3, 'Y', 0]
['LARGE', 4, 'Y', 0]
['LARGE', 5, 'Y', 13]
Shablon
['Y', 'N', 'G', 'W', 'B', 'R']
Sklad
['B', 'Y', 'R', 'G', 'W', 'N']
Waiting data from arduino...
Message from arduino: b'Check for work\r\n'
Message from arduino: b'Cell 0 is invalid\r\n'
Message from arduino: b'Sklad:\r\n'
Message from arduino: b'000000\r\n'
Message from arduino: b'BYRGWN\r\n'
Message from arduino: b'Search for empty cells\r\n'
Message from arduino: b'Trying to free cell 0\r\n'
Message from arduino: b'Selected level is 0\r\n'
Message from arduino: b'Cell 1 is ball\r\n'
Message from arduino: b'Cell 1 has valid color\r\n'
Message from arduino: b'Cell 4 is ball\r\n'
Message from arduino: b'Allowed positions: 001101\r\n'
Message from arduino: b'Move cube from 0:0 to 2:1\r\n'
Message from arduino: b'Set level 3\r\n'
Message from arduino: b'Calc level for moving from 4 to 0 without cube\r\n'
Message from arduino: b'Has not second level\r\n'
Message from arduino: b'Set level 3\r\n'
Message from arduino: b'Move to position 0\r\n'
Message from arduino: b'Set level 0\r\n'
Message from arduino: b'Move down\r\n'
Message from arduino: b'Move down\r\n'
Message from arduino: b'Move down\r\n'
Message from arduino: b'Take cube\r\n'
Message from arduino: b'Calc level for moving from 0 to 2 with cube\r\n'
Message from arduino: b'Has not second level\r\n'
Message from arduino: b'Calc level for moving from 0 to 2 with cube\r\n'
Message from arduino: b'Has not second level\r\n'
Message from arduino: b'Set level 2\r\n'
Message from arduino: b'Move up\r\n'
Message from arduino: b'Move up\r\n'
Message from arduino: b'Move to position 2\r\n'
Message from arduino: b'Set level 1\r\n'
Message from arduino: b'Move down\r\n'
Message from arduino: b'Raise cube\r\n'
Message from arduino: b'Sklad:\r\n'
Message from arduino: b'00B000\r\n'
Message from arduino: b'0YRGWN\r\n'
Message from arduino: b'Check for work\r\n'
Message from arduino: b'Cell 0 is invalid\r\n'
Message from arduino: b'Sklad:\r\n'
Message from arduino: b'00B000\r\n'
Message from arduino: b'0YRGWN\r\n'
Message from arduino: b'Search for empty cells\r\n'
Message from arduino: b'Trying to fill cell 0\r\n'
Message from arduino: b'Move cube from 1:0 to 0:0\r\n'
Message from arduino: b'Set level 2\r\n'
Message from arduino: b'Move up\r\n'
Message from arduino: b'Turn right\r\n'
Message from arduino: b'Calc level for moving from 2 to 0 without cube\r\n'
Message from arduino: b'Has second level\r\n'
Message from arduino: b'Set level 2\r\n'
Message from arduino: b'Move to position 0\r\n'
Message from arduino: b'Set level 0\r\n'
Message from arduino: b'Move down\r\n'
Message from arduino: b'Move down\r\n'
Message from arduino: b'Take cube\r\n'
Message from arduino: b'Set level 1\r\n'
Message from arduino: b'Move up\r\n'
Message from arduino: b'Turn left\r\n'
Message from arduino: b'Calc level for moving from 0 to 0 with cube\r\n'
Message from arduino: b'Has not second level\r\n'
Message from arduino: b'Calc level for moving from 0 to 0 with cube\r\n'
Message from arduino: b'Has not second level\r\n'
Message from arduino: b'Set level 2\r\n'
Message from arduino: b'Move up\r\n'
Message from arduino: b'Move to position 0\r\n'
Message from arduino: b'Set level 0\r\n'
Message from arduino: b'Move down\r\n'
Message from arduino: b'Move down\r\n'
Message from arduino: b'Raise cube\r\n'
Message from arduino: b'Sklad:\r\n'
Message from arduino: b'00B000\r\n'
Message from arduino: b'Y0RGWN\r\n'
Message from arduino: b'Check for work\r\n'
Message from arduino: b'Cell 1 is invalid\r\n'
Message from arduino: b'Sklad:\r\n'
Message from arduino: b'00B000\r\n'
Message from arduino: b'Y0RGWN\r\n'
Message from arduino: b'Search for empty cells\r\n'
Message from arduino: b'Trying to fill cell 1\r\n'
Message from arduino: b'Move cube from 5:0 to 1:0\r\n'
Message from arduino: b'Set level 1\r\n'
Message from arduino: b'Move up\r\n'
Message from arduino: b'Turn right\r\n'
Message from arduino: b'Calc level for moving from 0 to 4 without cube\r\n'
Message from arduino: b'Has second level\r\n'
Message from arduino: b'Calc level for moving from 0 to 4 without cube\r\n'
Message from arduino: b'Has second level\r\n'
Message from arduino: b'Set level 1\r\n'
Message from arduino: b'Move to position 4\r\n'
Message from arduino: b'Set level 0\r\n'
Message from arduino: b'Move down\r\n'
Message from arduino: b'Take cube\r\n'
Message from arduino: b'Set level 2\r\n'
Message from arduino: b'Move up\r\n'
Message from arduino: b'Move up\r\n'
Message from arduino: b'Calc level for moving from 4 to 0 with cube\r\n'
Message from arduino: b'Has second level\r\n'
Message from arduino: b'Calc level for moving from 4 to 0 with cube\r\n'
Message from arduino: b'Has second level\r\n'
Message from arduino: b'Set level 3\r\n'
Message from arduino: b'Move up\r\n'
Message from arduino: b'Move to position 0\r\n'
Message from arduino: b'Set level 0\r\n'
Message from arduino: b'Move down\r\n'
Message from arduino: b'Move down\r\n'
Message from arduino: b'Move down\r\n'
Message from arduino: b'Raise cube\r\n'
Message from arduino: b'Sklad:\r\n'
Message from arduino: b'00B000\r\n'
Message from arduino: b'YNRGW0\r\n'
Message from arduino: b'Check for work\r\n'
Message from arduino: b'Cell 2 is invalid\r\n'
Message from arduino: b'Sklad:\r\n'
Message from arduino: b'00B000\r\n'
Message from arduino: b'YNRGW0\r\n'
Message from arduino: b'Search for empty cells\r\n'
Message from arduino: b'Trying to fill cell 5\r\n'
Message from arduino: b'Trying to free cell 2\r\n'
Message from arduino: b'Selected level is 1\r\n'
Message from arduino: b'Cell 0 is ball\r\n'
Message from arduino: b'Cell 2 has second level\r\n'
Message from arduino: b'Cell 3 has valid color\r\n'
Message from arduino: b'Cell 4 is ball\r\n'
Message from arduino: b'Allowed positions: 010000\r\n'
Message from arduino: b'Move cube from 2:1 to 1:1\r\n'
Message from arduino: b'Calc level for moving from 0 to 1 without cube\r\n'
Message from arduino: b'Has not second level\r\n'
Message from arduino: b'Calc level for moving from 0 to 1 without cube\r\n'
Message from arduino: b'Has not second level\r\n'
Message from arduino: b'Set level 0\r\n'
Message from arduino: b'Move to position 1\r\n'
Message from arduino: b'Set level 1\r\n'
Message from arduino: b'Move up\r\n'
Message from arduino: b'Take cube\r\n'
Message from arduino: b'Calc level for moving from 1 to 0 with cube\r\n'
Message from arduino: b'Has not second level\r\n'
Message from arduino: b'Calc level for moving from 1 to 0 with cube\r\n'
Message from arduino: b'Has not second level\r\n'
Message from arduino: b'Set level 2\r\n'
Message from arduino: b'Move up\r\n'
Message from arduino: b'Move to position 0\r\n'
Message from arduino: b'Set level 1\r\n'
Message from arduino: b'Move down\r\n'
Message from arduino: b'Raise cube\r\n'
Message from arduino: b'Sklad:\r\n'
Message from arduino: b'0B0000\r\n'
Message from arduino: b'YNRGW0\r\n'
Message from arduino: b'Check for work\r\n'
Message from arduino: b'Cell 2 is invalid\r\n'
Message from arduino: b'Sklad:\r\n'
Message from arduino: b'0B0000\r\n'
Message from arduino: b'YNRGW0\r\n'
Message from arduino: b'Search for empty cells\r\n'
Message from arduino: b'Trying to fill cell 5\r\n'
Message from arduino: b'Move cube from 2:0 to 5:0\r\n'
Message from arduino: b'Set level 2\r\n'
Message from arduino: b'Move up\r\n'
Message from arduino: b'Turn left\r\n'
Message from arduino: b'Calc level for moving from 0 to 2 without cube\r\n'
Message from arduino: b'Has second level\r\n'
Message from arduino: b'Set level 2\r\n'
Message from arduino: b'Move to position 2\r\n'
Message from arduino: b'Set level 0\r\n'
Message from arduino: b'Move down\r\n'
Message from arduino: b'Move down\r\n'
Message from arduino: b'Take cube\r\n'
Message from arduino: b'Set level 2\r\n'
Message from arduino: b'Move up\r\n'
Message from arduino: b'Move up\r\n'
Message from arduino: b'Turn right\r\n'
Message from arduino: b'Calc level for moving from 2 to 4 with cube\r\n'
Message from arduino: b'Has not second level\r\n'
Message from arduino: b'Calc level for moving from 2 to 4 with cube\r\n'
Message from arduino: b'Has not second level\r\n'
Message from arduino: b'Set level 2\r\n'
Message from arduino: b'Move to position 4\r\n'
Message from arduino: b'Set level 0\r\n'
Message from arduino: b'Move down\r\n'
Message from arduino: b'Move down\r\n'
Message from arduino: b'Raise cube\r\n'
Message from arduino: b'Sklad:\r\n'
Message from arduino: b'0B0000\r\n'
Message from arduino: b'YN0GWR\r\n'
Message from arduino: b'Check for work\r\n'
Message from arduino: b'Cell 2 is invalid\r\n'
Message from arduino: b'Sklad:\r\n'
Message from arduino: b'0B0000\r\n'
Message from arduino: b'YN0GWR\r\n'
Message from arduino: b'Search for empty cells\r\n'
Message from arduino: b'Trying to fill cell 2\r\n'
Message from arduino: b'Move cube from 3:0 to 2:0\r\n'
Message from arduino: b'Calc level for moving from 4 to 2 without cube\r\n'
Message from arduino: b'Has not second level\r\n'
Message from arduino: b'Calc level for moving from 4 to 2 without cube\r\n'
Message from arduino: b'Has not second level\r\n'
Message from arduino: b'Set level 0\r\n'
Message from arduino: b'Move to position 2\r\n'
Message from arduino: b'Set level 0\r\n'
Message from arduino: b'Take cube\r\n'
Message from arduino: b'Set level 1\r\n'
Message from arduino: b'Move up\r\n'
Message from arduino: b'Turn left\r\n'
Message from arduino: b'Calc level for moving from 2 to 2 with cube\r\n'
Message from arduino: b'Has not second level\r\n'
Message from arduino: b'Calc level for moving from 2 to 2 with cube\r\n'
Message from arduino: b'Has not second level\r\n'
Message from arduino: b'Set level 2\r\n'
Message from arduino: b'Move up\r\n'
Message from arduino: b'Move to position 2\r\n'
Message from arduino: b'Set level 0\r\n'
Message from arduino: b'Move down\r\n'
Message from arduino: b'Move down\r\n'
Message from arduino: b'Raise cube\r\n'
Message from arduino: b'Sklad:\r\n'
Message from arduino: b'0B0000\r\n'
Message from arduino: b'YNG0WR\r\n'
Message from arduino: b'Check for work\r\n'
Message from arduino: b'Cell 3 is invalid\r\n'
Message from arduino: b'Sklad:\r\n'
Message from arduino: b'0B0000\r\n'
Message from arduino: b'YNG0WR\r\n'
Message from arduino: b'Search for empty cells\r\n'
Message from arduino: b'Trying to fill cell 3\r\n'
Message from arduino: b'Move cube from 4:0 to 3:0\r\n'
Message from arduino: b'Calc level for moving from 2 to 4 without cube\r\n'
Message from arduino: b'Has not second level\r\n'
Message from arduino: b'Calc level for moving from 2 to 4 without cube\r\n'
Message from arduino: b'Has not second level\r\n'
Message from arduino: b'Set level 0\r\n'
Message from arduino: b'Move to position 4\r\n'
Message from arduino: b'Set level 0\r\n'
Message from arduino: b'Take cube\r\n'
Message from arduino: b'Calc level for moving from 4 to 3 with cube\r\n'
Message from arduino: b'Has not second level\r\n'
Message from arduino: b'Calc level for moving from 4 to 3 with cube\r\n'
Message from arduino: b'Has not second level\r\n'
Message from arduino: b'Set level 2\r\n'
Message from arduino: b'Move up\r\n'
Message from arduino: b'Move up\r\n'
Message from arduino: b'Move to position 3\r\n'
Message from arduino: b'Set level 0\r\n'
Message from arduino: b'Move down\r\n'
Message from arduino: b'Move down\r\n'
Message from arduino: b'Raise cube\r\n'
Message from arduino: b'Sklad:\r\n'
Message from arduino: b'0B0000\r\n'
Message from arduino: b'YNGW0R\r\n'
Message from arduino: b'Check for work\r\n'
Message from arduino: b'Cell 4 is invalid\r\n'
Message from arduino: b'Sklad:\r\n'
Message from arduino: b'0B0000\r\n'
Message from arduino: b'YNGW0R\r\n'
Message from arduino: b'Search for empty cells\r\n'
Message from arduino: b'Trying to fill cell 4\r\n'
Message from arduino: b'Move cube from 1:1 to 4:0\r\n'
Message from arduino: b'Calc level for moving from 3 to 1 without cube\r\n'
Message from arduino: b'Has not second level\r\n'
Message from arduino: b'Calc level for moving from 3 to 1 without cube\r\n'
Message from arduino: b'Has not second level\r\n'
Message from arduino: b'Set level 0\r\n'
Message from arduino: b'Move to position 1\r\n'
Message from arduino: b'Set level 1\r\n'
Message from arduino: b'Move up\r\n'
Message from arduino: b'Take cube\r\n'
Message from arduino: b'Calc level for moving from 1 to 4 with cube\r\n'
Message from arduino: b'Has not second level\r\n'
Message from arduino: b'Calc level for moving from 1 to 4 with cube\r\n'
Message from arduino: b'Has not second level\r\n'
Message from arduino: b'Set level 2\r\n'
Message from arduino: b'Move up\r\n'
Message from arduino: b'Move to position 4\r\n'
Message from arduino: b'Set level 0\r\n'
Message from arduino: b'Move down\r\n'
Message from arduino: b'Move down\r\n'
Message from arduino: b'Raise cube\r\n'
Message from arduino: b'Sklad:\r\n'
Message from arduino: b'000000\r\n'
Message from arduino: b'YNGWBR\r\n'
Message from arduino: b'Check for work\r\n'
Message from arduino: b'All OK!\r\n'
Message from arduino: b'Set level 0\r\n'
Message from arduino: b'Done!\r\n'
Message from arduino: b'37 sec.\r\n'
Message from arduino: b'Move home\r\n'
Message from arduino: b'Raise cube\r\n'
Message from arduino: b'Waiting...\r\n'
Message from arduino: b'Waiting...\r\n'
Message from arduino: b'Waiting...\r\n'
Message from arduino: b'Waiting...\r\n'
Message from arduino: b'Waiting...\r\n'
Message from arduino: b'Waiting...\r\n'
Message from arduino: b'Waiting...\r\n'
Message from arduino: b'Waiting...\r\n'
Message from arduino: b'Waiting...\r\n'
Message from arduino: b'Waiting...\r\n'
Message from arduino: b'Waiting...\r\n'
Message from arduino: b'Waiting...\r\n'
Message from arduino: b'Waiting...\r\n'
Message from arduino: b'Waiting...\r\n'
Message from arduino: b'Waiting...\r\n'
Message from arduino: b'Waiting...\r\n'
Message from arduino: b'Waiting...\r\n'
Message from arduino: b'Waiting...\r\n'
Message from arduino: b'Waiting...\r\n'
Message from arduino: b'Waiting...\r\n'
Message from arduino: b'Waiting...\r\n'
Message from arduino: b'Waiting...\r\n'
Message from arduino: b'Move down\r\n'
Message from arduino: b'Waiting...\r\n'
Message from arduino: b'Move up\r\n'
Message from arduino: b'Waiting...\r\n'
Message from arduino: b'Waiting...\r\n'
Message from arduino: b'Move down\r\n'
Message from arduino: b'Waiting...\r\n'
Message from arduino: b'Move up\r\n'
Message from arduino: b'Waiting...\r\n'
Message from arduino: b'Waiting...\r\n'
Message from arduino: b'Waiting...\r\n'
Message from arduino: b'Move up\r\n'
Message from arduino: b'Waiting...\r\n'
Message from arduino: b'Waiting...\r\n'
Message from arduino: b'Waiting...\r\n'
Message from arduino: b'Move down\r\n'
Message from arduino: b'Waiting...\r\n'
Message from arduino: b'Waiting...\r\n'
Message from arduino: b'Waiting...\r\n'
Message from arduino: b'Waiting...\r\n'
Message from arduino: b'Waiting...\r\n'
Message from arduino: b'Waiting...\r\n'
Message from arduino: b'Waiting...\r\n'
Message from arduino: b'Waiting...\r\n'
Message from arduino: b'Waiting...\r\n'
Message from arduino: b'Set level 3\r\n'
Message from arduino: b'Move up\r\n'
Message from arduino: b'Move up\r\n'
Message from arduino: b'Move up\r\n'
Message from arduino: b'GO!\r\n'
Detecting colors
['SMALL', 0, 'R', 0]
['SMALL', 1, 'R', 0]
['SMALL', 2, 'R', 0]
['SMALL', 3, 'R', 0]
['SMALL', 4, 'R', 0]
['SMALL', 5, 'R', 2025]
['LARGE', 0, 'R', 5964]
['LARGE', 1, 'R', 975]
['LARGE', 2, 'R', 975]
['LARGE', 3, 'R', 976]
['LARGE', 4, 'R', 975]
['LARGE', 5, 'R', 9220]
['SMALL', 0, 'G', 475]
['SMALL', 1, 'G', 741]
['SMALL', 2, 'G', 2500]
['SMALL', 3, 'G', 475]
['SMALL', 4, 'G', 500]
['SMALL', 5, 'G', 475]
['LARGE', 0, 'G', 0]
['LARGE', 1, 'G', 14]
['LARGE', 2, 'G', 7113]
['LARGE', 3, 'G', 15]
['LARGE', 4, 'G', 28]
['LARGE', 5, 'G', 0]
['SMALL', 0, 'B', 0]
['SMALL', 1, 'B', 0]
['SMALL', 2, 'B', 0]
['SMALL', 3, 'B', 0]
['SMALL', 4, 'B', 1883]
['SMALL', 5, 'B', 0]
['LARGE', 0, 'B', 0]
['LARGE', 1, 'B', 3]
['LARGE', 2, 'B', 0]
['LARGE', 3, 'B', 2]
['LARGE', 4, 'B', 6909]
['LARGE', 5, 'B', 0]
['SMALL', 0, 'W', 0]
['SMALL', 1, 'W', 0]
['SMALL', 2, 'W', 0]
['SMALL', 3, 'W', 2015]
['SMALL', 4, 'W', 0]
['SMALL', 5, 'W', 0]
['LARGE', 0, 'W', 0]
['LARGE', 1, 'W', 0]
['LARGE', 2, 'W', 0]
['LARGE', 3, 'W', 7051]
['LARGE', 4, 'W', 0]
['LARGE', 5, 'W', 266]
['SMALL', 0, 'Y', 2025]
['SMALL', 1, 'Y', 0]
['SMALL', 2, 'Y', 0]
['SMALL', 3, 'Y', 0]
['SMALL', 4, 'Y', 0]
['SMALL', 5, 'Y', 0]
['LARGE', 0, 'Y', 4107]
['LARGE', 1, 'Y', 0]
['LARGE', 2, 'Y', 0]
['LARGE', 3, 'Y', 1]
['LARGE', 4, 'Y', 0]
['LARGE', 5, 'Y', 14]
Shablon
['Y', 'N', 'G', 'W', 'B', 'R']
Sklad
['Y', 'N', 'G', 'W', 'B', 'R']
Waiting data from arduino...
Message from arduino: b'Check for work\r\n'
Message from arduino: b'All OK!\r\n'
Message from arduino: b'Set level 0\r\n'
Message from arduino: b'Move down\r\n'
Message from arduino: b'Move down\r\n'
Message from arduino: b'Move down\r\n'
Message from arduino: b'Done!\r\n'
Message from arduino: b'1 sec.\r\n'
Message from arduino: b'Move home\r\n'
Message from arduino: b'Raise cube\r\n'
Message from arduino: b'Waiting...\r\n'
Message from arduino: b'Waiting...\r\n'
Message from arduino: b'Waiting...\r\n'
Message from arduino: b'Waiting...\r\n'
Message from arduino: b'Waiting...\r\n'
Message from arduino: b'Waiting...\r\n'
Message from arduino: b'Waiting...\r\n'
Message from arduino: b'Waiting...\r\n'
Message from arduino: b'Waiting...\r\n'
Message from arduino: b'Waiting...\r\n'
Message from arduino: b'Waiting...\r\n'
Message from arduino: b'Waiting...\r\n'
Message from arduino: b'Waiting...\r\n'
Message from arduino: b'Waiting...\r\n'
Message from arduino: b'Waiting...\r\n'
Message from arduino: b'Waiting...\r\n'
Message from arduino: b'Waiting...\r\n'
Message from arduino: b'Waiting...\r\n'
Message from arduino: b'Set level 3\r\n'
Message from arduino: b'Move up\r\n'
Message from arduino: b'Move up\r\n'
Message from arduino: b'Move up\r\n'
Message from arduino: b'GO!\r\n'
Detecting colors
['SMALL', 0, 'R', 0]
['SMALL', 1, 'R', 0]
['SMALL', 2, 'R', 0]
['SMALL', 3, 'R', 0]
['SMALL', 4, 'R', 0]
['SMALL', 5, 'R', 2024]
['LARGE', 0, 'R', 6011]
['LARGE', 1, 'R', 975]
['LARGE', 2, 'R', 975]
['LARGE', 3, 'R', 976]
['LARGE', 4, 'R', 975]
['LARGE', 5, 'R', 9232]
['SMALL', 0, 'G', 475]
['SMALL', 1, 'G', 769]
['SMALL', 2, 'G', 2498]
['SMALL', 3, 'G', 475]
['SMALL', 4, 'G', 499]
['SMALL', 5, 'G', 475]
['LARGE', 0, 'G', 0]
['LARGE', 1, 'G', 13]
['LARGE', 2, 'G', 7161]
['LARGE', 3, 'G', 18]
['LARGE', 4, 'G', 21]
['LARGE', 5, 'G', 0]
['SMALL', 0, 'B', 0]
['SMALL', 1, 'B', 0]
['SMALL', 2, 'B', 1]
['SMALL', 3, 'B', 0]
['SMALL', 4, 'B', 1888]
['SMALL', 5, 'B', 0]
['LARGE', 0, 'B', 0]
['LARGE', 1, 'B', 2]
['LARGE', 2, 'B', 0]
['LARGE', 3, 'B', 1]
['LARGE', 4, 'B', 7036]
['LARGE', 5, 'B', 0]
['SMALL', 0, 'W', 0]
['SMALL', 1, 'W', 0]
['SMALL', 2, 'W', 0]
['SMALL', 3, 'W', 2019]
['SMALL', 4, 'W', 0]
['SMALL', 5, 'W', 0]
['LARGE', 0, 'W', 0]
['LARGE', 1, 'W', 0]
['LARGE', 2, 'W', 0]
['LARGE', 3, 'W', 8073]
['LARGE', 4, 'W', 0]
['LARGE', 5, 'W', 282]
['SMALL', 0, 'Y', 2025]
['SMALL', 1, 'Y', 0]
['SMALL', 2, 'Y', 0]
['SMALL', 3, 'Y', 0]
['SMALL', 4, 'Y', 0]
['SMALL', 5, 'Y', 0]
['LARGE', 0, 'Y', 4114]
['LARGE', 1, 'Y', 0]
['LARGE', 2, 'Y', 0]
['LARGE', 3, 'Y', 0]
['LARGE', 4, 'Y', 0]
['LARGE', 5, 'Y', 9]
Shablon
['Y', 'N', 'G', 'W', 'B', 'R']
Sklad
['Y', 'N', 'G', 'W', 'B', 'R']
Waiting data from arduino...
Message from arduino: b'Check for work\r\n'
Message from arduino: b'All OK!\r\n'
Message from arduino: b'Set level 0\r\n'
Message from arduino: b'Move down\r\n'
Message from arduino: b'Move down\r\n'
Message from arduino: b'Move down\r\n'
Message from arduino: b'Done!\r\n'
Message from arduino: b'1 sec.\r\n'
Message from arduino: b'Move home\r\n'
Message from arduino: b'Raise cube\r\n'
Message from arduino: b'Waiting...\r\n'
Message from arduino: b'Waiting...\r\n'
Message from arduino: b'Waiting...\r\n'
Message from arduino: b'Waiting...\r\n'
