Connecting to Arduino...
Waiting data from arduino...
Message from arduino: b'Hello from Robot!\r\n'
Message from arduino: b'Raise cube\r\n'
Message from arduino: b'Move home\r\n'
Message from arduino: b'Raise cube\r\n'
Message from arduino: b'Waiting...\r\n'
Message from arduino: b'Waiting...\r\n'
Message from arduino: b'Waiting...\r\n'
Message from arduino: b'Waiting...\r\n'
Message from arduino: b'Move down\r\n'
Message from arduino: b'Waiting...\r\n'
Message from arduino: b'Waiting...\r\n'
Message from arduino: b'Waiting...\r\n'
Message from arduino: b'Waiting...\r\n'
Message from arduino: b'Waiting...\r\n'
Message from arduino: b'Waiting...\r\n'
Message from arduino: b'Waiting...\r\n'
Message from arduino: b'Move up\r\n'
Message from arduino: b'Waiting...\r\n'
Message from arduino: b'Waiting...\r\n'
Message from arduino: b'Waiting...\r\n'
Message from arduino: b'Waiting...\r\n'
Message from arduino: b'Waiting...\r\n'
Message from arduino: b'Waiting...\r\n'
Message from arduino: b'Waiting...\r\n'
Message from arduino: b'Waiting...\r\n'
Message from arduino: b'Waiting...\r\n'
Message from arduino: b'Waiting...\r\n'
Message from arduino: b'Waiting...\r\n'
Message from arduino: b'Waiting...\r\n'
Message from arduino: b'Waiting...\r\n'
Message from arduino: b'Waiting...\r\n'
Message from arduino: b'Set level 3\r\n'
Message from arduino: b'Move up\r\n'
Message from arduino: b'Move up\r\n'
Message from arduino: b'Move up\r\n'
Message from arduino: b'GO!\r\n'
Detecting colors
['SMALL', 0, 'R', 0]
['SMALL', 1, 'R', 2025]
['SMALL', 2, 'R', 0]
['SMALL', 3, 'R', 0]
['SMALL', 4, 'R', 0]
['SMALL', 5, 'R', 58]
['LARGE', 0, 'R', 975]
['LARGE', 1, 'R', 975]
['LARGE', 2, 'R', 4935]
['LARGE', 3, 'R', 984]
['LARGE', 4, 'R', 975]
['LARGE', 5, 'R', 9164]
['SMALL', 0, 'G', 485]
['SMALL', 1, 'G', 475]
['SMALL', 2, 'G', 475]
['SMALL', 3, 'G', 2500]
['SMALL', 4, 'G', 475]
['SMALL', 5, 'G', 1125]
['LARGE', 0, 'G', 418]
['LARGE', 1, 'G', 6534]
['LARGE', 2, 'G', 0]
['LARGE', 3, 'G', 12]
['LARGE', 4, 'G', 3]
['LARGE', 5, 'G', 0]
['SMALL', 0, 'B', 1932]
['SMALL', 1, 'B', 0]
['SMALL', 2, 'B', 0]
['SMALL', 3, 'B', 0]
['SMALL', 4, 'B', 0]
['SMALL', 5, 'B', 1]
['LARGE', 0, 'B', 1]
['LARGE', 1, 'B', 0]
['LARGE', 2, 'B', 0]
['LARGE', 3, 'B', 0]
['LARGE', 4, 'B', 6810]
['LARGE', 5, 'B', 0]
['SMALL', 0, 'W', 27]
['SMALL', 1, 'W', 0]
['SMALL', 2, 'W', 1974]
['SMALL', 3, 'W', 0]
['SMALL', 4, 'W', 0]
['SMALL', 5, 'W', 0]
['LARGE', 0, 'W', 0]
['LARGE', 1, 'W', 0]
['LARGE', 2, 'W', 0]
['LARGE', 3, 'W', 6839]
['LARGE', 4, 'W', 0]
['LARGE', 5, 'W', 7]
['SMALL', 0, 'Y', 0]
['SMALL', 1, 'Y', 0]
['SMALL', 2, 'Y', 0]
['SMALL', 3, 'Y', 0]
['SMALL', 4, 'Y', 2025]
['SMALL', 5, 'Y', 0]
['LARGE', 0, 'Y', 0]
['LARGE', 1, 'Y', 0]
['LARGE', 2, 'Y', 5350]
['LARGE', 3, 'Y', 8]
['LARGE', 4, 'Y', 0]
['LARGE', 5, 'Y', 2]
Shablon
['B', 'R', 'W', 'G', 'Y', 'N']
Sklad
['N', 'G', 'Y', 'W', 'B', 'R']
Waiting data from arduino...
Message from arduino: b'Check for work\r\n'
Message from arduino: b'Cell 0 is invalid\r\n'
Message from arduino: b'Sklad:\r\n'
Message from arduino: b'000000\r\n'
Message from arduino: b'NGYWBR\r\n'
Message from arduino: b'Search for empty cells\r\n'
Message from arduino: b'Trying to free cell 0\r\n'
Message from arduino: b'Selected level is 0\r\n'
Message from arduino: b'Cell 2 is ball\r\n'
Message from arduino: b'Cell 3 is ball\r\n'
Message from arduino: b'Cell 4 has valid color\r\n'
Message from arduino: b'Allowed positions: 000001\r\n'
Message from arduino: b'Move cube from 0:0 to 5:1\r\n'
Message from arduino: b'Set level 3\r\n'
Message from arduino: b'Calc level for moving from 4 to 0 without cube\r\n'
Message from arduino: b'Has not second level\r\n'
Message from arduino: b'Set level 3\r\n'
Message from arduino: b'Move to position 0\r\n'
Message from arduino: b'Set level 0\r\n'
Message from arduino: b'Move down\r\n'
Message from arduino: b'Move down\r\n'
Message from arduino: b'Move down\r\n'
Message from arduino: b'Take cube\r\n'
Message from arduino: b'Set level 2\r\n'
Message from arduino: b'Move up\r\n'
Message from arduino: b'Move up\r\n'
Message from arduino: b'Turn right\r\n'
Message from arduino: b'Set level 3\r\n'
Message from arduino: b'Move up\r\n'
Message from arduino: b'Calc level for moving from 0 to 4 with cube\r\n'
Message from arduino: b'Has not second level\r\n'
Message from arduino: b'Set level 3\r\n'
Message from arduino: b'Move to position 4\r\n'
Message from arduino: b'Set level 1\r\n'
Message from arduino: b'Move down\r\n'
Message from arduino: b'Move down\r\n'
Message from arduino: b'Raise cube\r\n'
Message from arduino: b'Sklad:\r\n'
Message from arduino: b'00000N\r\n'
Message from arduino: b'0GYWBR\r\n'
Message from arduino: b'Check for work\r\n'
Message from arduino: b'Cell 0 is invalid\r\n'
Message from arduino: b'Sklad:\r\n'
Message from arduino: b'00000N\r\n'
Message from arduino: b'0GYWBR\r\n'
Message from arduino: b'Search for empty cells\r\n'
Message from arduino: b'Trying to fill cell 0\r\n'
Message from arduino: b'Move cube from 4:0 to 0:0\r\n'
Message from arduino: b'Set level 3\r\n'
Message from arduino: b'Move up\r\n'
Message from arduino: b'Move up\r\n'
Message from arduino: b'Calc level for moving from 4 to 3 without cube\r\n'
Message from arduino: b'Has not second level\r\n'
Message from arduino: b'Set level 3\r\n'
Message from arduino: b'Move to position 3\r\n'
Message from arduino: b'Set level 0\r\n'
Message from arduino: b'Move down\r\n'
Message from arduino: b'Move down\r\n'
Message from arduino: b'Move down\r\n'
Message from arduino: b'Take cube\r\n'
Message from arduino: b'Set level 2\r\n'
Message from arduino: b'Move up\r\n'
Message from arduino: b'Move up\r\n'
Message from arduino: b'Turn left\r\n'
Message from arduino: b'Set level 3\r\n'
Message from arduino: b'Move up\r\n'
Message from arduino: b'Calc level for moving from 3 to 0 with cube\r\n'
Message from arduino: b'Has not second level\r\n'
Message from arduino: b'Set level 3\r\n'
Message from arduino: b'Move to position 0\r\n'
Message from arduino: b'Set level 0\r\n'
Message from arduino: b'Move down\r\n'
Message from arduino: b'Move down\r\n'
Message from arduino: b'Move down\r\n'
Message from arduino: b'Raise cube\r\n'
Message from arduino: b'Sklad:\r\n'
Message from arduino: b'00000N\r\n'
Message from arduino: b'BGYW0R\r\n'
Message from arduino: b'Check for work\r\n'
Message from arduino: b'Cell 1 is invalid\r\n'
Message from arduino: b'Sklad:\r\n'
Message from arduino: b'00000N\r\n'
Message from arduino: b'BGYW0R\r\n'
Message from arduino: b'Search for empty cells\r\n'
Message from arduino: b'Trying to fill cell 4\r\n'
Message from arduino: b'Move cube from 2:0 to 4:0\r\n'
Message from arduino: b'Calc level for moving from 0 to 2 without cube\r\n'
Message from arduino: b'Has not second level\r\n'
Message from arduino: b'Calc level for moving from 0 to 2 without cube\r\n'
Message from arduino: b'Has not second level\r\n'
Message from arduino: b'Set level 0\r\n'
Message from arduino: b'Move to position 2\r\n'
Message from arduino: b'Set level 0\r\n'
Message from arduino: b'Take cube\r\n'
Message from arduino: b'Set level 2\r\n'
Message from arduino: b'Move up\r\n'
Message from arduino: b'Move up\r\n'
Message from arduino: b'Turn right\r\n'
Message from arduino: b'Set level 3\r\n'
Message from arduino: b'Move up\r\n'
Message from arduino: b'Calc level for moving from 2 to 3 with cube\r\n'
Message from arduino: b'Has not second level\r\n'
Message from arduino: b'Set level 3\r\n'
Message from arduino: b'Move to position 3\r\n'
Message from arduino: b'Set level 0\r\n'
Message from arduino: b'Move down\r\n'
Message from arduino: b'Move down\r\n'
Message from arduino: b'Move down\r\n'
Message from arduino: b'Raise cube\r\n'
Message from arduino: b'Sklad:\r\n'
Message from arduino: b'00000N\r\n'
Message from arduino: b'BG0WYR\r\n'
Message from arduino: b'Check for work\r\n'
Message from arduino: b'Cell 1 is invalid\r\n'
Message from arduino: b'Sklad:\r\n'
Message from arduino: b'00000N\r\n'
Message from arduino: b'BG0WYR\r\n'
Message from arduino: b'Search for empty cells\r\n'
Message from arduino: b'Trying to fill cell 2\r\n'
Message from arduino: b'Move cube from 3:0 to 2:0\r\n'
Message from arduino: b'Calc level for moving from 3 to 2 without cube\r\n'
Message from arduino: b'Has not second level\r\n'
Message from arduino: b'Calc level for moving from 3 to 2 without cube\r\n'
Message from arduino: b'Has not second level\r\n'
Message from arduino: b'Set level 0\r\n'
Message from arduino: b'Move to position 2\r\n'
Message from arduino: b'Set level 0\r\n'
Message from arduino: b'Take cube\r\n'
Message from arduino: b'Calc level for moving from 2 to 1 with cube\r\n'
Message from arduino: b'Has not second level\r\n'
Message from arduino: b'Calc level for moving from 2 to 1 with cube\r\n'
Message from arduino: b'Has not second level\r\n'
Message from arduino: b'Set level 2\r\n'
Message from arduino: b'Move up\r\n'
Message from arduino: b'Move up\r\n'
Message from arduino: b'Move to position 1\r\n'
Message from arduino: b'Set level 0\r\n'
Message from arduino: b'Move down\r\n'
Message from arduino: b'Move down\r\n'
Message from arduino: b'Raise cube\r\n'
Message from arduino: b'Sklad:\r\n'
Message from arduino: b'00000N\r\n'
Message from arduino: b'BGW0YR\r\n'
Message from arduino: b'Check for work\r\n'
Message from arduino: b'Cell 1 is invalid\r\n'
Message from arduino: b'Sklad:\r\n'
Message from arduino: b'00000N\r\n'
Message from arduino: b'BGW0YR\r\n'
Message from arduino: b'Search for empty cells\r\n'
Message from arduino: b'Trying to fill cell 3\r\n'
Message from arduino: b'Move cube from 1:0 to 3:0\r\n'
Message from arduino: b'Calc level for moving from 1 to 0 without cube\r\n'
Message from arduino: b'Has not second level\r\n'
Message from arduino: b'Calc level for moving from 1 to 0 without cube\r\n'
Message from arduino: b'Has not second level\r\n'
Message from arduino: b'Set level 0\r\n'
Message from arduino: b'Move to position 0\r\n'
Message from arduino: b'Set level 0\r\n'
Message from arduino: b'Take cube\r\n'
Message from arduino: b'Calc level for moving from 0 to 2 with cube\r\n'
Message from arduino: b'Has not second level\r\n'
Message from arduino: b'Calc level for moving from 0 to 2 with cube\r\n'
Message from arduino: b'Has not second level\r\n'
Message from arduino: b'Set level 2\r\n'
Message from arduino: b'Move up\r\n'
Message from arduino: b'Move up\r\n'
Message from arduino: b'Move to position 2\r\n'
Message from arduino: b'Set level 0\r\n'
Message from arduino: b'Move down\r\n'
Message from arduino: b'Move down\r\n'
Message from arduino: b'Raise cube\r\n'
Message from arduino: b'Sklad:\r\n'
Message from arduino: b'00000N\r\n'
Message from arduino: b'B0WGYR\r\n'
Message from arduino: b'Check for work\r\n'
Message from arduino: b'Cell 1 is invalid\r\n'
Message from arduino: b'Sklad:\r\n'
Message from arduino: b'00000N\r\n'
Message from arduino: b'B0WGYR\r\n'
Message from arduino: b'Search for empty cells\r\n'
Message from arduino: b'Trying to fill cell 1\r\n'
Message from arduino: b'Trying to free cell 5\r\n'
Message from arduino: b'Selected level is 1\r\n'
Message from arduino: b'Cell 2 is ball\r\n'
Message from arduino: b'Cell 4 is ball\r\n'
Message from arduino: b'Cell 5 has second level\r\n'
Message from arduino: b'Allowed positions: 100100\r\n'
Message from arduino: b'Move cube from 5:1 to 0:1\r\n'
Message from arduino: b'Set level 2\r\n'
Message from arduino: b'Move up\r\n'
Message from arduino: b'Move up\r\n'
Message from arduino: b'Calc level for moving from 2 to 4 without cube\r\n'
Message from arduino: b'Has not second level\r\n'
Message from arduino: b'Set level 2\r\n'
Message from arduino: b'Move to position 4\r\n'
Message from arduino: b'Set level 1\r\n'
Message from arduino: b'Move down\r\n'
Message from arduino: b'Take cube\r\n'
Message from arduino: b'Set level 2\r\n'
Message from arduino: b'Move up\r\n'
Message from arduino: b'Turn left\r\n'
Message from arduino: b'Set level 3\r\n'
Message from arduino: b'Move up\r\n'
Message from arduino: b'Calc level for moving from 4 to 0 with cube\r\n'
Message from arduino: b'Has not second level\r\n'
Message from arduino: b'Set level 3\r\n'
Message from arduino: b'Move to position 0\r\n'
Message from arduino: b'Set level 1\r\n'
Message from arduino: b'Move down\r\n'
Message from arduino: b'Move down\r\n'
Message from arduino: b'Raise cube\r\n'
Message from arduino: b'Sklad:\r\n'
Message from arduino: b'N00000\r\n'
Message from arduino: b'B0WGYR\r\n'
Message from arduino: b'Check for work\r\n'
Message from arduino: b'Cell 1 is invalid\r\n'
Message from arduino: b'Sklad:\r\n'
Message from arduino: b'N00000\r\n'
Message from arduino: b'B0WGYR\r\n'
Message from arduino: b'Search for empty cells\r\n'
Message from arduino: b'Trying to fill cell 1\r\n'
Message from arduino: b'Move cube from 5:0 to 1:0\r\n'
Message from arduino: b'Set level 1\r\n'
Message from arduino: b'Turn right\r\n'
Message from arduino: b'Set level 3\r\n'
Message from arduino: b'Move up\r\n'
Message from arduino: b'Move up\r\n'
Message from arduino: b'Calc level for moving from 0 to 4 without cube\r\n'
Message from arduino: b'Has second level\r\n'
Message from arduino: b'Set level 3\r\n'
Message from arduino: b'Move to position 4\r\n'
Message from arduino: b'Set level 0\r\n'
Message from arduino: b'Move down\r\n'
Message from arduino: b'Move down\r\n'
Message from arduino: b'Move down\r\n'
Message from arduino: b'Take cube\r\n'
Message from arduino: b'Set level 2\r\n'
Message from arduino: b'Move up\r\n'
Message from arduino: b'Move up\r\n'
Message from arduino: b'Turn left\r\n'
Message from arduino: b'Set level 3\r\n'
Message from arduino: b'Move up\r\n'
Message from arduino: b'Calc level for moving from 4 to 1 with cube\r\n'
Message from arduino: b'Has not second level\r\n'
Message from arduino: b'Set level 3\r\n'
Message from arduino: b'Move to position 1\r\n'
Message from arduino: b'Set level 0\r\n'
Message from arduino: b'Move down\r\n'
Message from arduino: b'Move down\r\n'
Message from arduino: b'Move down\r\n'
Message from arduino: b'Raise cube\r\n'
Message from arduino: b'Sklad:\r\n'
Message from arduino: b'N00000\r\n'
Message from arduino: b'BRWGY0\r\n'
Message from arduino: b'Check for work\r\n'
Message from arduino: b'Cell 5 is invalid\r\n'
Message from arduino: b'Sklad:\r\n'
Message from arduino: b'N00000\r\n'
Message from arduino: b'BRWGY0\r\n'
Message from arduino: b'Search for empty cells\r\n'
Message from arduino: b'Trying to fill cell 5\r\n'
Message from arduino: b'Move cube from 0:1 to 5:0\r\n'
Message from arduino: b'Set level 2\r\n'
Message from arduino: b'Move up\r\n'
Message from arduino: b'Move up\r\n'
Message from arduino: b'Calc level for moving from 1 to 0 without cube\r\n'
Message from arduino: b'Has second level\r\n'
Message from arduino: b'Set level 2\r\n'
Message from arduino: b'Move to position 0\r\n'
Message from arduino: b'Set level 1\r\n'
Message from arduino: b'Move down\r\n'
Message from arduino: b'Take cube\r\n'
Message from arduino: b'Set level 2\r\n'
Message from arduino: b'Move up\r\n'
Message from arduino: b'Turn right\r\n'
Message from arduino: b'Set level 3\r\n'
Message from arduino: b'Move up\r\n'
Message from arduino: b'Calc level for moving from 0 to 4 with cube\r\n'
Message from arduino: b'Has second level\r\n'
Message from arduino: b'Calc level for moving from 0 to 4 with cube\r\n'
Message from arduino: b'Has second level\r\n'
Message from arduino: b'Set level 3\r\n'
Message from arduino: b'Move to position 4\r\n'
Message from arduino: b'Set level 0\r\n'
Message from arduino: b'Move down\r\n'
Message from arduino: b'Move down\r\n'
Message from arduino: b'Move down\r\n'
Message from arduino: b'Raise cube\r\n'
Message from arduino: b'Sklad:\r\n'
Message from arduino: b'000000\r\n'
Message from arduino: b'BRWGYN\r\n'
Message from arduino: b'Check for work\r\n'
Message from arduino: b'All OK!\r\n'
Message from arduino: b'Set level 0\r\n'
Message from arduino: b'Done!\r\n'
Message from arduino: b'52 sec.\r\n'
Message from arduino: b'Move home\r\n'
Message from arduino: b'Raise cube\r\n'
Message from arduino: b'Waiting...\r\n'
Message from arduino: b'Waiting...\r\n'
Message from arduino: b'Waiting...\r\n'
Message from arduino: b'Waiting...\r\n'
Message from arduino: b'Waiting...\r\n'
Message from arduino: b'Move down\r\n'
Message from arduino: b'Waiting...\r\n'
Message from arduino: b'Waiting...\r\n'
Message from arduino: b'Move up\r\n'
Message from arduino: b'Waiting...\r\n'
Message from arduino: b'Waiting...\r\n'
Message from arduino: b'Move up\r\n'
Message from arduino: b'Waiting...\r\n'
Message from arduino: b'Waiting...\r\n'
Message from arduino: b'Waiting...\r\n'
Message from arduino: b'Move up\r\n'
Message from arduino: b'Waiting...\r\n'
Message from arduino: b'Move down\r\n'
Message from arduino: b'Waiting...\r\n'
Message from arduino: b'Move down\r\n'
Message from arduino: b'Waiting...\r\n'
Message from arduino: b'Waiting...\r\n'
Message from arduino: b'Move up\r\n'
Message from arduino: b'Waiting...\r\n'
Message from arduino: b'Waiting...\r\n'
Message from arduino: b'Waiting...\r\n'
Message from arduino: b'Move up\r\n'
Message from arduino: b'Waiting...\r\n'
Message from arduino: b'Waiting...\r\n'
Message from arduino: b'Waiting...\r\n'
Message from arduino: b'Waiting...\r\n'
Message from arduino: b'Waiting...\r\n'
Message from arduino: b'Waiting...\r\n'
Message from arduino: b'Waiting...\r\n'
Message from arduino: b'Waiting...\r\n'
Message from arduino: b'Waiting...\r\n'
Message from arduino: b'Waiting...\r\n'
Message from arduino: b'Waiting...\r\n'
Message from arduino: b'Waiting...\r\n'
Message from arduino: b'Waiting...\r\n'
Message from arduino: b'Waiting...\r\n'
Message from arduino: b'Waiting...\r\n'
Message from arduino: b'Waiting...\r\n'
Message from arduino: b'Waiting...\r\n'
Message from arduino: b'Waiting...\r\n'
Message from arduino: b'Waiting...\r\n'
Message from arduino: b'Waiting...\r\n'
Message from arduino: b'Waiting...\r\n'
Message from arduino: b'Waiting...\r\n'
Message from arduino: b'Waiting...\r\n'
Message from arduino: b'Waiting...\r\n'
Message from arduino: b'Waiting...\r\n'
Message from arduino: b'Waiting...\r\n'
Message from arduino: b'Waiting...\r\n'
Message from arduino: b'Waiting...\r\n'
Message from arduino: b'Waiting...\r\n'
Message from arduino: b'Waiting...\r\n'
Message from arduino: b'Waiting...\r\n'
Message from arduino: b'Waiting...\r\n'
Message from arduino: b'Waiting...\r\n'
Message from arduino: b'Waiting...\r\n'
Message from arduino: b'Waiting...\r\n'
Message from arduino: b'Waiting...\r\n'
Message from arduino: b'Waiting...\r\n'
Message from arduino: b'Waiting...\r\n'
Message from arduino: b'Waiting...\r\n'
Message from arduino: b'Waiting...\r\n'
Message from arduino: b'Waiting...\r\n'
Message from arduino: b'Waiting...\r\n'
Message from arduino: b'Move up\r\n'
Message from arduino: b'Move down\r\n'
Message from arduino: b'Waiting...\r\n'
Message from arduino: b'Move down\r\n'
Message from arduino: b'Move down\r\n'
Message from arduino: b'Waiting...\r\n'
Message from arduino: b'Waiting...\r\n'
Message from arduino: b'Waiting...\r\n'
Message from arduino: b'Move up\r\n'
Message from arduino: b'Waiting...\r\n'
Message from arduino: b'Move down\r\n'
Message from arduino: b'Waiting...\r\n'
Message from arduino: b'Waiting...\r\n'
Message from arduino: b'Waiting...\r\n'
Message from arduino: b'Move up\r\n'
Message from arduino: b'Waiting...\r\n'
Message from arduino: b'Waiting...\r\n'
Message from arduino: b'Set level 3\r\n'
Message from arduino: b'Move up\r\n'
Message from arduino: b'Move up\r\n'
Message from arduino: b'Move up\r\n'
Message from arduino: b'GO!\r\n'
Detecting colors
['SMALL', 0, 'R', 0]
['SMALL', 1, 'R', 0]
['SMALL', 2, 'R', 0]
['SMALL', 3, 'R', 0]
['SMALL', 4, 'R', 2025]
['SMALL', 5, 'R', 0]
['LARGE', 0, 'R', 975]
['LARGE', 1, 'R', 9767]
['LARGE', 2, 'R', 982]
['LARGE', 3, 'R', 975]
['LARGE', 4, 'R', 2973]
['LARGE', 5, 'R', 2808]
['SMALL', 0, 'G', 841]
['SMALL', 1, 'G', 475]
['SMALL', 2, 'G', 2500]
['SMALL', 3, 'G', 475]
['SMALL', 4, 'G', 475]
['SMALL', 5, 'G', 571]
['LARGE', 0, 'G', 35]
['LARGE', 1, 'G', 0]
['LARGE', 2, 'G', 22]
['LARGE', 3, 'G', 7991]
['LARGE', 4, 'G', 76]
['LARGE', 5, 'G', 899]
['SMALL', 0, 'B', 8]
['SMALL', 1, 'B', 0]
['SMALL', 2, 'B', 0]
['SMALL', 3, 'B', 0]
['SMALL', 4, 'B', 0]
['SMALL', 5, 'B', 2003]
['LARGE', 0, 'B', 5918]
['LARGE', 1, 'B', 0]
['LARGE', 2, 'B', 2]
['LARGE', 3, 'B', 0]
['LARGE', 4, 'B', 0]
['LARGE', 5, 'B', 1]
['SMALL', 0, 'W', 1]
['SMALL', 1, 'W', 0]
['SMALL', 2, 'W', 0]
['SMALL', 3, 'W', 1923]
['SMALL', 4, 'W', 0]
['SMALL', 5, 'W', 0]
['LARGE', 0, 'W', 0]
['LARGE', 1, 'W', 0]
['LARGE', 2, 'W', 8964]
['LARGE', 3, 'W', 0]
['LARGE', 4, 'W', 0]
['LARGE', 5, 'W', 0]
['SMALL', 0, 'Y', 0]
['SMALL', 1, 'Y', 2025]
['SMALL', 2, 'Y', 0]
['SMALL', 3, 'Y', 0]
['SMALL', 4, 'Y', 0]
['SMALL', 5, 'Y', 0]
['LARGE', 0, 'Y', 0]
['LARGE', 1, 'Y', 0]
['LARGE', 2, 'Y', 2]
['LARGE', 3, 'Y', 0]
['LARGE', 4, 'Y', 7099]
['LARGE', 5, 'Y', 114]
Shablon
['N', 'Y', 'G', 'W', 'R', 'B']
Sklad
['B', 'R', 'W', 'G', 'Y', 'N']
Waiting data from arduino...
Message from arduino: b'Check for work\r\n'
Message from arduino: b'Cell 0 is invalid\r\n'
Message from arduino: b'Sklad:\r\n'
Message from arduino: b'000000\r\n'
Message from arduino: b'BRWGYN\r\n'
Message from arduino: b'Search for empty cells\r\n'
Message from arduino: b'Trying to free cell 0\r\n'
Message from arduino: b'Selected level is 0\r\n'
Message from arduino: b'Cell 2 is ball\r\n'
Message from arduino: b'Cell 4 is ball\r\n'
Message from arduino: b'Cell 5 has valid color\r\n'
Message from arduino: b'Allowed positions: 000100\r\n'
Message from arduino: b'Move cube from 0:0 to 3:1\r\n'
Message from arduino: b'Set level 3\r\n'
Message from arduino: b'Turn left\r\n'
Message from arduino: b'Set level 3\r\n'
Message from arduino: b'Calc level for moving from 4 to 0 without cube\r\n'
Message from arduino: b'Has not second level\r\n'
Message from arduino: b'Set level 3\r\n'
Message from arduino: b'Move to position 0\r\n'
Message from arduino: b'Set level 0\r\n'
Message from arduino: b'Move down\r\n'
Message from arduino: b'Move down\r\n'
Message from arduino: b'Move down\r\n'
Message from arduino: b'Take cube\r\n'
Message from arduino: b'Calc level for moving from 0 to 3 with cube\r\n'
Message from arduino: b'Has not second level\r\n'
Message from arduino: b'Calc level for moving from 0 to 3 with cube\r\n'
Message from arduino: b'Has not second level\r\n'
Message from arduino: b'Set level 2\r\n'
Message from arduino: b'Move up\r\n'
Message from arduino: b'Move up\r\n'
Message from arduino: b'Move to position 3\r\n'
Message from arduino: b'Set level 1\r\n'
Message from arduino: b'Move down\r\n'
Message from arduino: b'Raise cube\r\n'
Message from arduino: b'Sklad:\r\n'
Message from arduino: b'000B00\r\n'
Message from arduino: b'0RWGYN\r\n'
Message from arduino: b'Check for work\r\n'
Message from arduino: b'Cell 0 is invalid\r\n'
Message from arduino: b'Sklad:\r\n'
Message from arduino: b'000B00\r\n'
Message from arduino: b'0RWGYN\r\n'
Message from arduino: b'Search for empty cells\r\n'
Message from arduino: b'Trying to fill cell 0\r\n'
Message from arduino: b'Move cube from 5:0 to 0:0\r\n'
Message from arduino: b'Set level 2\r\n'
Message from arduino: b'Move up\r\n'
Message from arduino: b'Turn right\r\n'
Message from arduino: b'Set level 3\r\n'
Message from arduino: b'Move up\r\n'
Message from arduino: b'Calc level for moving from 3 to 4 without cube\r\n'
Message from arduino: b'Has second level\r\n'
Message from arduino: b'Set level 3\r\n'
Message from arduino: b'Move to position 4\r\n'
Message from arduino: b'Set level 0\r\n'
Message from arduino: b'Move down\r\n'
Message from arduino: b'Move down\r\n'
Message from arduino: b'Move down\r\n'
Message from arduino: b'Take cube\r\n'
Message from arduino: b'Set level 2\r\n'
Message from arduino: b'Move up\r\n'
Message from arduino: b'Move up\r\n'
Message from arduino: b'Turn left\r\n'
Message from arduino: b'Set level 3\r\n'
Message from arduino: b'Move up\r\n'
Message from arduino: b'Calc level for moving from 4 to 0 with cube\r\n'
Message from arduino: b'Has second level\r\n'
Message from arduino: b'Calc level for moving from 4 to 0 with cube\r\n'
Message from arduino: b'Has second level\r\n'
Message from arduino: b'Set level 3\r\n'
Message from arduino: b'Move to position 0\r\n'
Message from arduino: b'Set level 0\r\n'
Message from arduino: b'Move down\r\n'
Message from arduino: b'Move down\r\n'
Message from arduino: b'Move down\r\n'
Message from arduino: b'Raise cube\r\n'
Message from arduino: b'Sklad:\r\n'
Message from arduino: b'000B00\r\n'
Message from arduino: b'NRWGY0\r\n'
Message from arduino: b'Check for work\r\n'
Message from arduino: b'Cell 1 is invalid\r\n'
Message from arduino: b'Sklad:\r\n'
Message from arduino: b'000B00\r\n'
Message from arduino: b'NRWGY0\r\n'
Message from arduino: b'Search for empty cells\r\n'
Message from arduino: b'Trying to fill cell 5\r\n'
Message from arduino: b'Move cube from 3:1 to 5:0\r\n'
Message from arduino: b'Calc level for moving from 0 to 3 without cube\r\n'
Message from arduino: b'Has second level\r\n'
Message from arduino: b'Calc level for moving from 0 to 3 without cube\r\n'
Message from arduino: b'Has second level\r\n'
Message from arduino: b'Set level 1\r\n'
Message from arduino: b'Move up\r\n'
Message from arduino: b'Move to position 3\r\n'
Message from arduino: b'Set level 1\r\n'
Message from arduino: b'Take cube\r\n'
Message from arduino: b'Set level 2\r\n'
Message from arduino: b'Move up\r\n'
Message from arduino: b'Turn right\r\n'
Message from arduino: b'Set level 3\r\n'
Message from arduino: b'Move up\r\n'
Message from arduino: b'Calc level for moving from 3 to 4 with cube\r\n'
Message from arduino: b'Has second level\r\n'
Message from arduino: b'Calc level for moving from 3 to 4 with cube\r\n'
Message from arduino: b'Has second level\r\n'
Message from arduino: b'Set level 3\r\n'
Message from arduino: b'Move to position 4\r\n'
Message from arduino: b'Set level 0\r\n'
Message from arduino: b'Move down\r\n'
Message from arduino: b'Move down\r\n'
Message from arduino: b'Move down\r\n'
Message from arduino: b'Raise cube\r\n'
Message from arduino: b'Sklad:\r\n'
Message from arduino: b'000000\r\n'
Message from arduino: b'NRWGYB\r\n'
Message from arduino: b'Check for work\r\n'
Message from arduino: b'Cell 1 is invalid\r\n'
Message from arduino: b'Sklad:\r\n'
Message from arduino: b'000000\r\n'
Message from arduino: b'NRWGYB\r\n'
Message from arduino: b'Search for empty cells\r\n'
Message from arduino: b'Trying to free cell 1\r\n'
Message from arduino: b'Selected level is 0\r\n'
Message from arduino: b'Cell 2 is ball\r\n'
Message from arduino: b'Cell 4 is ball\r\n'
Message from arduino: b'Cell 4 has valid color\r\n'
Message from arduino: b'Allowed positions: 100101\r\n'
Message from arduino: b'Move cube from 1:0 to 0:1\r\n'
Message from arduino: b'Calc level for moving from 4 to 0 without cube\r\n'
Message from arduino: b'Has not second level\r\n'
Message from arduino: b'Calc level for moving from 4 to 0 without cube\r\n'
Message from arduino: b'Has not second level\r\n'
Message from arduino: b'Set level 0\r\n'
Message from arduino: b'Move to position 0\r\n'
Message from arduino: b'Set level 0\r\n'
Message from arduino: b'Take cube\r\n'
Message from arduino: b'Set level 2\r\n'
Message from arduino: b'Move up\r\n'
Message from arduino: b'Move up\r\n'
Message from arduino: b'Turn left\r\n'
Message from arduino: b'Set level 3\r\n'
Message from arduino: b'Move up\r\n'
Message from arduino: b'Calc level for moving from 0 to 0 with cube\r\n'
Message from arduino: b'Has not second level\r\n'
Message from arduino: b'Set level 3\r\n'
Message from arduino: b'Move to position 0\r\n'
Message from arduino: b'Set level 1\r\n'
Message from arduino: b'Move down\r\n'
Message from arduino: b'Move down\r\n'
Message from arduino: b'Raise cube\r\n'
Message from arduino: b'Sklad:\r\n'
Message from arduino: b'R00000\r\n'
Message from arduino: b'N0WGYB\r\n'
Message from arduino: b'Check for work\r\n'
Message from arduino: b'Cell 1 is invalid\r\n'
Message from arduino: b'Sklad:\r\n'
Message from arduino: b'R00000\r\n'
Message from arduino: b'N0WGYB\r\n'
Message from arduino: b'Search for empty cells\r\n'
Message from arduino: b'Trying to fill cell 1\r\n'
Message from arduino: b'Move cube from 4:0 to 1:0\r\n'
Message from arduino: b'Calc level for moving from 0 to 4 without cube\r\n'
Message from arduino: b'Has second level\r\n'
Message from arduino: b'Calc level for moving from 0 to 4 without cube\r\n'
Message from arduino: b'Has second level\r\n'
Message from arduino: b'Set level 1\r\n'
Message from arduino: b'Move to position 4\r\n'
Message from arduino: b'Set level 0\r\n'
Message from arduino: b'Move down\r\n'
Message from arduino: b'Take cube\r\n'
Message from arduino: b'Set level 2\r\n'
Message from arduino: b'Move up\r\n'
Message from arduino: b'Move up\r\n'
Message from arduino: b'Calc level for moving from 4 to 1 with cube\r\n'
Message from arduino: b'Has not second level\r\n'
Message from arduino: b'Calc level for moving from 4 to 1 with cube\r\n'
Message from arduino: b'Has not second level\r\n'
Message from arduino: b'Set level 2\r\n'
Message from arduino: b'Move to position 1\r\n'
Message from arduino: b'Set level 0\r\n'
Message from arduino: b'Move down\r\n'
Message from arduino: b'Move down\r\n'
Message from arduino: b'Raise cube\r\n'
Message from arduino: b'Sklad:\r\n'
Message from arduino: b'R00000\r\n'
Message from arduino: b'NYWG0B\r\n'
Message from arduino: b'Check for work\r\n'
Message from arduino: b'Cell 2 is invalid\r\n'
Message from arduino: b'Sklad:\r\n'
Message from arduino: b'R00000\r\n'
Message from arduino: b'NYWG0B\r\n'
Message from arduino: b'Search for empty cells\r\n'
Message from arduino: b'Trying to fill cell 4\r\n'
Message from arduino: b'Move cube from 0:1 to 4:0\r\n'
Message from arduino: b'Set level 2\r\n'
Message from arduino: b'Move up\r\n'
Message from arduino: b'Move up\r\n'
Message from arduino: b'Calc level for moving from 1 to 0 without cube\r\n'
Message from arduino: b'Has second level\r\n'
Message from arduino: b'Set level 2\r\n'
Message from arduino: b'Move to position 0\r\n'
Message from arduino: b'Set level 1\r\n'
Message from arduino: b'Move down\r\n'
Message from arduino: b'Take cube\r\n'
Message from arduino: b'Calc level for moving from 0 to 4 with cube\r\n'
Message from arduino: b'Has second level\r\n'
Message from arduino: b'Calc level for moving from 0 to 4 with cube\r\n'
Message from arduino: b'Has second level\r\n'
Message from arduino: b'Set level 3\r\n'
Message from arduino: b'Move up\r\n'
Message from arduino: b'Move up\r\n'
Message from arduino: b'Move to position 4\r\n'
Message from arduino: b'Set level 0\r\n'
Message from arduino: b'Move down\r\n'
Message from arduino: b'Move down\r\n'
Message from arduino: b'Move down\r\n'
Message from arduino: b'Raise cube\r\n'
Message from arduino: b'Sklad:\r\n'
Message from arduino: b'000000\r\n'
Message from arduino: b'NYWGRB\r\n'
Message from arduino: b'Check for work\r\n'
Message from arduino: b'Cell 2 is invalid\r\n'
Message from arduino: b'Sklad:\r\n'
Message from arduino: b'000000\r\n'
Message from arduino: b'NYWGRB\r\n'
Message from arduino: b'Search for empty cells\r\n'
Message from arduino: b'Trying to free cell 2\r\n'
Message from arduino: b'Selected level is 0\r\n'
Message from arduino: b'Cell 1 is ball\r\n'
Message from arduino: b'Cell 2 is ball\r\n'
Message from arduino: b'Cell 3 disabled (dop. zadanie)\r\n'
Message from arduino: b'Cell 3 has valid color\r\n'
Message from arduino: b'Cell 4 disabled (dop. zadanie)\r\n'
Message from arduino: b'Allowed positions: 100001\r\n'
Message from arduino: b'Move cube from 2:0 to 0:1\r\n'
Message from arduino: b'Calc level for moving from 4 to 2 without cube\r\n'
Message from arduino: b'Has not second level\r\n'
Message from arduino: b'Calc level for moving from 4 to 2 without cube\r\n'
Message from arduino: b'Has not second level\r\n'
Message from arduino: b'Set level 0\r\n'
Message from arduino: b'Move to position 2\r\n'
Message from arduino: b'Set level 0\r\n'
Message from arduino: b'Take cube\r\n'
Message from arduino: b'Set level 2\r\n'
Message from arduino: b'Move up\r\n'
Message from arduino: b'Move up\r\n'
Message from arduino: b'Calc level for moving from 2 to 0 with cube\r\n'
Message from arduino: b'Has not second level\r\n'
Message from arduino: b'Calc level for moving from 2 to 0 with cube\r\n'
Message from arduino: b'Has not second level\r\n'
Message from arduino: b'Set level 2\r\n'
Message from arduino: b'Move to position 0\r\n'
Message from arduino: b'Set level 1\r\n'
Message from arduino: b'Move down\r\n'
Message from arduino: b'Raise cube\r\n'
Message from arduino: b'Sklad:\r\n'
Message from arduino: b'W00000\r\n'
Message from arduino: b'NY0GRB\r\n'
Message from arduino: b'Check for work\r\n'
Message from arduino: b'Cell 2 is invalid\r\n'
Message from arduino: b'Sklad:\r\n'
Message from arduino: b'W00000\r\n'
Message from arduino: b'NY0GRB\r\n'
Message from arduino: b'Search for empty cells\r\n'
Message from arduino: b'Trying to fill cell 2\r\n'
Message from arduino: b'Move cube from 3:0 to 2:0\r\n'
Message from arduino: b'Calc level for moving from 0 to 3 without cube\r\n'
Message from arduino: b'Has second level\r\n'
Message from arduino: b'Calc level for moving from 0 to 3 without cube\r\n'
Message from arduino: b'Has second level\r\n'
Message from arduino: b'Set level 1\r\n'
Message from arduino: b'Move to position 3\r\n'
Message from arduino: b'Set level 0\r\n'
Message from arduino: b'Move down\r\n'
Message from arduino: b'Take cube\r\n'
Message from arduino: b'Calc level for moving from 3 to 2 with cube\r\n'
Message from arduino: b'Has not second level\r\n'
Message from arduino: b'Calc level for moving from 3 to 2 with cube\r\n'
Message from arduino: b'Has not second level\r\n'
Message from arduino: b'Set level 2\r\n'
Message from arduino: b'Move up\r\n'
Message from arduino: b'Move up\r\n'
Message from arduino: b'Move to position 2\r\n'
Message from arduino: b'Set level 0\r\n'
Message from arduino: b'Move down\r\n'
Message from arduino: b'Move down\r\n'
Message from arduino: b'Raise cube\r\n'
Message from arduino: b'Sklad:\r\n'
Message from arduino: b'W00000\r\n'
Message from arduino: b'NYG0RB\r\n'
Message from arduino: b'Check for work\r\n'
Message from arduino: b'Cell 3 is invalid\r\n'
Message from arduino: b'Sklad:\r\n'
Message from arduino: b'W00000\r\n'
Message from arduino: b'NYG0RB\r\n'
Message from arduino: b'Search for empty cells\r\n'
Message from arduino: b'Trying to fill cell 3\r\n'
Message from arduino: b'Move cube from 0:1 to 3:0\r\n'
Message from arduino: b'Set level 2\r\n'
Message from arduino: b'Move up\r\n'
Message from arduino: b'Move up\r\n'
Message from arduino: b'Calc level for moving from 2 to 0 without cube\r\n'
Message from arduino: b'Has second level\r\n'
Message from arduino: b'Set level 2\r\n'
Message from arduino: b'Move to position 0\r\n'
Message from arduino: b'Set level 1\r\n'
Message from arduino: b'Move down\r\n'
Message from arduino: b'Take cube\r\n'
Message from arduino: b'Calc level for moving from 0 to 3 with cube\r\n'
Message from arduino: b'Has second level\r\n'
Message from arduino: b'Calc level for moving from 0 to 3 with cube\r\n'
Message from arduino: b'Has second level\r\n'
Message from arduino: b'Set level 3\r\n'
Message from arduino: b'Move up\r\n'
Message from arduino: b'Move up\r\n'
Message from arduino: b'Move to position 3\r\n'
Message from arduino: b'Set level 0\r\n'
Message from arduino: b'Move down\r\n'
Message from arduino: b'Move down\r\n'
Message from arduino: b'Move down\r\n'
Message from arduino: b'Raise cube\r\n'
Message from arduino: b'Sklad:\r\n'
Message from arduino: b'000000\r\n'
Message from arduino: b'NYGWRB\r\n'
Message from arduino: b'Check for work\r\n'
Message from arduino: b'All OK!\r\n'
Message from arduino: b'Set level 3\r\n'
Message from arduino: b'Move up\r\n'
Message from arduino: b'Move up\r\n'
Message from arduino: b'Move up\r\n'
Message from arduino: b'Set level 0\r\n'
Message from arduino: b'Move down\r\n'
Message from arduino: b'Move down\r\n'
Message from arduino: b'Move down\r\n'
Message from arduino: b'Done!\r\n'
Message from arduino: b'53 sec.\r\n'
Message from arduino: b'Move home\r\n'
Message from arduino: b'Raise cube\r\n'
Message from arduino: b'Waiting...\r\n'
Message from arduino: b'Waiting...\r\n'
Message from arduino: b'Waiting...\r\n'
Message from arduino: b'Waiting...\r\n'
Message from arduino: b'Waiting...\r\n'
Message from arduino: b'Waiting...\r\n'
Message from arduino: b'Waiting...\r\n'
Message from arduino: b'Waiting...\r\n'
Message from arduino: b'Waiting...\r\n'
Message from arduino: b'Waiting...\r\n'
Message from arduino: b'Waiting...\r\n'
Message from arduino: b'Waiting...\r\n'
Message from arduino: b'Waiting...\r\n'
Message from arduino: b'Waiting...\r\n'
Message from arduino: b'Waiting...\r\n'
Message from arduino: b'Waiting...\r\n'
Message from arduino: b'Waiting...\r\n'
Message from arduino: b'Waiting...\r\n'
Message from arduino: b'Waiting...\r\n'
Message from arduino: b'Waiting...\r\n'
Message from arduino: b'Waiting...\r\n'
Message from arduino: b'Waiting...\r\n'
Message from arduino: b'Waiting...\r\n'
Message from arduino: b'Waiting...\r\n'
Message from arduino: b'Waiting...\r\n'
Message from arduino: b'Waiting...\r\n'
Message from arduino: b'Waiting...\r\n'
Message from arduino: b'Waiting...\r\n'
Message from arduino: b'Waiting...\r\n'
Message from arduino: b'Waiting...\r\n'
Message from arduino: b'Waiting...\r\n'
Message from arduino: b'Waiting...\r\n'
Message from arduino: b'Waiting...\r\n'
Message from arduino: b'Waiting...\r\n'
Message from arduino: b'Waiting...\r\n'
Message from arduino: b'Waiting...\r\n'
Message from arduino: b'Waiting...\r\n'
Message from arduino: b'Waiting...\r\n'
Message from arduino: b'Waiting...\r\n'
Message from arduino: b'Waiting...\r\n'
Message from arduino: b'Waiting...\r\n'
Message from arduino: b'Waiting...\r\n'
Message from arduino: b'Waiting...\r\n'
Message from arduino: b'Waiting...\r\n'
Message from arduino: b'Waiting...\r\n'
Message from arduino: b'Waiting...\r\n'
Message from arduino: b'Set level 3\r\n'
Message from arduino: b'Move up\r\n'
Message from arduino: b'Move up\r\n'
Message from arduino: b'Move up\r\n'
Message from arduino: b'GO!\r\n'
Detecting colors
['SMALL', 0, 'R', 0]
['SMALL', 1, 'R', 2023]
['SMALL', 2, 'R', 0]
['SMALL', 3, 'R', 0]
['SMALL', 4, 'R', 0]
['SMALL', 5, 'R', 58]
['LARGE', 0, 'R', 976]
['LARGE', 1, 'R', 3660]
['LARGE', 2, 'R', 975]
['LARGE', 3, 'R', 1053]
['LARGE', 4, 'R', 10000]
['LARGE', 5, 'R', 975]
['SMALL', 0, 'G', 482]
['SMALL', 1, 'G', 475]
['SMALL', 2, 'G', 475]
['SMALL', 3, 'G', 2496]
['SMALL', 4, 'G', 475]
['SMALL', 5, 'G', 1139]
['LARGE', 0, 'G', 549]
['LARGE', 1, 'G', 0]
['LARGE', 2, 'G', 7275]
['LARGE', 3, 'G', 284]
['LARGE', 4, 'G', 0]
['LARGE', 5, 'G', 25]
['SMALL', 0, 'B', 1995]
['SMALL', 1, 'B', 0]
['SMALL', 2, 'B', 0]
['SMALL', 3, 'B', 1]
['SMALL', 4, 'B', 0]
['SMALL', 5, 'B', 1]
['LARGE', 0, 'B', 9]
['LARGE', 1, 'B', 0]
['LARGE', 2, 'B', 0]
['LARGE', 3, 'B', 78]
['LARGE', 4, 'B', 0]
['LARGE', 5, 'B', 7491]
['SMALL', 0, 'W', 0]
['SMALL', 1, 'W', 0]
['SMALL', 2, 'W', 1993]
['SMALL', 3, 'W', 0]
['SMALL', 4, 'W', 0]
['SMALL', 5, 'W', 0]
['LARGE', 0, 'W', 0]
['LARGE', 1, 'W', 1]
['LARGE', 2, 'W', 0]
['LARGE', 3, 'W', 8033]
['LARGE', 4, 'W', 0]
['LARGE', 5, 'W', 0]
['SMALL', 0, 'Y', 0]
['SMALL', 1, 'Y', 0]
['SMALL', 2, 'Y', 0]
['SMALL', 3, 'Y', 0]
['SMALL', 4, 'Y', 2025]
['SMALL', 5, 'Y', 0]
['LARGE', 0, 'Y', 0]
['LARGE', 1, 'Y', 6595]
['LARGE', 2, 'Y', 0]
['LARGE', 3, 'Y', 68]
['LARGE', 4, 'Y', 0]
['LARGE', 5, 'Y', 0]
Shablon
['B', 'R', 'W', 'G', 'Y', 'N']
Sklad
['N', 'Y', 'G', 'W', 'R', 'B']
Waiting data from arduino...
Message from arduino: b'Check for work\r\n'
Message from arduino: b'Cell 0 is invalid\r\n'
Message from arduino: b'Sklad:\r\n'
Message from arduino: b'000000\r\n'
Message from arduino: b'NYGWRB\r\n'
Message from arduino: b'Search for empty cells\r\n'
Message from arduino: b'Trying to free cell 0\r\n'
Message from arduino: b'Selected level is 0\r\n'
Message from arduino: b'Cell 1 is ball\r\n'
Message from arduino: b'Cell 3 is ball\r\n'
Message from arduino: b'Cell 5 has valid color\r\n'
Message from arduino: b'Allowed positions: 001010\r\n'
Message from arduino: b'Move cube from 0:0 to 2:1\r\n'
Message from arduino: b'Set level 3\r\n'
Message from arduino: b'Calc level for moving from 4 to 0 without cube\r\n'
Message from arduino: b'Has not second level\r\n'
Message from arduino: b'Set level 3\r\n'
Message from arduino: b'Move to position 0\r\n'
Message from arduino: b'Set level 0\r\n'
Message from arduino: b'Move down\r\n'
Message from arduino: b'Move down\r\n'
Message from arduino: b'Move down\r\n'
Message from arduino: b'Take cube\r\n'
Message from arduino: b'Calc level for moving from 0 to 2 with cube\r\n'
Message from arduino: b'Has not second level\r\n'
Message from arduino: b'Calc level for moving from 0 to 2 with cube\r\n'
Message from arduino: b'Has not second level\r\n'
Message from arduino: b'Set level 2\r\n'
Message from arduino: b'Move up\r\n'
Message from arduino: b'Move up\r\n'
Message from arduino: b'Move to position 2\r\n'
Message from arduino: b'Set level 1\r\n'
Message from arduino: b'Move down\r\n'
Message from arduino: b'Raise cube\r\n'
Message from arduino: b'Sklad:\r\n'
Message from arduino: b'00N000\r\n'
Message from arduino: b'0YGWRB\r\n'
Message from arduino: b'Check for work\r\n'
Message from arduino: b'Cell 0 is invalid\r\n'
Message from arduino: b'Sklad:\r\n'
Message from arduino: b'00N000\r\n'
Message from arduino: b'0YGWRB\r\n'
Message from arduino: b'Search for empty cells\r\n'
Message from arduino: b'Trying to fill cell 0\r\n'
Message from arduino: b'Move cube from 5:0 to 0:0\r\n'
Message from arduino: b'Set level 2\r\n'
Message from arduino: b'Move up\r\n'
Message from arduino: b'Turn right\r\n'
Message from arduino: b'Set level 3\r\n'
Message from arduino: b'Move up\r\n'
Message from arduino: b'Calc level for moving from 2 to 4 without cube\r\n'
Message from arduino: b'Has second level\r\n'
Message from arduino: b'Set level 3\r\n'
Message from arduino: b'Move to position 4\r\n'
Message from arduino: b'Set level 0\r\n'
Message from arduino: b'Move down\r\n'
Message from arduino: b'Move down\r\n'
Message from arduino: b'Move down\r\n'
Message from arduino: b'Take cube\r\n'
Message from arduino: b'Set level 2\r\n'
Message from arduino: b'Move up\r\n'
Message from arduino: b'Move up\r\n'
Message from arduino: b'Turn left\r\n'
Message from arduino: b'Set level 3\r\n'
Message from arduino: b'Move up\r\n'
Message from arduino: b'Calc level for moving from 4 to 0 with cube\r\n'
Message from arduino: b'Has second level\r\n'
Message from arduino: b'Calc level for moving from 4 to 0 with cube\r\n'
Message from arduino: b'Has second level\r\n'
Message from arduino: b'Set level 3\r\n'
Message from arduino: b'Move to position 0\r\n'
Message from arduino: b'Set level 0\r\n'
Message from arduino: b'Move down\r\n'
Message from arduino: b'Move down\r\n'
Message from arduino: b'Move down\r\n'
Message from arduino: b'Raise cube\r\n'
Message from arduino: b'Sklad:\r\n'
Message from arduino: b'00N000\r\n'
Message from arduino: b'BYGWR0\r\n'
Message from arduino: b'Check for work\r\n'
Message from arduino: b'Cell 1 is invalid\r\n'
Message from arduino: b'Sklad:\r\n'
Message from arduino: b'00N000\r\n'
Message from arduino: b'BYGWR0\r\n'
Message from arduino: b'Search for empty cells\r\n'
Message from arduino: b'Trying to fill cell 5\r\n'
Message from arduino: b'Move cube from 2:1 to 5:0\r\n'
Message from arduino: b'Calc level for moving from 0 to 2 without cube\r\n'
Message from arduino: b'Has second level\r\n'
Message from arduino: b'Calc level for moving from 0 to 2 without cube\r\n'
Message from arduino: b'Has second level\r\n'
Message from arduino: b'Set level 1\r\n'
Message from arduino: b'Move up\r\n'
Message from arduino: b'Move to position 2\r\n'
Message from arduino: b'Set level 1\r\n'
Message from arduino: b'Take cube\r\n'
Message from arduino: b'Set level 2\r\n'
Message from arduino: b'Move up\r\n'
Message from arduino: b'Turn right\r\n'
Message from arduino: b'Set level 3\r\n'
Message from arduino: b'Move up\r\n'
Message from arduino: b'Calc level for moving from 2 to 4 with cube\r\n'
Message from arduino: b'Has second level\r\n'
Message from arduino: b'Calc level for moving from 2 to 4 with cube\r\n'
Message from arduino: b'Has second level\r\n'
Message from arduino: b'Set level 3\r\n'
Message from arduino: b'Move to position 4\r\n'
Message from arduino: b'Set level 0\r\n'
Message from arduino: b'Move down\r\n'
Message from arduino: b'Move down\r\n'
Message from arduino: b'Move down\r\n'
Message from arduino: b'Raise cube\r\n'
Message from arduino: b'Sklad:\r\n'
Message from arduino: b'000000\r\n'
Message from arduino: b'BYGWRN\r\n'
Message from arduino: b'Check for work\r\n'
Message from arduino: b'Cell 1 is invalid\r\n'
Message from arduino: b'Sklad:\r\n'
Message from arduino: b'000000\r\n'
Message from arduino: b'BYGWRN\r\n'
Message from arduino: b'Search for empty cells\r\n'
Message from arduino: b'Trying to free cell 1\r\n'
Message from arduino: b'Selected level is 0\r\n'
Message from arduino: b'Cell 1 is ball\r\n'
Message from arduino: b'Cell 2 disabled (dop. zadanie)\r\n'
Message from arduino: b'Cell 3 is ball\r\n'
Message from arduino: b'Cell 4 disabled (dop. zadanie)\r\n'
Message from arduino: b'Cell 4 has valid color\r\n'
Message from arduino: b'Allowed positions: 100001\r\n'
Message from arduino: b'Move cube from 1:0 to 0:1\r\n'
Message from arduino: b'Calc level for moving from 4 to 0 without cube\r\n'
Message from arduino: b'Has not second level\r\n'
Message from arduino: b'Calc level for moving from 4 to 0 without cube\r\n'
Message from arduino: b'Has not second level\r\n'
Message from arduino: b'Set level 0\r\n'
Message from arduino: b'Move to position 0\r\n'
Message from arduino: b'Set level 0\r\n'
Message from arduino: b'Take cube\r\n'
Message from arduino: b'Set level 2\r\n'
Message from arduino: b'Move up\r\n'
Message from arduino: b'Move up\r\n'
Message from arduino: b'Turn left\r\n'
Message from arduino: b'Set level 3\r\n'
Message from arduino: b'Move up\r\n'
Message from arduino: b'Calc level for moving from 0 to 0 with cube\r\n'
Message from arduino: b'Has not second level\r\n'
Message from arduino: b'Set level 3\r\n'
Message from arduino: b'Move to position 0\r\n'
Message from arduino: b'Set level 1\r\n'
Message from arduino: b'Move down\r\n'
Message from arduino: b'Move down\r\n'
Message from arduino: b'Raise cube\r\n'
Message from arduino: b'Sklad:\r\n'
Message from arduino: b'Y00000\r\n'
Message from arduino: b'B0GWRN\r\n'
Message from arduino: b'Check for work\r\n'
Message from arduino: b'Cell 1 is invalid\r\n'
Message from arduino: b'Sklad:\r\n'
Message from arduino: b'Y00000\r\n'
Message from arduino: b'B0GWRN\r\n'
Message from arduino: b'Search for empty cells\r\n'
Message from arduino: b'Trying to fill cell 1\r\n'
Message from arduino: b'Move cube from 4:0 to 1:0\r\n'
Message from arduino: b'Calc level for moving from 0 to 4 without cube\r\n'
Message from arduino: b'Has second level\r\n'
Message from arduino: b'Calc level for moving from 0 to 4 without cube\r\n'
Message from arduino: b'Has second level\r\n'
Message from arduino: b'Set level 1\r\n'
Message from arduino: b'Move to position 4\r\n'
Message from arduino: b'Set level 0\r\n'
Message from arduino: b'Move down\r\n'
Message from arduino: b'Take cube\r\n'
Message from arduino: b'Set level 2\r\n'
Message from arduino: b'Move up\r\n'
Message from arduino: b'Move up\r\n'
Message from arduino: b'Calc level for moving from 4 to 1 with cube\r\n'
Message from arduino: b'Has not second level\r\n'
Message from arduino: b'Calc level for moving from 4 to 1 with cube\r\n'
Message from arduino: b'Has not second level\r\n'
Message from arduino: b'Set level 2\r\n'
Message from arduino: b'Move to position 1\r\n'
Message from arduino: b'Set level 0\r\n'
Message from arduino: b'Move down\r\n'
Message from arduino: b'Move down\r\n'
Message from arduino: b'Raise cube\r\n'
Message from arduino: b'Sklad:\r\n'
Message from arduino: b'Y00000\r\n'
Message from arduino: b'BRGW0N\r\n'
Message from arduino: b'Check for work\r\n'
Message from arduino: b'Cell 2 is invalid\r\n'
Message from arduino: b'Sklad:\r\n'
Message from arduino: b'Y00000\r\n'
Message from arduino: b'BRGW0N\r\n'
Message from arduino: b'Search for empty cells\r\n'
Message from arduino: b'Trying to fill cell 4\r\n'
Message from arduino: b'Move cube from 0:1 to 4:0\r\n'
Message from arduino: b'Set level 2\r\n'
Message from arduino: b'Move up\r\n'
Message from arduino: b'Move up\r\n'
Message from arduino: b'Calc level for moving from 1 to 0 without cube\r\n'
Message from arduino: b'Has second level\r\n'
Message from arduino: b'Set level 2\r\n'
Message from arduino: b'Move to position 0\r\n'
Message from arduino: b'Set level 1\r\n'
Message from arduino: b'Move down\r\n'
Message from arduino: b'Take cube\r\n'
Message from arduino: b'Calc level for moving from 0 to 4 with cube\r\n'
Message from arduino: b'Has second level\r\n'
Message from arduino: b'Calc level for moving from 0 to 4 with cube\r\n'
Message from arduino: b'Has second level\r\n'
Message from arduino: b'Set level 3\r\n'
Message from arduino: b'Move up\r\n'
Message from arduino: b'Move up\r\n'
Message from arduino: b'Move to position 4\r\n'
Message from arduino: b'Set level 0\r\n'
Message from arduino: b'Move down\r\n'
Message from arduino: b'Move down\r\n'
Message from arduino: b'Move down\r\n'
Message from arduino: b'Raise cube\r\n'
Message from arduino: b'Sklad:\r\n'
Message from arduino: b'000000\r\n'
Message from arduino: b'BRGWYN\r\n'
Message from arduino: b'Check for work\r\n'
Message from arduino: b'Cell 2 is invalid\r\n'
Message from arduino: b'Sklad:\r\n'
Message from arduino: b'000000\r\n'
Message from arduino: b'BRGWYN\r\n'
Message from arduino: b'Search for empty cells\r\n'
Message from arduino: b'Trying to free cell 2\r\n'
Message from arduino: b'Selected level is 0\r\n'
Message from arduino: b'Cell 3 is ball\r\n'
Message from arduino: b'Cell 3 has valid color\r\n'
Message from arduino: b'Cell 4 is ball\r\n'
Message from arduino: b'Allowed positions: 110001\r\n'
Message from arduino: b'Move cube from 2:0 to 0:1\r\n'
Message from arduino: b'Calc level for moving from 4 to 2 without cube\r\n'
Message from arduino: b'Has not second level\r\n'
Message from arduino: b'Calc level for moving from 4 to 2 without cube\r\n'
Message from arduino: b'Has not second level\r\n'
Message from arduino: b'Set level 0\r\n'
Message from arduino: b'Move to position 2\r\n'
Message from arduino: b'Set level 0\r\n'
Message from arduino: b'Take cube\r\n'
Message from arduino: b'Set level 2\r\n'
Message from arduino: b'Move up\r\n'
Message from arduino: b'Move up\r\n'
Message from arduino: b'Calc level for moving from 2 to 0 with cube\r\n'
Message from arduino: b'Has not second level\r\n'
Message from arduino: b'Calc level for moving from 2 to 0 with cube\r\n'
Message from arduino: b'Has not second level\r\n'
Message from arduino: b'Set level 2\r\n'
Message from arduino: b'Move to position 0\r\n'
Message from arduino: b'Set level 1\r\n'
Message from arduino: b'Move down\r\n'
Message from arduino: b'Raise cube\r\n'
Message from arduino: b'Sklad:\r\n'
Message from arduino: b'G00000\r\n'
Message from arduino: b'BR0WYN\r\n'
Message from arduino: b'Check for work\r\n'
Message from arduino: b'Cell 2 is invalid\r\n'
Message from arduino: b'Sklad:\r\n'
Message from arduino: b'G00000\r\n'
Message from arduino: b'BR0WYN\r\n'
Message from arduino: b'Search for empty cells\r\n'
Message from arduino: b'Trying to fill cell 2\r\n'
Message from arduino: b'Move cube from 3:0 to 2:0\r\n'
Message from arduino: b'Calc level for moving from 0 to 3 without cube\r\n'
Message from arduino: b'Has second level\r\n'
Message from arduino: b'Calc level for moving from 0 to 3 without cube\r\n'
Message from arduino: b'Has second level\r\n'
Message from arduino: b'Set level 1\r\n'
Message from arduino: b'Move to position 3\r\n'
Message from arduino: b'Set level 0\r\n'
Message from arduino: b'Move down\r\n'
Message from arduino: b'Take cube\r\n'
Message from arduino: b'Calc level for moving from 3 to 2 with cube\r\n'
Message from arduino: b'Has not second level\r\n'
Message from arduino: b'Calc level for moving from 3 to 2 with cube\r\n'
Message from arduino: b'Has not second level\r\n'
Message from arduino: b'Set level 2\r\n'
Message from arduino: b'Move up\r\n'
Message from arduino: b'Move up\r\n'
Message from arduino: b'Move to position 2\r\n'
Message from arduino: b'Set level 0\r\n'
Message from arduino: b'Move down\r\n'
Message from arduino: b'Move down\r\n'
Message from arduino: b'Raise cube\r\n'
Message from arduino: b'Sklad:\r\n'
Message from arduino: b'G00000\r\n'
Message from arduino: b'BRW0YN\r\n'
Message from arduino: b'Check for work\r\n'
Message from arduino: b'Cell 3 is invalid\r\n'
Message from arduino: b'Sklad:\r\n'
Message from arduino: b'G00000\r\n'
Message from arduino: b'BRW0YN\r\n'
Message from arduino: b'Search for empty cells\r\n'
Message from arduino: b'Trying to fill cell 3\r\n'
Message from arduino: b'Move cube from 0:1 to 3:0\r\n'
Message from arduino: b'Set level 2\r\n'
Message from arduino: b'Move up\r\n'
Message from arduino: b'Move up\r\n'
Message from arduino: b'Calc level for moving from 2 to 0 without cube\r\n'
Message from arduino: b'Has second level\r\n'
Message from arduino: b'Set level 2\r\n'
Message from arduino: b'Move to position 0\r\n'
Message from arduino: b'Set level 1\r\n'
Message from arduino: b'Move down\r\n'
Message from arduino: b'Take cube\r\n'
Message from arduino: b'Calc level for moving from 0 to 3 with cube\r\n'
Message from arduino: b'Has second level\r\n'
Message from arduino: b'Calc level for moving from 0 to 3 with cube\r\n'
Message from arduino: b'Has second level\r\n'
Message from arduino: b'Set level 3\r\n'
Message from arduino: b'Move up\r\n'
Message from arduino: b'Move up\r\n'
Message from arduino: b'Move to position 3\r\n'
Message from arduino: b'Set level 0\r\n'
Message from arduino: b'Move down\r\n'
Message from arduino: b'Move down\r\n'
Message from arduino: b'Move down\r\n'
Message from arduino: b'Raise cube\r\n'
Message from arduino: b'Sklad:\r\n'
Message from arduino: b'000000\r\n'
Message from arduino: b'BRWGYN\r\n'
Message from arduino: b'Check for work\r\n'
Message from arduino: b'All OK!\r\n'
Message from arduino: b'Set level 3\r\n'
Message from arduino: b'Move up\r\n'
Message from arduino: b'Move up\r\n'
Message from arduino: b'Move up\r\n'
Message from arduino: b'Set level 0\r\n'
Message from arduino: b'Move down\r\n'
Message from arduino: b'Move down\r\n'
Message from arduino: b'Move down\r\n'
Message from arduino: b'Done!\r\n'
Message from arduino: b'53 sec.\r\n'
Message from arduino: b'Move home\r\n'
Message from arduino: b'Raise cube\r\n'
Message from arduino: b'Waiting...\r\n'
Message from arduino: b'Waiting...\r\n'
Message from arduino: b'Waiting...\r\n'
Message from arduino: b'Waiting...\r\n'
Message from arduino: b'Waiting...\r\n'
Message from arduino: b'Waiting...\r\n'
Message from arduino: b'Waiting...\r\n'
Message from arduino: b'Waiting...\r\n'
Message from arduino: b'Waiting...\r\n'
Message from arduino: b'Waiting...\r\n'
Message from arduino: b'Waiting...\r\n'
Message from arduino: b'Waiting...\r\n'
Message from arduino: b'Waiting...\r\n'
Message from arduino: b'Waiting...\r\n'
Message from arduino: b'Waiting...\r\n'
Message from arduino: b'Waiting...\r\n'
Message from arduino: b'Waiting...\r\n'
Message from arduino: b'Waiting...\r\n'
Message from arduino: b'Waiting...\r\n'
Message from arduino: b'Waiting...\r\n'
Message from arduino: b'Waiting...\r\n'
Message from arduino: b'Waiting...\r\n'
Message from arduino: b'Waiting...\r\n'
Message from arduino: b'Waiting...\r\n'
Message from arduino: b'Waiting...\r\n'
Message from arduino: b'Waiting...\r\n'
Message from arduino: b'Waiting...\r\n'
Message from arduino: b'Waiting...\r\n'
Message from arduino: b'Waiting...\r\n'
Message from arduino: b'Waiting...\r\n'
Message from arduino: b'Waiting...\r\n'
Message from arduino: b'Waiting...\r\n'
Message from arduino: b'Waiting...\r\n'
Message from arduino: b'Set level 3\r\n'
Message from arduino: b'Move up\r\n'
Message from arduino: b'Move up\r\n'
Message from arduino: b'Move up\r\n'
Message from arduino: b'GO!\r\n'
Detecting colors
['SMALL', 0, 'R', 2]
['SMALL', 1, 'R', 0]
['SMALL', 2, 'R', 0]
['SMALL', 3, 'R', 0]
['SMALL', 4, 'R', 2025]
['SMALL', 5, 'R', 0]
['LARGE', 0, 'R', 975]
['LARGE', 1, 'R', 9446]
['LARGE', 2, 'R', 1071]
['LARGE', 3, 'R', 975]
['LARGE', 4, 'R', 2747]
['LARGE', 5, 'R', 977]
['SMALL', 0, 'G', 824]
['SMALL', 1, 'G', 475]
['SMALL', 2, 'G', 2500]
['SMALL', 3, 'G', 475]
['SMALL', 4, 'G', 475]
['SMALL', 5, 'G', 494]
['LARGE', 0, 'G', 21]
['LARGE', 1, 'G', 0]
['LARGE', 2, 'G', 404]
['LARGE', 3, 'G', 7033]
['LARGE', 4, 'G', 6]
['LARGE', 5, 'G', 36]
['SMALL', 0, 'B', 8]
['SMALL', 1, 'B', 0]
['SMALL', 2, 'B', 0]
['SMALL', 3, 'B', 0]
['SMALL', 4, 'B', 0]
['SMALL', 5, 'B', 1992]
['LARGE', 0, 'B', 5294]
['LARGE', 1, 'B', 0]
['LARGE', 2, 'B', 94]
['LARGE', 3, 'B', 0]
['LARGE', 4, 'B', 0]
['LARGE', 5, 'B', 1]
['SMALL', 0, 'W', 9]
['SMALL', 1, 'W', 0]
['SMALL', 2, 'W', 0]
['SMALL', 3, 'W', 1984]
['SMALL', 4, 'W', 0]
['SMALL', 5, 'W', 0]
['LARGE', 0, 'W', 0]
['LARGE', 1, 'W', 0]
['LARGE', 2, 'W', 7217]
['LARGE', 3, 'W', 0]
['LARGE', 4, 'W', 1]
['LARGE', 5, 'W', 1]
['SMALL', 0, 'Y', 2]
['SMALL', 1, 'Y', 2025]
['SMALL', 2, 'Y', 0]
['SMALL', 3, 'Y', 1]
['SMALL', 4, 'Y', 0]
['SMALL', 5, 'Y', 0]
['LARGE', 0, 'Y', 0]
['LARGE', 1, 'Y', 0]
['LARGE', 2, 'Y', 62]
['LARGE', 3, 'Y', 0]
['LARGE', 4, 'Y', 7405]
['LARGE', 5, 'Y', 3]
Shablon
['N', 'Y', 'G', 'W', 'R', 'B']
Sklad
['B', 'R', 'W', 'G', 'Y', 'N']
Waiting data from arduino...
Message from arduino: b'Check for work\r\n'
Message from arduino: b'Cell 0 is invalid\r\n'
Message from arduino: b'Sklad:\r\n'
Message from arduino: b'000000\r\n'
Message from arduino: b'BRWGYN\r\n'
Message from arduino: b'Search for empty cells\r\n'
Message from arduino: b'Trying to free cell 0\r\n'
Message from arduino: b'Selected level is 0\r\n'
Message from arduino: b'Cell 2 is ball\r\n'
Message from arduino: b'Cell 4 is ball\r\n'
Message from arduino: b'Cell 5 has valid color\r\n'
Message from arduino: b'Allowed positions: 000100\r\n'
Message from arduino: b'Move cube from 0:0 to 3:1\r\n'
Message from arduino: b'Set level 3\r\n'
Message from arduino: b'Calc level for moving from 4 to 0 without cube\r\n'
Message from arduino: b'Has not second level\r\n'
Message from arduino: b'Set level 3\r\n'
Message from arduino: b'Move to position 0\r\n'
Message from arduino: b'Set level 0\r\n'
Message from arduino: b'Move down\r\n'
Message from arduino: b'Move down\r\n'
Message from arduino: b'Move down\r\n'
Message from arduino: b'Take cube\r\n'
Message from arduino: b'Calc level for moving from 0 to 3 with cube\r\n'
Message from arduino: b'Has not second level\r\n'
Message from arduino: b'Calc level for moving from 0 to 3 with cube\r\n'
Message from arduino: b'Has not second level\r\n'
Message from arduino: b'Set level 2\r\n'
Message from arduino: b'Move up\r\n'
Message from arduino: b'Move up\r\n'
Message from arduino: b'Move to position 3\r\n'
Message from arduino: b'Set level 1\r\n'
Message from arduino: b'Move down\r\n'
Message from arduino: b'Raise cube\r\n'
Message from arduino: b'Sklad:\r\n'
Message from arduino: b'000B00\r\n'
Message from arduino: b'0RWGYN\r\n'
Message from arduino: b'Check for work\r\n'
Message from arduino: b'Cell 0 is invalid\r\n'
Message from arduino: b'Sklad:\r\n'
Message from arduino: b'000B00\r\n'
Message from arduino: b'0RWGYN\r\n'
Message from arduino: b'Search for empty cells\r\n'
Message from arduino: b'Trying to fill cell 0\r\n'
Message from arduino: b'Move cube from 5:0 to 0:0\r\n'
Message from arduino: b'Set level 2\r\n'
Message from arduino: b'Move up\r\n'
Message from arduino: b'Turn right\r\n'
Message from arduino: b'Set level 3\r\n'
Message from arduino: b'Move up\r\n'
Message from arduino: b'Calc level for moving from 3 to 4 without cube\r\n'
Message from arduino: b'Has second level\r\n'
Message from arduino: b'Set level 3\r\n'
Message from arduino: b'Move to position 4\r\n'
Message from arduino: b'Set level 0\r\n'
Message from arduino: b'Move down\r\n'
Message from arduino: b'Move down\r\n'
Message from arduino: b'Move down\r\n'
Message from arduino: b'Take cube\r\n'
Message from arduino: b'Set level 2\r\n'
Message from arduino: b'Move up\r\n'
Message from arduino: b'Move up\r\n'
Message from arduino: b'Turn left\r\n'
Message from arduino: b'Set level 3\r\n'
Message from arduino: b'Move up\r\n'
Message from arduino: b'Calc level for moving from 4 to 0 with cube\r\n'
Message from arduino: b'Has second level\r\n'
Message from arduino: b'Calc level for moving from 4 to 0 with cube\r\n'
Message from arduino: b'Has second level\r\n'
Message from arduino: b'Set level 3\r\n'
Message from arduino: b'Move to position 0\r\n'
Message from arduino: b'Set level 0\r\n'
Message from arduino: b'Move down\r\n'
Message from arduino: b'Move down\r\n'
Message from arduino: b'Move down\r\n'
Message from arduino: b'Raise cube\r\n'
Message from arduino: b'Sklad:\r\n'
Message from arduino: b'000B00\r\n'
Message from arduino: b'NRWGY0\r\n'
Message from arduino: b'Check for work\r\n'
Message from arduino: b'Cell 1 is invalid\r\n'
Message from arduino: b'Sklad:\r\n'
Message from arduino: b'000B00\r\n'
Message from arduino: b'NRWGY0\r\n'
Message from arduino: b'Search for empty cells\r\n'
Message from arduino: b'Trying to fill cell 5\r\n'
Message from arduino: b'Move cube from 3:1 to 5:0\r\n'
Message from arduino: b'Calc level for moving from 0 to 3 without cube\r\n'
Message from arduino: b'Has second level\r\n'
Message from arduino: b'Calc level for moving from 0 to 3 without cube\r\n'
Message from arduino: b'Has second level\r\n'
Message from arduino: b'Set level 1\r\n'
Message from arduino: b'Move up\r\n'
Message from arduino: b'Move to position 3\r\n'
Message from arduino: b'Set level 1\r\n'
Message from arduino: b'Take cube\r\n'
Message from arduino: b'Set level 2\r\n'
Message from arduino: b'Move up\r\n'
Message from arduino: b'Turn right\r\n'
Message from arduino: b'Set level 3\r\n'
Message from arduino: b'Move up\r\n'
Message from arduino: b'Calc level for moving from 3 to 4 with cube\r\n'
Message from arduino: b'Has second level\r\n'
Message from arduino: b'Calc level for moving from 3 to 4 with cube\r\n'
Message from arduino: b'Has second level\r\n'
Message from arduino: b'Set level 3\r\n'
Message from arduino: b'Move to position 4\r\n'
Message from arduino: b'Set level 0\r\n'
Message from arduino: b'Move down\r\n'
Message from arduino: b'Move down\r\n'
Message from arduino: b'Move down\r\n'
Message from arduino: b'Raise cube\r\n'
Message from arduino: b'Sklad:\r\n'
Message from arduino: b'000000\r\n'
Message from arduino: b'NRWGYB\r\n'
Message from arduino: b'Check for work\r\n'
Message from arduino: b'Cell 1 is invalid\r\n'
Message from arduino: b'Sklad:\r\n'
Message from arduino: b'000000\r\n'
Message from arduino: b'NRWGYB\r\n'
Message from arduino: b'Search for empty cells\r\n'
Message from arduino: b'Trying to free cell 1\r\n'
Message from arduino: b'Selected level is 0\r\n'
Message from arduino: b'Cell 2 is ball\r\n'
Message from arduino: b'Cell 4 is ball\r\n'
Message from arduino: b'Cell 4 has valid color\r\n'
Message from arduino: b'Allowed positions: 100101\r\n'
Message from arduino: b'Move cube from 1:0 to 0:1\r\n'
Message from arduino: b'Calc level for moving from 4 to 0 without cube\r\n'
Message from arduino: b'Has not second level\r\n'
Message from arduino: b'Calc level for moving from 4 to 0 without cube\r\n'
Message from arduino: b'Has not second level\r\n'
Message from arduino: b'Set level 0\r\n'
Message from arduino: b'Move to position 0\r\n'
Message from arduino: b'Set level 0\r\n'
Message from arduino: b'Take cube\r\n'
Message from arduino: b'Set level 2\r\n'
Message from arduino: b'Move up\r\n'
Message from arduino: b'Move up\r\n'
Message from arduino: b'Turn left\r\n'
Message from arduino: b'Set level 3\r\n'
Message from arduino: b'Move up\r\n'
Message from arduino: b'Calc level for moving from 0 to 0 with cube\r\n'
Message from arduino: b'Has not second level\r\n'
Message from arduino: b'Set level 3\r\n'
Message from arduino: b'Move to position 0\r\n'
Message from arduino: b'Set level 1\r\n'
Message from arduino: b'Move down\r\n'
Message from arduino: b'Move down\r\n'
Message from arduino: b'Raise cube\r\n'
Message from arduino: b'Sklad:\r\n'
Message from arduino: b'R00000\r\n'
Message from arduino: b'N0WGYB\r\n'
Message from arduino: b'Check for work\r\n'
Message from arduino: b'Cell 1 is invalid\r\n'
Message from arduino: b'Sklad:\r\n'
Message from arduino: b'R00000\r\n'
Message from arduino: b'N0WGYB\r\n'
Message from arduino: b'Search for empty cells\r\n'
Message from arduino: b'Trying to fill cell 1\r\n'
Message from arduino: b'Move cube from 4:0 to 1:0\r\n'
Message from arduino: b'Calc level for moving from 0 to 4 without cube\r\n'
Message from arduino: b'Has second level\r\n'
Message from arduino: b'Calc level for moving from 0 to 4 without cube\r\n'
Message from arduino: b'Has second level\r\n'
Message from arduino: b'Set level 1\r\n'
Message from arduino: b'Move to position 4\r\n'
Message from arduino: b'Set level 0\r\n'
Message from arduino: b'Move down\r\n'
Message from arduino: b'Take cube\r\n'
Message from arduino: b'Set level 2\r\n'
Message from arduino: b'Move up\r\n'
Message from arduino: b'Move up\r\n'
Message from arduino: b'Calc level for moving from 4 to 1 with cube\r\n'
Message from arduino: b'Has not second level\r\n'
Message from arduino: b'Calc level for moving from 4 to 1 with cube\r\n'
Message from arduino: b'Has not second level\r\n'
Message from arduino: b'Set level 2\r\n'
Message from arduino: b'Move to position 1\r\n'
Message from arduino: b'Set level 0\r\n'
Message from arduino: b'Move down\r\n'
Message from arduino: b'Move down\r\n'
Message from arduino: b'Raise cube\r\n'
Message from arduino: b'Sklad:\r\n'
Message from arduino: b'R00000\r\n'
Message from arduino: b'NYWG0B\r\n'
Message from arduino: b'Check for work\r\n'
Message from arduino: b'Cell 2 is invalid\r\n'
Message from arduino: b'Sklad:\r\n'
Message from arduino: b'R00000\r\n'
Message from arduino: b'NYWG0B\r\n'
Message from arduino: b'Search for empty cells\r\n'
Message from arduino: b'Trying to fill cell 4\r\n'
Message from arduino: b'Move cube from 0:1 to 4:0\r\n'
Message from arduino: b'Set level 2\r\n'
Message from arduino: b'Move up\r\n'
Message from arduino: b'Move up\r\n'
Message from arduino: b'Calc level for moving from 1 to 0 without cube\r\n'
Message from arduino: b'Has second level\r\n'
Message from arduino: b'Set level 2\r\n'
Message from arduino: b'Move to position 0\r\n'
Message from arduino: b'Set level 1\r\n'
Message from arduino: b'Move down\r\n'
Message from arduino: b'Take cube\r\n'
Message from arduino: b'Calc level for moving from 0 to 4 with cube\r\n'
Message from arduino: b'Has second level\r\n'
Message from arduino: b'Calc level for moving from 0 to 4 with cube\r\n'
Message from arduino: b'Has second level\r\n'
Message from arduino: b'Set level 3\r\n'
Message from arduino: b'Move up\r\n'
Message from arduino: b'Move up\r\n'
Message from arduino: b'Move to position 4\r\n'
Message from arduino: b'Set level 0\r\n'
Message from arduino: b'Move down\r\n'
Message from arduino: b'Move down\r\n'
Message from arduino: b'Move down\r\n'
Message from arduino: b'Raise cube\r\n'
Message from arduino: b'Sklad:\r\n'
Message from arduino: b'000000\r\n'
Message from arduino: b'NYWGRB\r\n'
Message from arduino: b'Check for work\r\n'
Message from arduino: b'Cell 2 is invalid\r\n'
Message from arduino: b'Sklad:\r\n'
Message from arduino: b'000000\r\n'
Message from arduino: b'NYWGRB\r\n'
Message from arduino: b'Search for empty cells\r\n'
Message from arduino: b'Trying to free cell 2\r\n'
Message from arduino: b'Selected level is 0\r\n'
Message from arduino: b'Cell 1 is ball\r\n'
Message from arduino: b'Cell 2 is ball\r\n'
Message from arduino: b'Cell 3 disabled (dop. zadanie)\r\n'
Message from arduino: b'Cell 3 has valid color\r\n'
Message from arduino: b'Cell 4 disabled (dop. zadanie)\r\n'
Message from arduino: b'Allowed positions: 100001\r\n'
Message from arduino: b'Move cube from 2:0 to 0:1\r\n'
Message from arduino: b'Calc level for moving from 4 to 2 without cube\r\n'
Message from arduino: b'Has not second level\r\n'
Message from arduino: b'Calc level for moving from 4 to 2 without cube\r\n'
Message from arduino: b'Has not second level\r\n'
Message from arduino: b'Set level 0\r\n'
Message from arduino: b'Move to position 2\r\n'
Message from arduino: b'Set level 0\r\n'
Message from arduino: b'Take cube\r\n'
Message from arduino: b'Set level 2\r\n'
Message from arduino: b'Move up\r\n'
Message from arduino: b'Move up\r\n'
Message from arduino: b'Calc level for moving from 2 to 0 with cube\r\n'
Message from arduino: b'Has not second level\r\n'
Message from arduino: b'Calc level for moving from 2 to 0 with cube\r\n'
Message from arduino: b'Has not second level\r\n'
Message from arduino: b'Set level 2\r\n'
Message from arduino: b'Move to position 0\r\n'
Message from arduino: b'Set level 1\r\n'
Message from arduino: b'Move down\r\n'
Message from arduino: b'Raise cube\r\n'
Message from arduino: b'Sklad:\r\n'
Message from arduino: b'W00000\r\n'
Message from arduino: b'NY0GRB\r\n'
Message from arduino: b'Check for work\r\n'
Message from arduino: b'Cell 2 is invalid\r\n'
Message from arduino: b'Sklad:\r\n'
Message from arduino: b'W00000\r\n'
Message from arduino: b'NY0GRB\r\n'
Message from arduino: b'Search for empty cells\r\n'
Message from arduino: b'Trying to fill cell 2\r\n'
Message from arduino: b'Move cube from 3:0 to 2:0\r\n'
Message from arduino: b'Calc level for moving from 0 to 3 without cube\r\n'
Message from arduino: b'Has second level\r\n'
Message from arduino: b'Calc level for moving from 0 to 3 without cube\r\n'
Message from arduino: b'Has second level\r\n'
Message from arduino: b'Set level 1\r\n'
Message from arduino: b'Move to position 3\r\n'
Message from arduino: b'Set level 0\r\n'
Message from arduino: b'Move down\r\n'
Message from arduino: b'Take cube\r\n'
Message from arduino: b'Calc level for moving from 3 to 2 with cube\r\n'
Message from arduino: b'Has not second level\r\n'
Message from arduino: b'Calc level for moving from 3 to 2 with cube\r\n'
Message from arduino: b'Has not second level\r\n'
Message from arduino: b'Set level 2\r\n'
Message from arduino: b'Move up\r\n'
Message from arduino: b'Move up\r\n'
Message from arduino: b'Move to position 2\r\n'
Message from arduino: b'Set level 0\r\n'
Message from arduino: b'Move down\r\n'
Message from arduino: b'Move down\r\n'
Message from arduino: b'Raise cube\r\n'
Message from arduino: b'Sklad:\r\n'
Message from arduino: b'W00000\r\n'
Message from arduino: b'NYG0RB\r\n'
Message from arduino: b'Check for work\r\n'
Message from arduino: b'Cell 3 is invalid\r\n'
Message from arduino: b'Sklad:\r\n'
Message from arduino: b'W00000\r\n'
Message from arduino: b'NYG0RB\r\n'
Message from arduino: b'Search for empty cells\r\n'
Message from arduino: b'Trying to fill cell 3\r\n'
Message from arduino: b'Move cube from 0:1 to 3:0\r\n'
Message from arduino: b'Set level 2\r\n'
Message from arduino: b'Move up\r\n'
Message from arduino: b'Move up\r\n'
Message from arduino: b'Calc level for moving from 2 to 0 without cube\r\n'
Message from arduino: b'Has second level\r\n'
Message from arduino: b'Set level 2\r\n'
Message from arduino: b'Move to position 0\r\n'
Message from arduino: b'Set level 1\r\n'
Message from arduino: b'Move down\r\n'
Message from arduino: b'Take cube\r\n'
Message from arduino: b'Calc level for moving from 0 to 3 with cube\r\n'
Message from arduino: b'Has second level\r\n'
Message from arduino: b'Calc level for moving from 0 to 3 with cube\r\n'
Message from arduino: b'Has second level\r\n'
Message from arduino: b'Set level 3\r\n'
Message from arduino: b'Move up\r\n'
Message from arduino: b'Move up\r\n'
Message from arduino: b'Move to position 3\r\n'
Message from arduino: b'Set level 0\r\n'
Message from arduino: b'Move down\r\n'
Message from arduino: b'Move down\r\n'
Message from arduino: b'Move down\r\n'
Message from arduino: b'Raise cube\r\n'
Message from arduino: b'Sklad:\r\n'
Message from arduino: b'000000\r\n'
Message from arduino: b'NYGWRB\r\n'
Message from arduino: b'Check for work\r\n'
Message from arduino: b'All OK!\r\n'
Message from arduino: b'Set level 3\r\n'
Message from arduino: b'Move up\r\n'
Message from arduino: b'Move up\r\n'
Message from arduino: b'Move up\r\n'
Message from arduino: b'Set level 0\r\n'
Message from arduino: b'Move down\r\n'
Message from arduino: b'Move down\r\n'
Message from arduino: b'Move down\r\n'
Message from arduino: b'Done!\r\n'
Message from arduino: b'53 sec.\r\n'
Message from arduino: b'Move home\r\n'
Message from arduino: b'Raise cube\r\n'
Message from arduino: b'Waiting...\r\n'
Message from arduino: b'Waiting...\r\n'
Message from arduino: b'Waiting...\r\n'
Message from arduino: b'Waiting...\r\n'
Message from arduino: b'Waiting...\r\n'
Message from arduino: b'Waiting...\r\n'
Message from arduino: b'Waiting...\r\n'
Message from arduino: b'Waiting...\r\n'
Message from arduino: b'Waiting...\r\n'
Message from arduino: b'Waiting...\r\n'
Message from arduino: b'Waiting...\r\n'
Message from arduino: b'Waiting...\r\n'
Message from arduino: b'Waiting...\r\n'
Message from arduino: b'Waiting...\r\n'
Message from arduino: b'Waiting...\r\n'
Message from arduino: b'Waiting...\r\n'
Message from arduino: b'Waiting...\r\n'
Message from arduino: b'Waiting...\r\n'
Message from arduino: b'Waiting...\r\n'
Message from arduino: b'Waiting...\r\n'
Message from arduino: b'Waiting...\r\n'
Message from arduino: b'Waiting...\r\n'
Message from arduino: b'Waiting...\r\n'
Message from arduino: b'Waiting...\r\n'
Message from arduino: b'Waiting...\r\n'
Message from arduino: b'Waiting...\r\n'
Message from arduino: b'Waiting...\r\n'
Message from arduino: b'Waiting...\r\n'
Message from arduino: b'Waiting...\r\n'
Message from arduino: b'Waiting...\r\n'
Message from arduino: b'Waiting...\r\n'
Message from arduino: b'Waiting...\r\n'
Message from arduino: b'Waiting...\r\n'
Message from arduino: b'Waiting...\r\n'
Message from arduino: b'Waiting...\r\n'
Message from arduino: b'Waiting...\r\n'
Message from arduino: b'Set level 3\r\n'
Message from arduino: b'Move up\r\n'
Message from arduino: b'Move up\r\n'
Message from arduino: b'Move up\r\n'
Message from arduino: b'GO!\r\n'
Detecting colors
['SMALL', 0, 'R', 0]
['SMALL', 1, 'R', 2025]
['SMALL', 2, 'R', 0]
['SMALL', 3, 'R', 0]
['SMALL', 4, 'R', 0]
['SMALL', 5, 'R', 51]
['LARGE', 0, 'R', 979]
['LARGE', 1, 'R', 4272]
['LARGE', 2, 'R', 975]
['LARGE', 3, 'R', 1100]
['LARGE', 4, 'R', 9995]
['LARGE', 5, 'R', 975]
['SMALL', 0, 'G', 480]
['SMALL', 1, 'G', 475]
['SMALL', 2, 'G', 475]
['SMALL', 3, 'G', 2500]
['SMALL', 4, 'G', 475]
['SMALL', 5, 'G', 1428]
['LARGE', 0, 'G', 564]
['LARGE', 1, 'G', 0]
['LARGE', 2, 'G', 7243]
['LARGE', 3, 'G', 229]
['LARGE', 4, 'G', 0]
['LARGE', 5, 'G', 19]
['SMALL', 0, 'B', 2004]
['SMALL', 1, 'B', 0]
['SMALL', 2, 'B', 0]
['SMALL', 3, 'B', 0]
['SMALL', 4, 'B', 0]
['SMALL', 5, 'B', 1]
['LARGE', 0, 'B', 12]
['LARGE', 1, 'B', 0]
['LARGE', 2, 'B', 0]
['LARGE', 3, 'B', 8]
['LARGE', 4, 'B', 0]
['LARGE', 5, 'B', 7661]
['SMALL', 0, 'W', 0]
['SMALL', 1, 'W', 0]
['SMALL', 2, 'W', 1983]
['SMALL', 3, 'W', 0]
['SMALL', 4, 'W', 0]
['SMALL', 5, 'W', 0]
['LARGE', 0, 'W', 0]
['LARGE', 1, 'W', 1]
['LARGE', 2, 'W', 0]
['LARGE', 3, 'W', 8242]
['LARGE', 4, 'W', 0]
['LARGE', 5, 'W', 1]
['SMALL', 0, 'Y', 0]
['SMALL', 1, 'Y', 0]
['SMALL', 2, 'Y', 0]
['SMALL', 3, 'Y', 0]
['SMALL', 4, 'Y', 2025]
['SMALL', 5, 'Y', 0]
['LARGE', 0, 'Y', 0]
['LARGE', 1, 'Y', 5953]
['LARGE', 2, 'Y', 0]
['LARGE', 3, 'Y', 79]
['LARGE', 4, 'Y', 0]
['LARGE', 5, 'Y', 0]
Shablon
['B', 'R', 'W', 'G', 'Y', 'N']
Sklad
['N', 'Y', 'G', 'W', 'R', 'B']
Waiting data from arduino...
Message from arduino: b'Check for work\r\n'
Message from arduino: b'Cell 0 is invalid\r\n'
Message from arduino: b'Sklad:\r\n'
Message from arduino: b'000000\r\n'
Message from arduino: b'NYGWRB\r\n'
Message from arduino: b'Search for empty cells\r\n'
Message from arduino: b'Trying to free cell 0\r\n'
Message from arduino: b'Selected level is 0\r\n'
Message from arduino: b'Cell 1 is ball\r\n'
Message from arduino: b'Cell 3 is ball\r\n'
Message from arduino: b'Cell 5 has valid color\r\n'
Message from arduino: b'Allowed positions: 001010\r\n'
Message from arduino: b'Move cube from 0:0 to 2:1\r\n'
Message from arduino: b'Set level 3\r\n'
Message from arduino: b'Calc level for moving from 4 to 0 without cube\r\n'
Message from arduino: b'Has not second level\r\n'
Message from arduino: b'Set level 3\r\n'
Message from arduino: b'Move to position 0\r\n'
Message from arduino: b'Set level 0\r\n'
Message from arduino: b'Move down\r\n'
Message from arduino: b'Move down\r\n'
Message from arduino: b'Move down\r\n'
Message from arduino: b'Take cube\r\n'
Message from arduino: b'Calc level for moving from 0 to 2 with cube\r\n'
Message from arduino: b'Has not second level\r\n'
Message from arduino: b'Calc level for moving from 0 to 2 with cube\r\n'
Message from arduino: b'Has not second level\r\n'
Message from arduino: b'Set level 2\r\n'
Message from arduino: b'Move up\r\n'
Message from arduino: b'Move up\r\n'
Message from arduino: b'Move to position 2\r\n'
Message from arduino: b'Set level 1\r\n'
Message from arduino: b'Move down\r\n'
Message from arduino: b'Raise cube\r\n'
Message from arduino: b'Sklad:\r\n'
Message from arduino: b'00N000\r\n'
Message from arduino: b'0YGWRB\r\n'
Message from arduino: b'Check for work\r\n'
Message from arduino: b'Cell 0 is invalid\r\n'
Message from arduino: b'Sklad:\r\n'
Message from arduino: b'00N000\r\n'
Message from arduino: b'0YGWRB\r\n'
Message from arduino: b'Search for empty cells\r\n'
Message from arduino: b'Trying to fill cell 0\r\n'
Message from arduino: b'Move cube from 5:0 to 0:0\r\n'
Message from arduino: b'Set level 2\r\n'
Message from arduino: b'Move up\r\n'
Message from arduino: b'Turn right\r\n'
Message from arduino: b'Set level 3\r\n'
Message from arduino: b'Move up\r\n'
Message from arduino: b'Calc level for moving from 2 to 4 without cube\r\n'
Message from arduino: b'Has second level\r\n'
Message from arduino: b'Set level 3\r\n'
Message from arduino: b'Move to position 4\r\n'
Message from arduino: b'Set level 0\r\n'
Message from arduino: b'Move down\r\n'
Message from arduino: b'Move down\r\n'
Message from arduino: b'Move down\r\n'
Message from arduino: b'Take cube\r\n'
Message from arduino: b'Set level 2\r\n'
Message from arduino: b'Move up\r\n'
Message from arduino: b'Move up\r\n'
Message from arduino: b'Turn left\r\n'
Message from arduino: b'Set level 3\r\n'
Message from arduino: b'Move up\r\n'
Message from arduino: b'Calc level for moving from 4 to 0 with cube\r\n'
Message from arduino: b'Has second level\r\n'
Message from arduino: b'Calc level for moving from 4 to 0 with cube\r\n'
Message from arduino: b'Has second level\r\n'
Message from arduino: b'Set level 3\r\n'
Message from arduino: b'Move to position 0\r\n'
Message from arduino: b'Set level 0\r\n'
Message from arduino: b'Move down\r\n'
Message from arduino: b'Move down\r\n'
Message from arduino: b'Move down\r\n'
Message from arduino: b'Raise cube\r\n'
Message from arduino: b'Sklad:\r\n'
Message from arduino: b'00N000\r\n'
Message from arduino: b'BYGWR0\r\n'
Message from arduino: b'Check for work\r\n'
Message from arduino: b'Cell 1 is invalid\r\n'
Message from arduino: b'Sklad:\r\n'
Message from arduino: b'00N000\r\n'
Message from arduino: b'BYGWR0\r\n'
Message from arduino: b'Search for empty cells\r\n'
Message from arduino: b'Trying to fill cell 5\r\n'
Message from arduino: b'Move cube from 2:1 to 5:0\r\n'
Message from arduino: b'Calc level for moving from 0 to 2 without cube\r\n'
Message from arduino: b'Has second level\r\n'
Message from arduino: b'Calc level for moving from 0 to 2 without cube\r\n'
Message from arduino: b'Has second level\r\n'
Message from arduino: b'Set level 1\r\n'
Message from arduino: b'Move up\r\n'
Message from arduino: b'Move to position 2\r\n'
Message from arduino: b'Set level 1\r\n'
Message from arduino: b'Take cube\r\n'
Message from arduino: b'Set level 2\r\n'
Message from arduino: b'Move up\r\n'
Message from arduino: b'Turn right\r\n'
Message from arduino: b'Set level 3\r\n'
Message from arduino: b'Move up\r\n'
Message from arduino: b'Calc level for moving from 2 to 4 with cube\r\n'
Message from arduino: b'Has second level\r\n'
Message from arduino: b'Calc level for moving from 2 to 4 with cube\r\n'
Message from arduino: b'Has second level\r\n'
Message from arduino: b'Set level 3\r\n'
Message from arduino: b'Move to position 4\r\n'
Message from arduino: b'Set level 0\r\n'
Message from arduino: b'Move down\r\n'
Message from arduino: b'Move down\r\n'
Message from arduino: b'Move down\r\n'
Message from arduino: b'Raise cube\r\n'
Message from arduino: b'Sklad:\r\n'
Message from arduino: b'000000\r\n'
Message from arduino: b'BYGWRN\r\n'
Message from arduino: b'Check for work\r\n'
Message from arduino: b'Cell 1 is invalid\r\n'
Message from arduino: b'Sklad:\r\n'
Message from arduino: b'000000\r\n'
Message from arduino: b'BYGWRN\r\n'
Message from arduino: b'Search for empty cells\r\n'
Message from arduino: b'Trying to free cell 1\r\n'
Message from arduino: b'Selected level is 0\r\n'
Message from arduino: b'Cell 1 is ball\r\n'
Message from arduino: b'Cell 2 disabled (dop. zadanie)\r\n'
Message from arduino: b'Cell 3 is ball\r\n'
Message from arduino: b'Cell 4 disabled (dop. zadanie)\r\n'
Message from arduino: b'Cell 4 has valid color\r\n'
Message from arduino: b'Allowed positions: 100001\r\n'
Message from arduino: b'Move cube from 1:0 to 0:1\r\n'
Message from arduino: b'Calc level for moving from 4 to 0 without cube\r\n'
Message from arduino: b'Has not second level\r\n'
Message from arduino: b'Calc level for moving from 4 to 0 without cube\r\n'
Message from arduino: b'Has not second level\r\n'
Message from arduino: b'Set level 0\r\n'
Message from arduino: b'Move to position 0\r\n'
Message from arduino: b'Set level 0\r\n'
Message from arduino: b'Take cube\r\n'
Message from arduino: b'Set level 2\r\n'
Message from arduino: b'Move up\r\n'
Message from arduino: b'Move up\r\n'
Message from arduino: b'Turn left\r\n'
Message from arduino: b'Set level 3\r\n'
Message from arduino: b'Move up\r\n'
Message from arduino: b'Calc level for moving from 0 to 0 with cube\r\n'
Message from arduino: b'Has not second level\r\n'
Message from arduino: b'Set level 3\r\n'
Message from arduino: b'Move to position 0\r\n'
Message from arduino: b'Set level 1\r\n'
Message from arduino: b'Move down\r\n'
Message from arduino: b'Move down\r\n'
Message from arduino: b'Raise cube\r\n'
Message from arduino: b'Sklad:\r\n'
Message from arduino: b'Y00000\r\n'
Message from arduino: b'B0GWRN\r\n'
Message from arduino: b'Check for work\r\n'
Message from arduino: b'Cell 1 is invalid\r\n'
Message from arduino: b'Sklad:\r\n'
Message from arduino: b'Y00000\r\n'
Message from arduino: b'B0GWRN\r\n'
Message from arduino: b'Search for empty cells\r\n'
Message from arduino: b'Trying to fill cell 1\r\n'
Message from arduino: b'Move cube from 4:0 to 1:0\r\n'
Message from arduino: b'Calc level for moving from 0 to 4 without cube\r\n'
Message from arduino: b'Has second level\r\n'
Message from arduino: b'Calc level for moving from 0 to 4 without cube\r\n'
Message from arduino: b'Has second level\r\n'
Message from arduino: b'Set level 1\r\n'
Message from arduino: b'Move to position 4\r\n'
Message from arduino: b'Set level 0\r\n'
Message from arduino: b'Move down\r\n'
Message from arduino: b'Take cube\r\n'
Message from arduino: b'Set level 2\r\n'
Message from arduino: b'Move up\r\n'
Message from arduino: b'Move up\r\n'
Message from arduino: b'Calc level for moving from 4 to 1 with cube\r\n'
Message from arduino: b'Has not second level\r\n'
Message from arduino: b'Calc level for moving from 4 to 1 with cube\r\n'
Message from arduino: b'Has not second level\r\n'
Message from arduino: b'Set level 2\r\n'
Message from arduino: b'Move to position 1\r\n'
Message from arduino: b'Set level 0\r\n'
Message from arduino: b'Move down\r\n'
Message from arduino: b'Move down\r\n'
Message from arduino: b'Raise cube\r\n'
Message from arduino: b'Sklad:\r\n'
Message from arduino: b'Y00000\r\n'
Message from arduino: b'BRGW0N\r\n'
Message from arduino: b'Check for work\r\n'
Message from arduino: b'Cell 2 is invalid\r\n'
Message from arduino: b'Sklad:\r\n'
Message from arduino: b'Y00000\r\n'
Message from arduino: b'BRGW0N\r\n'
Message from arduino: b'Search for empty cells\r\n'
Message from arduino: b'Trying to fill cell 4\r\n'
Message from arduino: b'Move cube from 0:1 to 4:0\r\n'
Message from arduino: b'Set level 2\r\n'
Message from arduino: b'Move up\r\n'
Message from arduino: b'Move up\r\n'
Message from arduino: b'Calc level for moving from 1 to 0 without cube\r\n'
Message from arduino: b'Has second level\r\n'
Message from arduino: b'Set level 2\r\n'
Message from arduino: b'Move to position 0\r\n'
Message from arduino: b'Set level 1\r\n'
Message from arduino: b'Move down\r\n'
Message from arduino: b'Take cube\r\n'
Message from arduino: b'Calc level for moving from 0 to 4 with cube\r\n'
Message from arduino: b'Has second level\r\n'
Message from arduino: b'Calc level for moving from 0 to 4 with cube\r\n'
Message from arduino: b'Has second level\r\n'
Message from arduino: b'Set level 3\r\n'
Message from arduino: b'Move up\r\n'
Message from arduino: b'Move up\r\n'
Message from arduino: b'Move to position 4\r\n'
Message from arduino: b'Set level 0\r\n'
Message from arduino: b'Move down\r\n'
Message from arduino: b'Move down\r\n'
Message from arduino: b'Move down\r\n'
Message from arduino: b'Raise cube\r\n'
Message from arduino: b'Sklad:\r\n'
Message from arduino: b'000000\r\n'
Message from arduino: b'BRGWYN\r\n'
Message from arduino: b'Check for work\r\n'
Message from arduino: b'Cell 2 is invalid\r\n'
Message from arduino: b'Sklad:\r\n'
Message from arduino: b'000000\r\n'
Message from arduino: b'BRGWYN\r\n'
Message from arduino: b'Search for empty cells\r\n'
Message from arduino: b'Trying to free cell 2\r\n'
Message from arduino: b'Selected level is 0\r\n'
Message from arduino: b'Cell 3 is ball\r\n'
Message from arduino: b'Cell 3 has valid color\r\n'
Message from arduino: b'Cell 4 is ball\r\n'
Message from arduino: b'Allowed positions: 110001\r\n'
Message from arduino: b'Move cube from 2:0 to 0:1\r\n'
Message from arduino: b'Calc level for moving from 4 to 2 without cube\r\n'
Message from arduino: b'Has not second level\r\n'
Message from arduino: b'Calc level for moving from 4 to 2 without cube\r\n'
Message from arduino: b'Has not second level\r\n'
Message from arduino: b'Set level 0\r\n'
Message from arduino: b'Move to position 2\r\n'
Message from arduino: b'Set level 0\r\n'
Message from arduino: b'Take cube\r\n'
Message from arduino: b'Set level 2\r\n'
Message from arduino: b'Move up\r\n'
Message from arduino: b'Move up\r\n'
Message from arduino: b'Calc level for moving from 2 to 0 with cube\r\n'
Message from arduino: b'Has not second level\r\n'
Message from arduino: b'Calc level for moving from 2 to 0 with cube\r\n'
Message from arduino: b'Has not second level\r\n'
Message from arduino: b'Set level 2\r\n'
Message from arduino: b'Move to position 0\r\n'
Message from arduino: b'Set level 1\r\n'
Message from arduino: b'Move down\r\n'
Message from arduino: b'Raise cube\r\n'
Message from arduino: b'Sklad:\r\n'
Message from arduino: b'G00000\r\n'
Message from arduino: b'BR0WYN\r\n'
Message from arduino: b'Check for work\r\n'
Message from arduino: b'Cell 2 is invalid\r\n'
Message from arduino: b'Sklad:\r\n'
Message from arduino: b'G00000\r\n'
Message from arduino: b'BR0WYN\r\n'
Message from arduino: b'Search for empty cells\r\n'
Message from arduino: b'Trying to fill cell 2\r\n'
Message from arduino: b'Move cube from 3:0 to 2:0\r\n'
Message from arduino: b'Calc level for moving from 0 to 3 without cube\r\n'
Message from arduino: b'Has second level\r\n'
Message from arduino: b'Calc level for moving from 0 to 3 without cube\r\n'
Message from arduino: b'Has second level\r\n'
Message from arduino: b'Set level 1\r\n'
Message from arduino: b'Move to position 3\r\n'
Message from arduino: b'Set level 0\r\n'
Message from arduino: b'Move down\r\n'
Message from arduino: b'Take cube\r\n'
Message from arduino: b'Calc level for moving from 3 to 2 with cube\r\n'
Message from arduino: b'Has not second level\r\n'
Message from arduino: b'Calc level for moving from 3 to 2 with cube\r\n'
Message from arduino: b'Has not second level\r\n'
Message from arduino: b'Set level 2\r\n'
Message from arduino: b'Move up\r\n'
Message from arduino: b'Move up\r\n'
Message from arduino: b'Move to position 2\r\n'
Message from arduino: b'Set level 0\r\n'
Message from arduino: b'Move down\r\n'
Message from arduino: b'Move down\r\n'
Message from arduino: b'Raise cube\r\n'
Message from arduino: b'Sklad:\r\n'
Message from arduino: b'G00000\r\n'
Message from arduino: b'BRW0YN\r\n'
Message from arduino: b'Check for work\r\n'
Message from arduino: b'Cell 3 is invalid\r\n'
Message from arduino: b'Sklad:\r\n'
Message from arduino: b'G00000\r\n'
Message from arduino: b'BRW0YN\r\n'
Message from arduino: b'Search for empty cells\r\n'
Message from arduino: b'Trying to fill cell 3\r\n'
Message from arduino: b'Move cube from 0:1 to 3:0\r\n'
Message from arduino: b'Set level 2\r\n'
Message from arduino: b'Move up\r\n'
Message from arduino: b'Move up\r\n'
Message from arduino: b'Calc level for moving from 2 to 0 without cube\r\n'
Message from arduino: b'Has second level\r\n'
Message from arduino: b'Set level 2\r\n'
Message from arduino: b'Move to position 0\r\n'
Message from arduino: b'Set level 1\r\n'
Message from arduino: b'Move down\r\n'
Message from arduino: b'Take cube\r\n'
Message from arduino: b'Calc level for moving from 0 to 3 with cube\r\n'
Message from arduino: b'Has second level\r\n'
Message from arduino: b'Calc level for moving from 0 to 3 with cube\r\n'
Message from arduino: b'Has second level\r\n'
Message from arduino: b'Set level 3\r\n'
Message from arduino: b'Move up\r\n'
Message from arduino: b'Move up\r\n'
Message from arduino: b'Move to position 3\r\n'
Message from arduino: b'Set level 0\r\n'
Message from arduino: b'Move down\r\n'
Message from arduino: b'Move down\r\n'
Message from arduino: b'Move down\r\n'
Message from arduino: b'Raise cube\r\n'
Message from arduino: b'Sklad:\r\n'
Message from arduino: b'000000\r\n'
Message from arduino: b'BRWGYN\r\n'
Message from arduino: b'Check for work\r\n'
Message from arduino: b'All OK!\r\n'
Message from arduino: b'Set level 3\r\n'
Message from arduino: b'Move up\r\n'
Message from arduino: b'Move up\r\n'
Message from arduino: b'Move up\r\n'
Message from arduino: b'Set level 0\r\n'
Message from arduino: b'Move down\r\n'
Message from arduino: b'Move down\r\n'
                                                                                                                                                                                                                                                                                                                                                                                                                                              