Connecting to Arduino...
Waiting data from arduino...
Message from arduino: b'Hello from Robot!\r\n'
Message from arduino: b'Raise cube\r\n'
Message from arduino: b'Turn left\r\n'
Message from arduino: b'Set level 3\r\n'
Message from arduino: b'Move up\r\n'
Message from arduino: b'Move up\r\n'
Message from arduino: b'Hello from Robot!\r\n'
Message from arduino: b'Raise cube\r\n'
Message from arduino: b'Turn left\r\n'
Message from arduino: b'Set level 3\r\n'
Message from arduino: b'Move up\r\n'
Message from arduino: b'Hello from Robot!\r\n'
Message from arduino: b'Raise cube\r\n'
Message from arduino: b'Turn left\r\n'
Message from arduino: b'Set level 3\r\n'
Message from arduino: b'Move up\r\n'
Message from arduino: b'Move up\r\n'
Message from arduino: b'Move up\r\n'
Message from arduino: b'Hello from Robot!\r\n'
Message from arduino: b'Raise cube\r\n'
Message from arduino: b'Turn left\r\n'
Message from arduino: b'Set level 3\r\n'
Message from arduino: b'Move up\r\n'
Message from arduino: b'Move up\r\n'
Message from arduino: b'Move up\r\n'
Message from arduino: b'Move home\r\n'
Message from arduino: b'Raise cube\r\n'
Message from arduino: b'Waiting...\r\n'
Message from arduino: b'Waiting...\r\n'
Message from arduino: b'Waiting...\r\n'
Message from arduino: b'Waiting...\r\n'
Message from arduino: b'Waiting...\r\n'
Message from arduino: b'Waiting...\r\n'
Message from arduino: b'Waiting...\r\n'
Message from arduino: b'Waiting...\r\n'
Message from arduino: b'Waiting...\r\n'
Message from arduino: b'Waiting...\r\n'
Message from arduino: b'Waiting...\r\n'
Message from arduino: b'Waiting...\r\n'
Message from arduino: b'Waiting...\r\n'
Message from arduino: b'Move down\r\n'
Message from arduino: b'Waiting...\r\n'
Message from arduino: b'Move down\r\n'
Message from arduino: b'Waiting...\r\n'
Message from arduino: b'Move down\r\n'
Message from arduino: b'Waiting...\r\n'
Message from arduino: b'Waiting...\r\n'
Message from arduino: b'Waiting...\r\n'
Message from arduino: b'Waiting...\r\n'
Message from arduino: b'Waiting...\r\n'
Message from arduino: b'Waiting...\r\n'
Message from arduino: b'Waiting...\r\n'
Message from arduino: b'Waiting...\r\n'
Message from arduino: b'Move up\r\n'
Message from arduino: b'Waiting...\r\n'
Message from arduino: b'Waiting...\r\n'
Message from arduino: b'Waiting...\r\n'
Message from arduino: b'Move up\r\n'
Message from arduino: b'Waiting...\r\n'
Message from arduino: b'Waiting...\r\n'
Message from arduino: b'Waiting...\r\n'
Message from arduino: b'Waiting...\r\n'
Message from arduino: b'Waiting...\r\n'
Message from arduino: b'Waiting...\r\n'
Message from arduino: b'Waiting...\r\n'
Message from arduino: b'Waiting...\r\n'
Message from arduino: b'Waiting...\r\n'
Message from arduino: b'Waiting...\r\n'
Message from arduino: b'Waiting...\r\n'
Message from arduino: b'Waiting...\r\n'
Message from arduino: b'Move down\r\n'
Message from arduino: b'Waiting...\r\n'
Message from arduino: b'Waiting...\r\n'
Message from arduino: b'Waiting...\r\n'
Message from arduino: b'Move up\r\n'
Message from arduino: b'Waiting...\r\n'
Message from arduino: b'Waiting...\r\n'
Message from arduino: b'Move up\r\n'
Message from arduino: b'Waiting...\r\n'
Message from arduino: b'Waiting...\r\n'
Message from arduino: b'Move up\r\n'
Message from arduino: b'Waiting...\r\n'
Message from arduino: b'Move down\r\n'
Message from arduino: b'Waiting...\r\n'
Message from arduino: b'Move down\r\n'
Message from arduino: b'Move down\r\n'
Message from arduino: b'Waiting...\r\n'
Message from arduino: b'Waiting...\r\n'
Message from arduino: b'Waiting...\r\n'
Message from arduino: b'Waiting...\r\n'
Message from arduino: b'Waiting...\r\n'
Message from arduino: b'Waiting...\r\n'
Message from arduino: b'Waiting...\r\n'
Message from arduino: b'Waiting...\r\n'
Message from arduino: b'Waiting...\r\n'
Message from arduino: b'Waiting...\r\n'
Message from arduino: b'Waiting...\r\n'
Message from arduino: b'Waiting...\r\n'
Message from arduino: b'Waiting...\r\n'
Message from arduino: b'Waiting...\r\n'
Message from arduino: b'Waiting...\r\n'
Message from arduino: b'Waiting...\r\n'
Message from arduino: b'Waiting...\r\n'
Message from arduino: b'Waiting...\r\n'
Message from arduino: b'Waiting...\r\n'
Message from arduino: b'Waiting...\r\n'
Message from arduino: b'Waiting...\r\n'
Message from arduino: b'Waiting...\r\n'
Message from arduino: b'Waiting...\r\n'
Message from arduino: b'Waiting...\r\n'
Message from arduino: b'Waiting...\r\n'
Message from arduino: b'Waiting...\r\n'
Message from arduino: b'Waiting...\r\n'
Message from arduino: b'Waiting...\r\n'
Message from arduino: b'Waiting...\r\n'
Message from arduino: b'Waiting...\r\n'
Message from arduino: b'Waiting...\r\n'
Message from arduino: b'Waiting...\r\n'
Message from arduino: b'Waiting...\r\n'
Message from arduino: b'Waiting...\r\n'
Message from arduino: b'Waiting...\r\n'
Message from arduino: b'Waiting...\r\n'
Message from arduino: b'Waiting...\r\n'
Message from arduino: b'Waiting...\r\n'
Message from arduino: b'Waiting...\r\n'
Message from arduino: b'Waiting...\r\n'
Message from arduino: b'Waiting...\r\n'
Message from arduino: b'Waiting...\r\n'
Message from arduino: b'Waiting...\r\n'
Message from arduino: b'Waiting...\r\n'
Message from arduino: b'Waiting...\r\n'
Message from arduino: b'Waiting...\r\n'
Message from arduino: b'Waiting...\r\n'
Message from arduino: b'Waiting...\r\n'
Message from arduino: b'Waiting...\r\n'
Message from arduino: b'Waiting...\r\n'
