Connecting to Arduino...
Waiting data from arduino...
Message from arduino: b'Hello from Robot!\r\n'
Message from arduino: b'Raise cube\r\n'
Message from arduino: b'Move home\r\n'
Message from arduino: b'Raise cube\r\n'
Message from arduino: b'Waiting...\r\n'
Message from arduino: b'Waiting...\r\n'
Message from arduino: b'Waiting...\r\n'
Message from arduino: b'Waiting...\r\n'
Message from arduino: b'Waiting...\r\n'
Message from arduino: b'Set level 3\r\n'
Message from arduino: b'Move up\r\n'
Message from arduino: b'Move up\r\n'
Message from arduino: b'Move up\r\n'
Message from arduino: b'GO!\r\n'
Detecting colors
['SMALL', 0, 'R', 0]
['SMALL', 1, 'R', 0]
['SMALL', 2, 'R', 0]
['SMALL', 3, 'R', 0]
['SMALL', 4, 'R', 0]
['SMALL', 5, 'R', 0]
['LARGE', 0, 'R', 1814]
['LARGE', 1, 'R', 983]
['LARGE', 2, 'R', 1023]
['LARGE', 3, 'R', 533]
['LARGE', 4, 'R', 0]
['LARGE', 5, 'R', 0]
['SMALL', 0, 'G', 0]
['SMALL', 1, 'G', 0]
['SMALL', 2, 'G', 0]
['SMALL', 3, 'G', 0]
['SMALL', 4, 'G', 0]
['SMALL', 5, 'G', 0]
['LARGE', 0, 'G', 1036]
['LARGE', 1, 'G', 1656]
['LARGE', 2, 'G', 94]
['LARGE', 3, 'G', 299]
['LARGE', 4, 'G', 0]
['LARGE', 5, 'G', 0]
['SMALL', 0, 'B', 0]
['SMALL', 1, 'B', 0]
['SMALL', 2, 'B', 0]
['SMALL', 3, 'B', 0]
['SMALL', 4, 'B', 0]
['SMALL', 5, 'B', 0]
['LARGE', 0, 'B', 1278]
['LARGE', 1, 'B', 514]
['LARGE', 2, 'B', 16]
['LARGE', 3, 'B', 49]
['LARGE', 4, 'B', 0]
['LARGE', 5, 'B', 0]
['SMALL', 0, 'W', 0]
['SMALL', 1, 'W', 0]
['SMALL', 2, 'W', 0]
['SMALL', 3, 'W', 0]
['SMALL', 4, 'W', 0]
['SMALL', 5, 'W', 0]
['LARGE', 0, 'W', 3918]
['LARGE', 1, 'W', 3880]
['LARGE', 2, 'W', 8208]
['LARGE', 3, 'W', 12]
['LARGE', 4, 'W', 0]
['LARGE', 5, 'W', 0]
['SMALL', 0, 'Y', 0]
['SMALL', 1, 'Y', 0]
['SMALL', 2, 'Y', 0]
['SMALL', 3, 'Y', 0]
['SMALL', 4, 'Y', 0]
['SMALL', 5, 'Y', 0]
['LARGE', 0, 'Y', 268]
['LARGE', 1, 'Y', 132]
['LARGE', 2, 'Y', 6]
['LARGE', 3, 'Y', 27]
['LARGE', 4, 'Y', 0]
['LARGE', 5, 'Y', 0]
Shablon
['N', 'N', 'N', 'N', 'N', 'N']
Sklad
['B', 'G', 'W', 'N', 'N', 'N']
Waiting data from arduino...
Message from arduino: b'Check for work\r\n'
Message from arduino: b'Cell 0 is invalid\r\n'
Message from arduino: b'Sklad:\r\n'
Message from arduino: b'000000\r\n'
Message from arduino: b'BGWNNN\r\n'
Message from arduino: b'Search for empty cells\r\n'
Message from arduino: b'Trying to free cell 0\r\n'
Message from arduino: b'Selected level is 0\r\n'
Message from arduino: b'Cell 2 is ball\r\n'
Message from arduino: b'Cell 3 has valid color\r\n'
Message from arduino: b'Cell 4 has valid color\r\n'
Message from arduino: b'Cell 5 has valid color\r\n'
Message from arduino: b'Allowed positions: 010000\r\n'
Message from arduino: b'Move cube from 0:0 to 1:1\r\n'
Message from arduino: b'Set level 3\r\n'
Message from arduino: b'Calc level for moving from 4 to 0 without cube\r\n'
Message from arduino: b'Has not second level\r\n'
Message from arduino: b'Set level 3\r\n'
Message from arduino: b'Move to position 0\r\n'
Message from arduino: b'Set level 0\r\n'
Message from arduino: b'Move down\r\n'
Message from arduino: b'Move down\r\n'
Message from arduino: b'Move down\r\n'
Message from arduino: b'Take cube\r\n'
Message from arduino: b'Calc level for moving from 0 to 1 with cube\r\n'
Message from arduino: b'Has not second level\r\n'
Message from arduino: b'Calc level for moving from 0 to 1 with cube\r\n'
Message from arduino: b'Has not second level\r\n'
Message from arduino: b'Set level 2\r\n'
Message from arduino: b'Move up\r\n'
Message from arduino: b'Move up\r\n'
Message from arduino: b'Move to position 1\r\n'
Message from arduino: b'Set level 1\r\n'
Message from arduino: b'Move down\r\n'
Message from arduino: b'Raise cube\r\n'
Message from arduino: b'Sklad:\r\n'
Message from arduino: b'0B0000\r\n'
Message from arduino: b'0GWNNN\r\n'
Message from arduino: b'Check for work\r\n'
Message from arduino: b'Cell 0 is invalid\r\n'
Message from arduino: b'Sklad:\r\n'
Message from arduino: b'0B0000\r\n'
Message from arduino: b'0GWNNN\r\n'
Message from arduino: b'Search for empty cells\r\n'
Message from arduino: b'Trying to fill cell 0\r\n'
Message from arduino: b'Cell is disabled (bashnya)\r\n'
Message from arduino: b'Trying to free cell 1\r\n'
Message from arduino: b'Selected level is 1\r\n'
Message from arduino: b'Cell 0 disabled (bashnya)\r\n'
Message from arduino: b'Cell 1 has second level\r\n'
Message from arduino: b'Cell 2 is ball\r\n'
Message from arduino: b'Cell 3 has valid color\r\n'
Message from arduino: b'Cell 4 has valid color\r\n'
Message from arduino: b'Cell 5 has valid color\r\n'
Message from arduino: b'Allowed positions: 000000\r\n'
Message from arduino: b'Trying to free cell 2\r\n'
Message from arduino: b'Selected level is 0\r\n'
Message from arduino: b'Cell 0 disabled (bashnya)\r\n'
Message from arduino: b'Cell 1 has second level\r\n'
Message from arduino: b'Cell 2 is ball\r\n'
Message from arduino: b'Cell 3 disabled (dop. zadanie)\r\n'
Message from arduino: b'Cell 3 has valid color\r\n'
Message from arduino: b'Cell 4 disabled (dop. zadanie)\r\n'
Message from arduino: b'Cell 4 has valid color\r\n'
Message from arduino: b'Cell 5 disabled (dop. zadanie)\r\n'
Message from arduino: b'Cell 5 has valid color\r\n'
Message from arduino: b'Allowed positions: 000000\r\n'
Message from arduino: b'Check for work\r\n'
Message from arduino: b'Cell 0 is invalid\r\n'
Message from arduino: b'Sklad:\r\n'
Message from arduino: b'0B0000\r\n'
Message from arduino: b'0GWNNN\r\n'
Message from arduino: b'Search for empty cells\r\n'
Message from arduino: b'Trying to fill cell 0\r\n'
Message from arduino: b'Cell is disabled (bashnya)\r\n'
Message from arduino: b'Trying to free cell 1\r\n'
Message from arduino: b'Selected level is 1\r\n'
Message from arduino: b'Cell 0 disabled (bashnya)\r\n'
Message from arduino: b'Cell 1 has second level\r\n'
Message from arduino: b'Cell 2 is ball\r\n'
Message from arduino: b'Cell 3 has valid color\r\n'
Message from arduino: b'Cell 4 has valid color\r\n'
Message from arduino: b'Cell 5 has valid color\r\n'
Message from arduino: b'Allowed positions: 000000\r\n'
Message from arduino: b'Trying to free cell 2\r\n'
Message from arduino: b'Selected level is 0\r\n'
Message from arduino: b'Cell 0 disabled (bashnya)\r\n'
Message from arduino: b'Cell 1 has second level\r\n'
Message from arduino: b'Cell 2 is ball\r\n'
Message from arduino: b'Cell 3 disabled (dop. zadanie)\r\n'
Message from arduino: b'Cell 3 has valid color\r\n'
Message from arduino: b'Cell 4 disabled (dop. zadanie)\r\n'
Message from arduino: b'Cell 4 has valid color\r\n'
Message from arduino: b'Cell 5 disabled (dop. zadanie)\r\n'
Message from arduino: b'Cell 5 has valid color\r\n'
Message from arduino: b'Allowed positions: 000000\r\n'
Message from arduino: b'Check for work\r\n'
Message from arduino: b'Cell 0 is invalid\r\n'
Message from arduino: b'Sklad:\r\n'
Message from arduino: b'0B0000\r\n'
Message from arduino: b'0GWNNN\r\n'
Message from arduino: b'Search for empty cells\r\n'
Message from arduino: b'Trying to fill cell 0\r\n'
Message from arduino: b'Cell is disabled (bashnya)\r\n'
Message from arduino: b'Trying to free cell 1\r\n'
Message from arduino: b'Selected level is 1\r\n'
Message from arduino: b'Cell 0 disabled (bashnya)\r\n'
Message from arduino: b'Cell 1 has second level\r\n'
Message from arduino: b'Cell 2 is ball\r\n'
Message from arduino: b'Cell 3 has valid color\r\n'
Message from arduino: b'Cell 4 has valid color\r\n'
Message from arduino: b'Cell 5 has valid color\r\n'
Message from arduino: b'Allowed positions: 000000\r\n'
Message from arduino: b'Trying to free cell 2\r\n'
Message from arduino: b'Selected level is 0\r\n'
Message from arduino: b'Cell 0 disabled (bashnya)\r\n'
Message from arduino: b'Cell 1 has second level\r\n'
Message from arduino: b'Cell 2 is ball\r\n'
Message from arduino: b'Cell 3 disabled (dop. zadanie)\r\n'
Message from arduino: b'Cell 3 has valid color\r\n'
Message from arduino: b'Cell 4 disabled (dop. zadanie)\r\n'
Message from arduino: b'Cell 4 has valid color\r\n'
Message from arduino: b'Cell 5 disabled (dop. zadanie)\r\n'
Message from arduino: b'Cell 5 has valid color\r\n'
Message from arduino: b'Allowed positions: 000000\r\n'
Message from arduino: b'Check for work\r\n'
Message from arduino: b'Cell 0 is invalid\r\n'
Message from arduino: b'Sklad:\r\n'
Message from arduino: b'0B0000\r\n'
Message from arduino: b'0GWNNN\r\n'
Message from arduino: b'Search for empty cells\r\n'
Message from arduino: b'Trying to fill cell 0\r\n'
Message from arduino: b'Cell is disabled (bashnya)\r\n'
Message from arduino: b'Trying to free cell 1\r\n'
Message from arduino: b'Selected level is 1\r\n'
Message from arduino: b'Cell 0 disabled (bashnya)\r\n'
Message from arduino: b'Cell 1 has second level\r\n'
Message from arduino: b'Cell 2 is ball\r\n'
Message from arduino: b'Cell 3 has valid color\r\n'
Message from arduino: b'Cell 4 has valid color\r\n'
Message from arduino: b'Cell 5 has valid color\r\n'
Message from arduino: b'Allowed positions: 000000\r\n'
Message from arduino: b'Trying to free cell 2\r\n'
Message from arduino: b'Selected level is 0\r\n'
Message from arduino: b'Cell 0 disabled (bashnya)\r\n'
Message from arduino: b'Cell 1 has second level\r\n'
Message from arduino: b'Cell 2 is ball\r\n'
Message from arduino: b'Cell 3 disabled (dop. zadanie)\r\n'
Message from arduino: b'Cell 3 has valid color\r\n'
Message from arduino: b'Cell 4 disabled (dop. zadanie)\r\n'
Message from arduino: b'Cell 4 has valid color\r\n'
Message from arduino: b'Cell 5 disabled (dop. zadanie)\r\n'
Message from arduino: b'Cell 5 has valid color\r\n'
Message from arduino: b'Allowed positions: 000000\r\n'
Message from arduino: b'Check for work\r\n'
Message from arduino: b'Cell 0 is invalid\r\n'
Message from arduino: b'Sklad:\r\n'
Message from arduino: b'0B0000\r\n'
Message from arduino: b'0GWNNN\r\n'
Message from arduino: b'Search for empty cells\r\n'
Message from arduino: b'Trying to fill cell 0\r\n'
Message from arduino: b'Cell is disabled (bashnya)\r\n'
Message from arduino: b'Trying to free cell 1\r\n'
Message from arduino: b'Selected level is 1\r\n'
Message from arduino: b'Cell 0 disabled (bashnya)\r\n'
Message from arduino: b'Cell 1 has second level\r\n'
Message from arduino: b'Cell 2 is ball\r\n'
Message from arduino: b'Cell 3 has valid color\r\n'
Message from arduino: b'Cell 4 has valid color\r\n'
Message from arduino: b'Cell 5 has valid color\r\n'
Message from arduino: b'Allowed positions: 000000\r\n'
Message from arduino: b'Trying to free cell 2\r\n'
Message from arduino: b'Selected level is 0\r\n'
Message from arduino: b'Cell 0 disabled (bashnya)\r\n'
Message from arduino: b'Cell 1 has second level\r\n'
Message from arduino: b'Cell 2 is ball\r\n'
Message from arduino: b'Cell 3 disabled (dop. zadanie)\r\n'
Message from arduino: b'Cell 3 has valid color\r\n'
Message from arduino: b'Cell 4 disabled (dop. zadanie)\r\n'
Message from arduino: b'Cell 4 has valid color\r\n'
Message from arduino: b'Cell 5 disabled (dop. zadanie)\r\n'
Message from arduino: b'Cell 5 has valid color\r\n'
Message from arduino: b'Allowed positions: 000000\r\n'
Message from arduino: b'Check for work\r\n'
Message from arduino: b'Cell 0 is invalid\r\n'
Message from arduino: b'Sklad:\r\n'
Message from arduino: b'0B0000\r\n'
Message from arduino: b'0GWNNN\r\n'
Message from arduino: b'Search for empty cells\r\n'
Message from arduino: b'Trying to fill cell 0\r\n'
Message from arduino: b'Cell is disabled (bashnya)\r\n'
Message from arduino: b'Trying to free cell 1\r\n'
Message from arduino: b'Selected level is 1\r\n'
Message from arduino: b'Cell 0 disabled (bashnya)\r\n'
Message from arduino: b'Cell 1 has second level\r\n'
Message from arduino: b'Cell 2 is ball\r\n'
Message from arduino: b'Cell 3 has valid color\r\n'
Message from arduino: b'Cell 4 has valid color\r\n'
Message from arduino: b'Cell 5 has valid color\r\n'
Message from arduino: b'Allowed positions: 000000\r\n'
Message from arduino: b'Trying to free cell 2\r\n'
Message from arduino: b'Selected level is 0\r\n'
Message from arduino: b'Cell 0 disabled (bashnya)\r\n'
Message from arduino: b'Cell 1 has second level\r\n'
Message from arduino: b'Cell 2 is ball\r\n'
Message from arduino: b'Cell 3 disabled (dop. zadanie)\r\n'
Message from arduino: b'Cell 3 has valid color\r\n'
Message from arduino: b'Cell 4 disabled (dop. zadanie)\r\n'
Message from arduino: b'Cell 4 has valid color\r\n'
Message from arduino: b'Cell 5 disabled (dop. zadanie)\r\n'
Message from arduino: b'Cell 5 has valid color\r\n'
Message from arduino: b'Allowed positions: 000000\r\n'
Message from arduino: b'Check for work\r\n'
Message from arduino: b'Cell 0 is invalid\r\n'
Message from arduino: b'Sklad:\r\n'
Message from arduino: b'0B0000\r\n'
Message from arduino: b'0GWNNN\r\n'
Message from arduino: b'Search for empty cells\r\n'
Message from arduino: b'Trying to fill cell 0\r\n'
Message from arduino: b'Cell is disabled (bashnya)\r\n'
Message from arduino: b'Trying to free cell 1\r\n'
Message from arduino: b'Selected level is 1\r\n'
Message from arduino: b'Cell 0 disabled (bashnya)\r\n'
Message from arduino: b'Cell 1 has second level\r\n'
Message from arduino: b'Cell 2 is ball\r\n'
Message from arduino: b'Cell 3 has valid color\r\n'
Message from arduino: b'Cell 4 has valid color\r\n'
Message from arduino: b'Cell 5 has valid color\r\n'
Message from arduino: b'Allowed positions: 000000\r\n'
Message from arduino: b'Trying to free cell 2\r\n'
Message from arduino: b'Selected level is 0\r\n'
Message from arduino: b'Cell 0 disabled (bashnya)\r\n'
Message from arduino: b'Cell 1 has second level\r\n'
Message from arduino: b'Cell 2 is ball\r\n'
Message from arduino: b'Cell 3 disabled (dop. zadanie)\r\n'
Message from arduino: b'Cell 3 has valid color\r\n'
Message from arduino: b'Cell 4 disabled (dop. zadanie)\r\n'
Message from arduino: b'Cell 4 has valid color\r\n'
Message from arduino: b'Cell 5 disabled (dop. zadanie)\r\n'
Message from arduino: b'Cell 5 has valid color\r\n'
Message from arduino: b'Allowed positions: 000000\r\n'
Message from arduino: b'Check for work\r\n'
Message from arduino: b'Cell 0 is invalid\r\n'
Message from arduino: b'Sklad:\r\n'
Message from arduino: b'0B0000\r\n'
Message from arduino: b'0GWNNN\r\n'
Message from arduino: b'Search for empty cells\r\n'
Message from arduino: b'Trying to fill cell 0\r\n'
Message from arduino: b'Cell is disabled (bashnya)\r\n'
Message from arduino: b'Trying to free cell 1\r\n'
Message from arduino: b'Selected level is 1\r\n'
Message from arduino: b'Cell 0 disabled (bashnya)\r\n'
Message from arduino: b'Cell 1 has second level\r\n'
Message from arduino: b'Cell 2 is ball\r\n'
Message from arduino: b'Cell 3 has valid color\r\n'
Message from arduino: b'Cell 4 has valid color\r\n'
Message from arduino: b'Cell 5 has valid color\r\n'
Message from arduino: b'Allowed positions: 000000\r\n'
Message from arduino: b'Trying to free cell 2\r\n'
Message from arduino: b'Selected level is 0\r\n'
Message from arduino: b'Cell 0 disabled (bashnya)\r\n'
Message from arduino: b'Cell 1 has second level\r\n'
Message from arduino: b'Cell 2 is ball\r\n'
Message from arduino: b'Cell 3 disabled (dop. zadanie)\r\n'
Message from arduino: b'Cell 3 has valid color\r\n'
Message from arduino: b'Cell 4 disabled (dop. zadanie)\r\n'
Message from arduino: b'Cell 4 has valid color\r\n'
Message from arduino: b'Cell 5 disabled (dop. zadanie)\r\n'
Message from arduino: b'Cell 5 has valid color\r\n'
Message from arduino: b'Allowed positions: 000000\r\n'
Message from arduino: b'Check for work\r\n'
Message from arduino: b'Cell 0 is invalid\r\n'
Message from arduino: b'Sklad:\r\n'
Message from arduino: b'0B0000\r\n'
Message from arduino: b'0GWNNN\r\n'
Message from arduino: b'Search for empty cells\r\n'
Message from arduino: b'Trying to fill cell 0\r\n'
Message from arduino: b'Cell is disabled (bashnya)\r\n'
Message from arduino: b'Trying to free cell 1\r\n'
Message from arduino: b'Selected level is 1\r\n'
Message from arduino: b'Cell 0 disabled (bashnya)\r\n'
Message from arduino: b'Cell 1 has second level\r\n'
Message from arduino: b'Cell 2 is ball\r\n'
Message from arduino: b'Cell 3 has valid color\r\n'
Message from arduino: b'Cell 4 has valid color\r\n'
Message from arduino: b'Cell 5 has valid color\r\n'
Message from arduino: b'Allowed positions: 000000\r\n'
Message from arduino: b'Trying to free cell 2\r\n'
Message from arduino: b'Selected level is 0\r\n'
Message from arduino: b'Cell 0 disabled (bashnya)\r\n'
Message from arduino: b'Cell 1 has second level\r\n'
Message from arduino: b'Cell 2 is ball\r\n'
Message from arduino: b'Cell 3 disabled (dop. zadanie)\r\n'
Message from arduino: b'Cell 3 has valid color\r\n'
Message from arduino: b'Cell 4 disabled (dop. zadanie)\r\n'
Message from arduino: b'Cell 4 has valid color\r\n'
Message from arduino: b'Cell 5 disabled (dop. zadanie)\r\n'
Message from arduino: b'Cell 5 has valid color\r\n'
Message from arduino: b'Allowed positions: 000000\r\n'
Message from arduino: b'Check for work\r\n'
Message from arduino: b'Cell 0 is invalid\r\n'
Message from arduino: b'Sklad:\r\n'
Message from arduino: b'0B0000\r\n'
Message from arduino: b'0GWNNN\r\n'
Message from arduino: b'Search for empty cells\r\n'
Message from arduino: b'Trying to fill cell 0\r\n'
Message from arduino: b'Cell is disabled (bashnya)\r\n'
Message from arduino: b'Trying to free cell 1\r\n'
Message from arduino: b'Selected level is 1\r\n'
Message from arduino: b'Cell 0 disabled (bashnya)\r\n'
Message from arduino: b'Cell 1 has second level\r\n'
Message from arduino: b'Cell 2 is ball\r\n'
Message from arduino: b'Cell 3 has valid color\r\n'
Message from arduino: b'Cell 4 has valid color\r\n'
Message from arduino: b'Cell 5 has valid color\r\n'
Message from arduino: b'Allowed positions: 000000\r\n'
Message from arduino: b'Trying to free cell 2\r\n'
Message from arduino: b'Selected level is 0\r\n'
Message from arduino: b'Cell 0 disabled (bashnya)\r\n'
Message from arduino: b'Cell 1 has second level\r\n'
Message from arduino: b'Cell 2 is ball\r\n'
Message from arduino: b'Cell 3 disabled (dop. zadanie)\r\n'
Message from arduino: b'Cell 3 has valid color\r\n'
Message from arduino: b'Cell 4 disabled (dop. zadanie)\r\n'
Message from arduino: b'Cell 4 has valid color\r\n'
Message from arduino: b'Cell 5 disabled (dop. zadanie)\r\n'
Message from arduino: b'Cell 5 has valid color\r\n'
Message from arduino: b'Allowed positions: 000000\r\n'
Message from arduino: b'Check for work\r\n'
Message from arduino: b'Cell 0 is invalid\r\n'
Message from arduino: b'Sklad:\r\n'
Message from arduino: b'0B0000\r\n'
Message from arduino: b'0GWNNN\r\n'
Message from arduino: b'Search for empty cells\r\n'
Message from arduino: b'Trying to fill cell 0\r\n'
Message from arduino: b'Cell is disabled (bashnya)\r\n'
Message from arduino: b'Trying to free cell 1\r\n'
Message from arduino: b'Selected level is 1\r\n'
Message from arduino: b'Cell 0 disabled (bashnya)\r\n'
Message from arduino: b'Cell 1 has second level\r\n'
Message from arduino: b'Cell 2 is ball\r\n'
Message from arduino: b'Cell 3 has valid color\r\n'
Message from arduino: b'Cell 4 has valid color\r\n'
Message from arduino: b'Cell 5 has valid color\r\n'
Message from arduino: b'Allowed positions: 000000\r\n'
Message from arduino: b'Trying to free cell 2\r\n'
Message from arduino: b'Selected level is 0\r\n'
Message from arduino: b'Cell 0 disabled (bashnya)\r\n'
Message from arduino: b'Cell 1 has second level\r\n'
Message from arduino: b'Cell 2 is ball\r\n'
Message from arduino: b'Cell 3 disabled (dop. zadanie)\r\n'
Message from arduino: b'Cell 3 has valid color\r\n'
Message from arduino: b'Cell 4 disabled (dop. zadanie)\r\n'
Message from arduino: b'Cell 4 has valid color\r\n'
Message from arduino: b'Cell 5 disabled (dop. zadanie)\r\n'
Message from arduino: b'Cell 5 has valid color\r\n'
Message from arduino: b'Allowed positions: 000000\r\n'
Message from arduino: b'Check for work\r\n'
Message from arduino: b'Cell 0 is invalid\r\n'
Message from arduino: b'Sklad:\r\n'
Message from arduino: b'0B0000\r\n'
Message from arduino: b'0GWNNN\r\n'
Message from arduino: b'Search for empty cells\r\n'
Message from arduino: b'Trying to fill cell 0\r\n'
Message from arduino: b'Cell is disabled (bashnya)\r\n'
Message from arduino: b'Trying to free cell 1\r\n'
Message from arduino: b'Selected level is 1\r\n'
Message from arduino: b'Cell 0 disabled (bashnya)\r\n'
Message from arduino: b'Cell 1 has second level\r\n'
Message from arduino: b'Cell 2 is ball\r\n'
Message from arduino: b'Cell 3 has valid color\r\n'
Message from arduino: b'Cell 4 has valid color\r\n'
Message from arduino: b'Cell 5 has valid color\r\n'
Message from arduino: b'Allowed positions: 000000\r\n'
Message from arduino: b'Trying to free cell 2\r\n'
Message from arduino: b'Selected level is 0\r\n'
Message from arduino: b'Cell 0 disabled (bashnya)\r\n'
Message from arduino: b'Cell 1 has second level\r\n'
Message from arduino: b'Cell 2 is ball\r\n'
Message from arduino: b'Cell 3 disabled (dop. zadanie)\r\n'
Message from arduino: b'Cell 3 has valid color\r\n'
Message from arduino: b'Cell 4 disabled (dop. zadanie)\r\n'
Message from arduino: b'Cell 4 has valid color\r\n'
Message from arduino: b'Cell 5 disabled (dop. zadanie)\r\n'
Message from arduino: b'Cell 5 has valid color\r\n'
Message from arduino: b'Allowed positions: 000000\r\n'
Message from arduino: b'Check for work\r\n'
Message from arduino: b'Cell 0 is invalid\r\n'
Message from arduino: b'Sklad:\r\n'
Message from arduino: b'0B0000\r\n'
Message from arduino: b'0GWNNN\r\n'
Message from arduino: b'Search for empty cells\r\n'
Message from arduino: b'Trying to fill cell 0\r\n'
Message from arduino: b'Cell is disabled (bashnya)\r\n'
Message from arduino: b'Trying to free cell 1\r\n'
Message from arduino: b'Selected level is 1\r\n'
Message from arduino: b'Cell 0 disabled (bashnya)\r\n'
Message from arduino: b'Cell 1 has second level\r\n'
Message from arduino: b'Cell 2 is ball\r\n'
Message from arduino: b'Cell 3 has valid color\r\n'
Message from arduino: b'Cell 4 has valid color\r\n'
Message from arduino: b'Cell 5 has valid color\r\n'
Message from arduino: b'Allowed positions: 000000\r\n'
Message from arduino: b'Trying to free cell 2\r\n'
Message from arduino: b'Selected level is 0\r\n'
Message from arduino: b'Cell 0 disabled (bashnya)\r\n'
Message from arduino: b'Cell 1 has second level\r\n'
Message from arduino: b'Cell 2 is ball\r\n'
Message from arduino: b'Cell 3 disabled (dop. zadanie)\r\n'
Message from arduino: b'Cell 3 has valid color\r\n'
Message from arduino: b'Cell 4 disabled (dop. zadanie)\r\n'
Message from arduino: b'Cell 4 has valid color\r\n'
Message from arduino: b'Cell 5 disabled (dop. zadanie)\r\n'
Message from arduino: b'Cell 5 has valid color\r\n'
Message from arduino: b'Allowed positions: 000000\r\n'
Message from arduino: b'Check for work\r\n'
Message from arduino: b'Cell 0 is invalid\r\n'
Message from arduino: b'Sklad:\r\n'
Message from arduino: b'0B0000\r\n'
Message from arduino: b'0GWNNN\r\n'
Message from arduino: b'Search for empty cells\r\n'
Message from arduino: b'Trying to fill cell 0\r\n'
Message from arduino: b'Cell is disabled (bashnya)\r\n'
Message from arduino: b'Trying to free cell 1\r\n'
Message from arduino: b'Selected level is 1\r\n'
Message from arduino: b'Cell 0 disabled (bashnya)\r\n'
Message from arduino: b'Cell 1 has second level\r\n'
Message from arduino: b'Cell 2 is ball\r\n'
Message from arduino: b'Cell 3 has valid color\r\n'
Message from arduino: b'Cell 4 has valid color\r\n'
Message from arduino: b'Cell 5 has valid color\r\n'
Message from arduino: b'Allowed positions: 000000\r\n'
Message from arduino: b'Trying to free cell 2\r\n'
Message from arduino: b'Selected level is 0\r\n'
Message from arduino: b'Cell 0 disabled (bashnya)\r\n'
Message from arduino: b'Cell 1 has second level\r\n'
Message from arduino: b'Cell 2 is ball\r\n'
Message from arduino: b'Cell 3 disabled (dop. zadanie)\r\n'
Message from arduino: b'Cell 3 has valid color\r\n'
Message from arduino: b'Cell 4 disabled (dop. zadanie)\r\n'
Message from arduino: b'Cell 4 has valid color\r\n'
Message from arduino: b'Cell 5 disabled (dop. zadanie)\r\n'
Message from arduino: b'Cell 5 has valid color\r\n'
Message from arduino: b'Allowed positions: 000000\r\n'
Message from arduino: b'Check for work\r\n'
Message from arduino: b'Cell 0 is invalid\r\n'
Message from arduino: b'Sklad:\r\n'
Message from arduino: b'0B0000\r\n'
Message from arduino: b'0GWNNN\r\n'
Message from arduino: b'Search for empty cells\r\n'
Message from arduino: b'Trying to fill cell 0\r\n'
Message from arduino: b'Cell is disabled (bashnya)\r\n'
Message from arduino: b'Trying to free cell 1\r\n'
Message from arduino: b'Selected level is 1\r\n'
Message from arduino: b'Cell 0 disabled (bashnya)\r\n'
Message from arduino: b'Cell 1 has second level\r\n'
Message from arduino: b'Cell 2 is ball\r\n'
Message from arduino: b'Cell 3 has valid color\r\n'
Message from arduino: b'Cell 4 has valid color\r\n'
Message from arduino: b'Cell 5 has valid color\r\n'
Message from arduino: b'Allowed positions: 000000\r\n'
Message from arduino: b'Trying to free cell 2\r\n'
Message from arduino: b'Selected level is 0\r\n'
Message from arduino: b'Cell 0 disabled (bashnya)\r\n'
Message from arduino: b'Cell 1 has second level\r\n'
Message from arduino: b'Cell 2 is ball\r\n'
Message from arduino: b'Cell 3 disabled (dop. zadanie)\r\n'
Message from arduino: b'Cell 3 has valid color\r\n'
Message from arduino: b'Cell 4 disabled (dop. zadanie)\r\n'
Message from arduino: b'Cell 4 has valid color\r\n'
Message from arduino: b'Cell 5 disabled (dop. zadanie)\r\n'
Message from arduino: b'Cell 5 has valid color\r\n'
Message from arduino: b'Allowed positions: 000000\r\n'
Message from arduino: b'Check for work\r\n'
Message from arduino: b'Cell 0 is invalid\r\n'
Message from arduino: b'Sklad:\r\n'
Message from arduino: b'0B0000\r\n'
Message from arduino: b'0GWNNN\r\n'
Message from arduino: b'Search for empty cells\r\n'
Message from arduino: b'Trying to fill cell 0\r\n'
Message from arduino: b'Cell is disabled (bashnya)\r\n'
Message from arduino: b'Trying to free cell 1\r\n'
Message from arduino: b'Selected level is 1\r\n'
Message from arduino: b'Cell 0 disabled (bashnya)\r\n'
Message from arduino: b'Cell 1 has second level\r\n'
Message from arduino: b'Cell 2 is ball\r\n'
Message from arduino: b'Cell 3 has valid color\r\n'
Message from arduino: b'Cell 4 has valid color\r\n'
Message from arduino: b'Cell 5 has valid color\r\n'
Message from arduino: b'Allowed positions: 000000\r\n'
Message from arduino: b'Trying to free cell 2\r\n'
Message from arduino: b'Selected level is 0\r\n'
Message from arduino: b'Cell 0 disabled (bashnya)\r\n'
Message from arduino: b'Cell 1 has second level\r\n'
Message from arduino: b'Cell 2 is ball\r\n'
Message from arduino: b'Cell 3 disabled (dop. zadanie)\r\n'
Message from arduino: b'Cell 3 has valid color\r\n'
Message from arduino: b'Cell 4 disabled (dop. zadanie)\r\n'
Message from arduino: b'Cell 4 has valid color\r\n'
Message from arduino: b'Cell 5 disabled (dop. zadanie)\r\n'
Message from arduino: b'Cell 5 has valid color\r\n'
Message from arduino: b'Allowed positions: 000000\r\n'
Message from arduino: b'Check for work\r\n'
Message from arduino: b'Cell 0 is invalid\r\n'
Message from arduino: b'Sklad:\r\n'
Message from arduino: b'0B0000\r\n'
Message from arduino: b'0GWNNN\r\n'
Message from arduino: b'Search for empty cells\r\n'
Message from arduino: b'Trying to fill cell 0\r\n'
Message from arduino: b'Cell is disabled (bashnya)\r\n'
Message from arduino: b'Trying to free cell 1\r\n'
Message from arduino: b'Selected level is 1\r\n'
Message from arduino: b'Cell 0 disabled (bashnya)\r\n'
Message from arduino: b'Cell 1 has second level\r\n'
Message from arduino: b'Cell 2 is ball\r\n'
Message from arduino: b'Cell 3 has valid color\r\n'
Message from arduino: b'Cell 4 has valid color\r\n'
Message from arduino: b'Cell 5 has valid color\r\n'
Message from arduino: b'Allowed positions: 000000\r\n'
Message from arduino: b'Trying to free cell 2\r\n'
Message from arduino: b'Selected level is 0\r\n'
Message from arduino: b'Cell 0 disabled (bashnya)\r\n'
Message from arduino: b'Cell 1 has second level\r\n'
Message from arduino: b'Cell 2 is ball\r\n'
Message from arduino: b'Cell 3 disabled (dop. zadanie)\r\n'
Message from arduino: b'Cell 3 has valid color\r\n'
Message from arduino: b'Cell 4 disabled (dop. zadanie)\r\n'
Message from arduino: b'Cell 4 has valid color\r\n'
Message from arduino: b'Cell 5 disabled (dop. zadanie)\r\n'
Message from arduino: b'Cell 5 has valid color\r\n'
Message from arduino: b'Allowed positions: 000000\r\n'
Message from arduino: b'Check for work\r\n'
Message from arduino: b'Cell 0 is invalid\r\n'
Message from arduino: b'Sklad:\r\n'
Message from arduino: b'0B0000\r\n'
Message from arduino: b'0GWNNN\r\n'
Message from arduino: b'Search for empty cells\r\n'
Message from arduino: b'Trying to fill cell 0\r\n'
Message from arduino: b'Cell is disabled (bashnya)\r\n'
Message from arduino: b'Trying to free cell 1\r\n'
Message from arduino: b'Selected level is 1\r\n'
Message from arduino: b'Cell 0 disabled (bashnya)\r\n'
Message from arduino: b'Cell 1 has second level\r\n'
Message from arduino: b'Cell 2 is ball\r\n'
Message from arduino: b'Cell 3 has valid color\r\n'
Message from arduino: b'Cell 4 has valid color\r\n'
Message from arduino: b'Cell 5 has valid color\r\n'
Message from arduino: b'Allowed positions: 000000\r\n'
Message from arduino: b'Trying to free cell 2\r\n'
Message from arduino: b'Selected level is 0\r\n'
Message from arduino: b'Cell 0 disabled (bashnya)\r\n'
Message from arduino: b'Cell 1 has second level\r\n'
Message from arduino: b'Cell 2 is ball\r\n'
Message from arduino: b'Cell 3 disabled (dop. zadanie)\r\n'
Message from arduino: b'Cell 3 has valid color\r\n'
Message from arduino: b'Cell 4 disabled (dop. zadanie)\r\n'
Message from arduino: b'Cell 4 has valid color\r\n'
Message from arduino: b'Cell 5 disabled (dop. zadanie)\r\n'
Message from arduino: b'Cell 5 has valid color\r\n'
Message from arduino: b'Allowed positions: 000000\r\n'
Message from arduino: b'Check for work\r\n'
Message from arduino: b'Cell 0 is invalid\r\n'
Message from arduino: b'Sklad:\r\n'
Message from arduino: b'0B0000\r\n'
Message from arduino: b'0GWNNN\r\n'
Message from arduino: b'Search for empty cells\r\n'
Message from arduino: b'Trying to fill cell 0\r\n'
Message from arduino: b'Cell is disabled (bashnya)\r\n'
Message from arduino: b'Trying to free cell 1\r\n'
Message from arduino: b'Selected level is 1\r\n'
Message from arduino: b'Cell 0 disabled (bashnya)\r\n'
Message from arduino: b'Cell 1 has second level\r\n'
Message from arduino: b'Cell 2 is ball\r\n'
Message from arduino: b'Cell 3 has valid color\r\n'
Message from arduino: b'Cell 4 has valid color\r\n'
Message from arduino: b'Cell 5 has valid color\r\n'
Message from arduino: b'Allowed positions: 000000\r\n'
Message from arduino: b'Trying to free cell 2\r\n'
Message from arduino: b'Selected level is 0\r\n'
Message from arduino: b'Cell 0 disabled (bashnya)\r\n'
Message from arduino: b'Cell 1 has second level\r\n'
Message from arduino: b'Cell 2 is ball\r\n'
Message from arduino: b'Cell 3 disabled (dop. zadanie)\r\n'
Message from arduino: b'Cell 3 has valid color\r\n'
Message from arduino: b'Cell 4 disabled (dop. zadanie)\r\n'
Message from arduino: b'Cell 4 has valid color\r\n'
Message from arduino: b'Cell 5 disabled (dop. zadanie)\r\n'
Message from arduino: b'Cell 5 has valid color\r\n'
Message from arduino: b'Allowed positions: 000000\r\n'
Message from arduino: b'Check for work\r\n'
Message from arduino: b'Cell 0 is invalid\r\n'
Message from arduino: b'Sklad:\r\n'
Message from arduino: b'0B0000\r\n'
Message from arduino: b'0GWNNN\r\n'
Message from arduino: b'Search for empty cells\r\n'
Message from arduino: b'Trying to fill cell 0\r\n'
Message from arduino: b'Cell is disabled (bashnya)\r\n'
Message from arduino: b'Trying to free cell 1\r\n'
Message from arduino: b'Selected level is 1\r\n'
Message from arduino: b'Cell 0 disabled (bashnya)\r\n'
Message from arduino: b'Cell 1 has second level\r\n'
Message from arduino: b'Cell 2 is ball\r\n'
Message from arduino: b'Cell 3 has valid color\r\n'
Message from arduino: b'Cell 4 has valid color\r\n'
Message from arduino: b'Cell 5 has valid color\r\n'
Message from arduino: b'Allowed positions: 000000\r\n'
Message from arduino: b'Trying to free cell 2\r\n'
Message from arduino: b'Selected level is 0\r\n'
Message from arduino: b'Cell 0 disabled (bashnya)\r\n'
Message from arduino: b'Cell 1 has second level\r\n'
Message from arduino: b'Cell 2 is ball\r\n'
Message from arduino: b'Cell 3 disabled (dop. zadanie)\r\n'
Message from arduino: b'Cell 3 has valid color\r\n'
Message from arduino: b'Cell 4 disabled (dop. zadanie)\r\n'
Message from arduino: b'Cell 4 has valid color\r\n'
Message from arduino: b'Cell 5 disabled (dop. zadanie)\r\n'
Message from arduino: b'Cell 5 has valid color\r\n'
Message from arduino: b'Allowed positions: 000000\r\n'
Message from arduino: b'Check for work\r\n'
Message from arduino: b'Cell 0 is invalid\r\n'
Message from arduino: b'Sklad:\r\n'
Message from arduino: b'0B0000\r\n'
Message from arduino: b'0GWNNN\r\n'
Message from arduino: b'Search for empty cells\r\n'
Message from arduino: b'Trying to fill cell 0\r\n'
Message from arduino: b'Cell is disabled (bashnya)\r\n'
Message from arduino: b'Trying to free cell 1\r\n'
Message from arduino: b'Selected level is 1\r\n'
Message from arduino: b'Cell 0 disabled (bashnya)\r\n'
Message from arduino: b'Cell 1 has second level\r\n'
Message from arduino: b'Cell 2 is ball\r\n'
Message from arduino: b'Cell 3 has valid color\r\n'
Message from arduino: b'Cell 4 has valid color\r\n'
Message from arduino: b'Cell 5 has valid color\r\n'
Message from arduino: b'Allowed positions: 000000\r\n'
Message from arduino: b'Trying to free cell 2\r\n'
Message from arduino: b'Selected level is 0\r\n'
Message from arduino: b'Cell 0 disabled (bashnya)\r\n'
Message from arduino: b'Cell 1 has second level\r\n'
Message from arduino: b'Cell 2 is ball\r\n'
Message from arduino: b'Cell 3 disabled (dop. zadanie)\r\n'
Message from arduino: b'Cell 3 has valid color\r\n'
Message from arduino: b'Cell 4 disabled (dop. zadanie)\r\n'
Message from arduino: b'Cell 4 has valid color\r\n'
Message from arduino: b'Cell 5 disabled (dop. zadanie)\r\n'
Message from arduino: b'Cell 5 has valid color\r\n'
Message from arduino: b'Allowed positions: 000000\r\n'
Message from arduino: b'Check for work\r\n'
Message from arduino: b'Cell 0 is invalid\r\n'
Message from arduino: b'Sklad:\r\n'
Message from arduino: b'0B0000\r\n'
Message from arduino: b'0GWNNN\r\n'
Message from arduino: b'Search for empty cells\r\n'
Message from arduino: b'Trying to fill cell 0\r\n'
Message from arduino: b'Cell is disabled (bashnya)\r\n'
Message from arduino: b'Trying to free cell 1\r\n'
Message from arduino: b'Selected level is 1\r\n'
Message from arduino: b'Cell 0 disabled (bashnya)\r\n'
Message from arduino: b'Cell 1 has second level\r\n'
Message from arduino: b'Cell 2 is ball\r\n'
Message from arduino: b'Cell 3 has valid color\r\n'
Message from arduino: b'Cell 4 has valid color\r\n'
Message from arduino: b'Cell 5 has valid color\r\n'
Message from arduino: b'Allowed positions: 000000\r\n'
Message from arduino: b'Trying to free cell 2\r\n'
Message from arduino: b'Selected level is 0\r\n'
Message from arduino: b'Cell 0 disabled (bashnya)\r\n'
Message from arduino: b'Cell 1 has second level\r\n'
Message from arduino: b'Cell 2 is ball\r\n'
Message from arduino: b'Cell 3 disabled (dop. zadanie)\r\n'
Message from arduino: b'Cell 3 has valid color\r\n'
Message from arduino: b'Cell 4 disabled (dop. zadanie)\r\n'
Message from arduino: b'Cell 4 has valid color\r\n'
Message from arduino: b'Cell 5 disabled (dop. zadanie)\r\n'
Message from arduino: b'Cell 5 has valid color\r\n'
Message from arduino: b'Allowed positions: 000000\r\n'
Message from arduino: b'Check for work\r\n'
Message from arduino: b'Cell 0 is invalid\r\n'
Message from arduino: b'Sklad:\r\n'
Message from arduino: b'0B0000\r\n'
Message from arduino: b'0GWNNN\r\n'
Message from arduino: b'Search for empty cells\r\n'
Message from arduino: b'Trying to fill cell 0\r\n'
Message from arduino: b'Cell is disabled (bashnya)\r\n'
Message from arduino: b'Trying to free cell 1\r\n'
Message from arduino: b'Selected level is 1\r\n'
Message from arduino: b'Cell 0 disabled (bashnya)\r\n'
Message from arduino: b'Cell 1 has second level\r\n'
Message from arduino: b'Cell 2 is ball\r\n'
Message from arduino: b'Cell 3 has valid color\r\n'
Message from arduino: b'Cell 4 has valid color\r\n'
Message from arduino: b'Cell 5 has valid color\r\n'
Message from arduino: b'Allowed positions: 000000\r\n'
Message from arduino: b'Trying to free cell 2\r\n'
Message from arduino: b'Selected level is 0\r\n'
Message from arduino: b'Cell 0 disabled (bashnya)\r\n'
Message from arduino: b'Cell 1 has second level\r\n'
Message from arduino: b'Cell 2 is ball\r\n'
Message from arduino: b'Cell 3 disabled (dop. zadanie)\r\n'
Message from arduino: b'Cell 3 has valid color\r\n'
Message from arduino: b'Cell 4 disabled (dop. zadanie)\r\n'
Message from arduino: b'Cell 4 has valid color\r\n'
Message from arduino: b'Cell 5 disabled (dop. zadanie)\r\n'
Message from arduino: b'Cell 5 has valid color\r\n'
Message from arduino: b'Allowed positions: 000000\r\n'
Message from arduino: b'Check for work\r\n'
Message from arduino: b'Cell 0 is invalid\r\n'
Message from arduino: b'Sklad:\r\n'
Message from arduino: b'0B0000\r\n'
Message from arduino: b'0GWNNN\r\n'
Message from arduino: b'Search for empty cells\r\n'
Message from arduino: b'Trying to fill cell 0\r\n'
Message from arduino: b'Cell is disabled (bashnya)\r\n'
Message from arduino: b'Trying to free cell 1\r\n'
Message from arduino: b'Selected level is 1\r\n'
Message from arduino: b'Cell 0 disabled (bashnya)\r\n'
Message from arduino: b'Cell 1 has second level\r\n'
Message from arduino: b'Cell 2 is ball\r\n'
Message from arduino: b'Cell 3 has valid color\r\n'
Message from arduino: b'Cell 4 has valid color\r\n'
Message from arduino: b'Cell 5 has valid color\r\n'
Message from arduino: b'Allowed positions: 000000\r\n'
Message from arduino: b'Trying to free cell 2\r\n'
Message from arduino: b'Selected level is 0\r\n'
Message from arduino: b'Cell 0 disabled (bashnya)\r\n'
Message from arduino: b'Cell 1 has second level\r\n'
Message from arduino: b'Cell 2 is ball\r\n'
Message from arduino: b'Cell 3 disabled (dop. zadanie)\r\n'
Message from arduino: b'Cell 3 has valid color\r\n'
Message from arduino: b'Cell 4 disabled (dop. zadanie)\r\n'
Message from arduino: b'Cell 4 has valid color\r\n'
Message from arduino: b'Cell 5 disabled (dop. zadanie)\r\n'
Message from arduino: b'Cell 5 has valid color\r\n'
Message from arduino: b'Allowed positions: 000000\r\n'
Message from arduino: b'Check for work\r\n'
Message from arduino: b'Cell 0 is invalid\r\n'
Message from arduino: b'Sklad:\r\n'
Message from arduino: b'0B0000\r\n'
Message from arduino: b'0GWNNN\r\n'
Message from arduino: b'Search for empty cells\r\n'
Message from arduino: b'Trying to fill cell 0\r\n'
Message from arduino: b'Cell is disabled (bashnya)\r\n'
Message from arduino: b'Trying to free cell 1\r\n'
Message from arduino: b'Selected level is 1\r\n'
Message from arduino: b'Cell 0 disabled (bashnya)\r\n'
Message from arduino: b'Cell 1 has second level\r\n'
Message from arduino: b'Cell 2 is ball\r\n'
Message from arduino: b'Cell 3 has valid color\r\n'
Message from arduino: b'Cell 4 has valid color\r\n'
Message from arduino: b'Cell 5 has valid color\r\n'
Message from arduino: b'Allowed positions: 000000\r\n'
Message from arduino: b'Trying to free cell 2\r\n'
Message from arduino: b'Selected level is 0\r\n'
Message from arduino: b'Cell 0 disabled (bashnya)\r\n'
Message from arduino: b'Cell 1 has second level\r\n'
Message from arduino: b'Cell 2 is ball\r\n'
Message from arduino: b'Cell 3 disabled (dop. zadanie)\r\n'
Message from arduino: b'Cell 3 has valid color\r\n'
Message from arduino: b'Cell 4 disabled (dop. zadanie)\r\n'
Message from arduino: b'Cell 4 has valid color\r\n'
Message from arduino: b'Cell 5 disabled (dop. zadanie)\r\n'
Message from arduino: b'Cell 5 has valid color\r\n'
Message from arduino: b'Allowed positions: 000000\r\n'
Message from arduino: b'Check for work\r\n'
Message from arduino: b'Cell 0 is invalid\r\n'
Message from arduino: b'Sklad:\r\n'
Message from arduino: b'0B0000\r\n'
Message from arduino: b'0GWNNN\r\n'
Message from arduino: b'Search for empty cells\r\n'
Message from arduino: b'Trying to fill cell 0\r\n'
Message from arduino: b'Cell is disabled (bashnya)\r\n'
Message from arduino: b'Trying to free cell 1\r\n'
Message from arduino: b'Selected level is 1\r\n'
Message from arduino: b'Cell 0 disabled (bashnya)\r\n'
Message from arduino: b'Cell 1 has second level\r\n'
Message from arduino: b'Cell 2 is ball\r\n'
Message from arduino: b'Cell 3 has valid color\r\n'
Message from arduino: b'Cell 4 has valid color\r\n'
Message from arduino: b'Cell 5 has valid color\r\n'
Message from arduino: b'Allowed positions: 000000\r\n'
Message from arduino: b'Trying to free cell 2\r\n'
Message from arduino: b'Selected level is 0\r\n'
Message from arduino: b'Cell 0 disabled (bashnya)\r\n'
Message from arduino: b'Cell 1 has second level\r\n'
Message from arduino: b'Cell 2 is ball\r\n'
Message from arduino: b'Cell 3 disabled (dop. zadanie)\r\n'
Message from arduino: b'Cell 3 has valid color\r\n'
Message from arduino: b'Cell 4 disabled (dop. zadanie)\r\n'
Message from arduino: b'Cell 4 has valid color\r\n'
Message from arduino: b'Cell 5 disabled (dop. zadanie)\r\n'
Message from arduino: b'Cell 5 has valid color\r\n'
Message from arduino: b'Allowed positions: 000000\r\n'
Message from arduino: b'Check for work\r\n'
Message from arduino: b'Cell 0 is invalid\r\n'
Message from arduino: b'Sklad:\r\n'
Message from arduino: b'0B0000\r\n'
Message from arduino: b'0GWNNN\r\n'
Message from arduino: b'Search for empty cells\r\n'
Message from arduino: b'Trying to fill cell 0\r\n'
Message from arduino: b'Cell is disabled (bashnya)\r\n'
Message from arduino: b'Trying to free cell 1\r\n'
Message from arduino: b'Selected level is 1\r\n'
Message from arduino: b'Cell 0 disabled (bashnya)\r\n'
Message from arduino: b'Cell 1 has second level\r\n'
Message from arduino: b'Cell 2 is ball\r\n'
Message from arduino: b'Cell 3 has valid color\r\n'
Message from arduino: b'Cell 4 has valid color\r\n'
Message from arduino: b'Cell 5 has valid color\r\n'
Message from arduino: b'Allowed positions: 000000\r\n'
Message from arduino: b'Trying to free cell 2\r\n'
Message from arduino: b'Selected level is 0\r\n'
Message from arduino: b'Cell 0 disabled (bashnya)\r\n'
Message from arduino: b'Cell 1 has second level\r\n'
Message from arduino: b'Cell 2 is ball\r\n'
Message from arduino: b'Cell 3 disabled (dop. zadanie)\r\n'
Message from arduino: b'Cell 3 has valid color\r\n'
Message from arduino: b'Cell 4 disabled (dop. zadanie)\r\n'
Message from arduino: b'Cell 4 has valid color\r\n'
Message from arduino: b'Cell 5 disabled (dop. zadanie)\r\n'
Message from arduino: b'Cell 5 has valid color\r\n'
Message from arduino: b'Allowed positions: 000000\r\n'
Message from arduino: b'Check for work\r\n'
Message from arduino: b'Cell 0 is invalid\r\n'
Message from arduino: b'Sklad:\r\n'
Message from arduino: b'0B0000\r\n'
Message from arduino: b'0GWNNN\r\n'
Message from arduino: b'Search for empty cells\r\n'
Message from arduino: b'Trying to fill cell 0\r\n'
Message from arduino: b'Cell is disabled (bashnya)\r\n'
Message from arduino: b'Trying to free cell 1\r\n'
Message from arduino: b'Selected level is 1\r\n'
Message from arduino: b'Cell 0 disabled (bashnya)\r\n'
Message from arduino: b'Cell 1 has second level\r\n'
Message from arduino: b'Cell 2 is ball\r\n'
Message from arduino: b'Cell 3 has valid color\r\n'
Message from arduino: b'Cell 4 has valid color\r\n'
Message from arduino: b'Cell 5 has valid color\r\n'
Message from arduino: b'Allowed positions: 000000\r\n'
Message from arduino: b'Trying to free cell 2\r\n'
Message from arduino: b'Selected level is 0\r\n'
Message from arduino: b'Cell 0 disabled (bashnya)\r\n'
Message from arduino: b'Cell 1 has second level\r\n'
Message from arduino: b'Cell 2 is ball\r\n'
Message from arduino: b'Cell 3 disabled (dop. zadanie)\r\n'
Message from arduino: b'Cell 3 has valid color\r\n'
Message from arduino: b'Cell 4 disabled (dop. zadanie)\r\n'
Message from arduino: b'Cell 4 has valid color\r\n'
Message from arduino: b'Cell 5 disabled (dop. zadanie)\r\n'
Message from arduino: b'Cell 5 has valid color\r\n'
Message from arduino: b'Allowed positions: 000000\r\n'
Message from arduino: b'Check for work\r\n'
Message from arduino: b'Cell 0 is invalid\r\n'
Message from arduino: b'Sklad:\r\n'
Message from arduino: b'0B0000\r\n'
Message from arduino: b'0GWNNN\r\n'
Message from arduino: b'Search for empty cells\r\n'
Message from arduino: b'Trying to fill cell 0\r\n'
Message from arduino: b'Cell is disabled (bashnya)\r\n'
Message from arduino: b'Trying to free cell 1\r\n'
Message from arduino: b'Selected level is 1\r\n'
Message from arduino: b'Cell 0 disabled (bashnya)\r\n'
Message from arduino: b'Cell 1 has second level\r\n'
Message from arduino: b'Cell 2 is ball\r\n'
Message from arduino: b'Cell 3 has valid color\r\n'
Message from arduino: b'Cell 4 has valid color\r\n'
Message from arduino: b'Cell 5 has valid color\r\n'
Message from arduino: b'Allowed positions: 000000\r\n'
Message from arduino: b'Trying to free cell 2\r\n'
Message from arduino: b'Selected level is 0\r\n'
Message from arduino: b'Cell 0 disabled (bashnya)\r\n'
Message from arduino: b'Cell 1 has second level\r\n'
Message from arduino: b'Cell 2 is ball\r\n'
Message from arduino: b'Cell 3 disabled (dop. zadanie)\r\n'
Message from arduino: b'Cell 3 has valid color\r\n'
Message from arduino: b'Cell 4 disabled (dop. zadanie)\r\n'
Message from arduino: b'Cell 4 has valid color\r\n'
Message from arduino: b'Cell 5 disabled (dop. zadanie)\r\n'
Message from arduino: b'Cell 5 has valid color\r\n'
Message from arduino: b'Allowed positions: 000000\r\n'
Message from arduino: b'Check for work\r\n'
Message from arduino: b'Cell 0 is invalid\r\n'
Message from arduino: b'Sklad:\r\n'
Message from arduino: b'0B0000\r\n'
Message from arduino: b'0GWNNN\r\n'
Message from arduino: b'Search for empty cells\r\n'
Message from arduino: b'Trying to fill cell 0\r\n'
Message from arduino: b'Cell is disabled (bashnya)\r\n'
Message from arduino: b'Trying to free cell 1\r\n'
Message from arduino: b'Selected level is 1\r\n'
Message from arduino: b'Cell 0 disabled (bashnya)\r\n'
Message from arduino: b'Cell 1 has second level\r\n'
Message from arduino: b'Cell 2 is ball\r\n'
Message from arduino: b'Cell 3 has valid color\r\n'
Message from arduino: b'Cell 4 has valid color\r\n'
Message from arduino: b'Cell 5 has valid color\r\n'
Message from arduino: b'Allowed positions: 000000\r\n'
Message from arduino: b'Trying to free cell 2\r\n'
Message from arduino: b'Selected level is 0\r\n'
Message from arduino: b'Cell 0 disabled (bashnya)\r\n'
Message from arduino: b'Cell 1 has second level\r\n'
Message from arduino: b'Cell 2 is ball\r\n'
Message from arduino: b'Cell 3 disabled (dop. zadanie)\r\n'
Message from arduino: b'Cell 3 has valid color\r\n'
Message from arduino: b'Cell 4 disabled (dop. zadanie)\r\n'
Message from arduino: b'Cell 4 has valid color\r\n'
Message from arduino: b'Cell 5 disabled (dop. zadanie)\r\n'
Message from arduino: b'Cell 5 has valid color\r\n'
Message from arduino: b'Allowed positions: 000000\r\n'
Message from arduino: b'Check for work\r\n'
Message from arduino: b'Cell 0 is invalid\r\n'
Message from arduino: b'Sklad:\r\n'
Message from arduino: b'0B0000\r\n'
Message from arduino: b'0GWNNN\r\n'
Message from arduino: b'Search for empty cells\r\n'
Message from arduino: b'Trying to fill cell 0\r\n'
Message from arduino: b'Cell is disabled (bashnya)\r\n'
Message from arduino: b'Trying to free cell 1\r\n'
Message from arduino: b'Selected level is 1\r\n'
Message from arduino: b'Cell 0 disabled (bashnya)\r\n'
Message from arduino: b'Cell 1 has second level\r\n'
Message from arduino: b'Cell 2 is ball\r\n'
Message from arduino: b'Cell 3 has valid color\r\n'
Message from arduino: b'Cell 4 has valid color\r\n'
Message from arduino: b'Cell 5 has valid color\r\n'
Message from arduino: b'Allowed positions: 000000\r\n'
Message from arduino: b'Trying to free cell 2\r\n'
Message from arduino: b'Selected level is 0\r\n'
Message from arduino: b'Cell 0 disabled (bashnya)\r\n'
Message from arduino: b'Cell 1 has second level\r\n'
Message from arduino: b'Cell 2 is ball\r\n'
Message from arduino: b'Cell 3 disabled (dop. zadanie)\r\n'
Message from arduino: b'Cell 3 has valid color\r\n'
Message from arduino: b'Cell 4 disabled (dop. zadanie)\r\n'
Message from arduino: b'Cell 4 has valid color\r\n'
Message from arduino: b'Cell 5 disabled (dop. zadanie)\r\n'
Message from arduino: b'Cell 5 has valid color\r\n'
Message from arduino: b'Allowed positions: 000000\r\n'
Message from arduino: b'Check for work\r\n'
Message from arduino: b'Cell 0 is invalid\r\n'
Message from arduino: b'Sklad:\r\n'
Message from arduino: b'0B0000\r\n'
Message from arduino: b'0GWNNN\r\n'
Message from arduino: b'Search for empty cells\r\n'
Message from arduino: b'Trying to fill cell 0\r\n'
Message from arduino: b'Cell is disabled (bashnya)\r\n'
Message from arduino: b'Trying to free cell 1\r\n'
Message from arduino: b'Selected level is 1\r\n'
Message from arduino: b'Cell 0 disabled (bashnya)\r\n'
Message from arduino: b'Cell 1 has second level\r\n'
Message from arduino: b'Cell 2 is ball\r\n'
Message from arduino: b'Cell 3 has valid color\r\n'
Message from arduino: b'Cell 4 has valid color\r\n'
Message from arduino: b'Cell 5 has valid color\r\n'
Message from arduino: b'Allowed positions: 000000\r\n'
Message from arduino: b'Trying to free cell 2\r\n'
Message from arduino: b'Selected level is 0\r\n'
Message from arduino: b'Cell 0 disabled (bashnya)\r\n'
Message from arduino: b'Cell 1 has second level\r\n'
Message from arduino: b'Cell 2 is ball\r\n'
Message from arduino: b'Cell 3 disabled (dop. zadanie)\r\n'
Message from arduino: b'Cell 3 has valid color\r\n'
Message from arduino: b'Cell 4 disabled (dop. zadanie)\r\n'
Message from arduino: b'Cell 4 has valid color\r\n'
Message from arduino: b'Cell 5 disabled (dop. zadanie)\r\n'
Message from arduino: b'Cell 5 has valid color\r\n'
Message from arduino: b'Allowed positions: 000000\r\n'
Message from arduino: b'Check for work\r\n'
Message from arduino: b'Cell 0 is invalid\r\n'
Message from arduino: b'Sklad:\r\n'
Message from arduino: b'0B0000\r\n'
Message from arduino: b'0GWNNN\r\n'
Message from arduino: b'Search for empty cells\r\n'
Message from arduino: b'Trying to fill cell 0\r\n'
Message from arduino: b'Cell is disabled (bashnya)\r\n'
Message from arduino: b'Trying to free cell 1\r\n'
Message from arduino: b'Selected level is 1\r\n'
Message from arduino: b'Cell 0 disabled (bashnya)\r\n'
Message from arduino: b'Cell 1 has second level\r\n'
Message from arduino: b'Cell 2 is ball\r\n'
Message from arduino: b'Cell 3 has valid color\r\n'
Message from arduino: b'Cell 4 has valid color\r\n'
Message from arduino: b'Cell 5 has valid color\r\n'
Message from arduino: b'Allowed positions: 000000\r\n'
Message from arduino: b'Trying to free cell 2\r\n'
Message from arduino: b'Selected level is 0\r\n'
Message from arduino: b'Cell 0 disabled (bashnya)\r\n'
Message from arduino: b'Cell 1 has second level\r\n'
Message from arduino: b'Cell 2 is ball\r\n'
Message from arduino: b'Cell 3 disabled (dop. zadanie)\r\n'
Message from arduino: b'Cell 3 has valid color\r\n'
Message from arduino: b'Cell 4 disabled (dop. zadanie)\r\n'
Message from arduino: b'Cell 4 has valid color\r\n'
Message from arduino: b'Cell 5 disabled (dop. zadanie)\r\n'
Message from arduino: b'Cell 5 has valid color\r\n'
Message from arduino: b'Allowed positions: 000000\r\n'
Message from arduino: b'Check for work\r\n'
Message from arduino: b'Cell 0 is invalid\r\n'
Message from arduino: b'Sklad:\r\n'
Message from arduino: b'0B0000\r\n'
Message from arduino: b'0GWNNN\r\n'
Message from arduino: b'Search for empty cells\r\n'
Message from arduino: b'Trying to fill cell 0\r\n'
Message from arduino: b'Cell is disabled (bashnya)\r\n'
Message from arduino: b'Trying to free cell 1\r\n'
Message from arduino: b'Selected level is 1\r\n'
Message from arduino: b'Cell 0 disabled (bashnya)\r\n'
Message from arduino: b'Cell 1 has second level\r\n'
Message from arduino: b'Cell 2 is ball\r\n'
Message from arduino: b'Cell 3 has valid color\r\n'
Message from arduino: b'Cell 4 has valid color\r\n'
Message from arduino: b'Cell 5 has valid color\r\n'
Message from arduino: b'Allowed positions: 000000\r\n'
Message from arduino: b'Trying to free cell 2\r\n'
Message from arduino: b'Selected level is 0\r\n'
Message from arduino: b'Cell 0 disabled (bashnya)\r\n'
Message from arduino: b'Cell 1 has second level\r\n'
Message from arduino: b'Cell 2 is ball\r\n'
Message from arduino: b'Cell 3 disabled (dop. zadanie)\r\n'
Message from arduino: b'Cell 3 has valid color\r\n'
Message from arduino: b'Cell 4 disabled (dop. zadanie)\r\n'
Message from arduino: b'Cell 4 has valid color\r\n'
Message from arduino: b'Cell 5 disabled (dop. zadanie)\r\n'
Message from arduino: b'Cell 5 has valid color\r\n'
Message from arduino: b'Allowed positions: 000000\r\n'
Message from arduino: b'Check for work\r\n'
Message from arduino: b'Cell 0 is invalid\r\n'
Message from arduino: b'Sklad:\r\n'
Message from arduino: b'0B0000\r\n'
Message from arduino: b'0GWNNN\r\n'
Message from arduino: b'Search for empty cells\r\n'
Message from arduino: b'Trying to fill cell 0\r\n'
Message from arduino: b'Cell is disabled (bashnya)\r\n'
Message from arduino: b'Trying to free cell 1\r\n'
Message from arduino: b'Selected level is 1\r\n'
Message from arduino: b'Cell 0 disabled (bashnya)\r\n'
Message from arduino: b'Cell 1 has second level\r\n'
Message from arduino: b'Cell 2 is ball\r\n'
Message from arduino: b'Cell 3 has valid color\r\n'
Message from arduino: b'Cell 4 has valid color\r\n'
Message from arduino: b'Cell 5 has valid color\r\n'
Message from arduino: b'Allowed positions: 000000\r\n'
Message from arduino: b'Trying to free cell 2\r\n'
Message from arduino: b'Selected level is 0\r\n'
Message from arduino: b'Cell 0 disabled (bashnya)\r\n'
Message from arduino: b'Cell 1 has second level\r\n'
Message from arduino: b'Cell 2 is ball\r\n'
Message from arduino: b'Cell 3 disabled (dop. zadanie)\r\n'
Message from arduino: b'Cell 3 has valid color\r\n'
Message from arduino: b'Cell 4 disabled (dop. zadanie)\r\n'
Message from arduino: b'Cell 4 has valid color\r\n'
Message from arduino: b'Cell 5 disabled (dop. zadanie)\r\n'
Message from arduino: b'Cell 5 has valid color\r\n'
Message from arduino: b'Allowed positions: 000000\r\n'
Message from arduino: b'Check for work\r\n'
Message from arduino: b'Cell 0 is invalid\r\n'
Message from arduino: b'Sklad:\r\n'
Message from arduino: b'0B0000\r\n'
Message from arduino: b'0GWNNN\r\n'
Message from arduino: b'Search for empty cells\r\n'
Message from arduino: b'Trying to fill cell 0\r\n'
Message from arduino: b'Cell is disabled (bashnya)\r\n'
Message from arduino: b'Trying to free cell 1\r\n'
Message from arduino: b'Selected level is 1\r\n'
Message from arduino: b'Cell 0 disabled (bashnya)\r\n'
Message from arduino: b'Cell 1 has second level\r\n'
Message from arduino: b'Cell 2 is ball\r\n'
Message from arduino: b'Cell 3 has valid color\r\n'
Message from arduino: b'Cell 4 has valid color\r\n'
Message from arduino: b'Cell 5 has valid color\r\n'
Message from arduino: b'Allowed positions: 000000\r\n'
Message from arduino: b'Trying to free cell 2\r\n'
Message from arduino: b'Selected level is 0\r\n'
Message from arduino: b'Cell 0 disabled (bashnya)\r\n'
Message from arduino: b'Cell 1 has second level\r\n'
Message from arduino: b'Cell 2 is ball\r\n'
Message from arduino: b'Cell 3 disabled (dop. zadanie)\r\n'
Message from arduino: b'Cell 3 has valid color\r\n'
Message from arduino: b'Cell 4 disabled (dop. zadanie)\r\n'
Message from arduino: b'Cell 4 has valid color\r\n'
Message from arduino: b'Cell 5 disabled (dop. zadanie)\r\n'
Message from arduino: b'Cell 5 has valid color\r\n'
Message from arduino: b'Allowed positions: 000000\r\n'
Message from arduino: b'Check for work\r\n'
Message from arduino: b'Cell 0 is invalid\r\n'
Message from arduino: b'Sklad:\r\n'
Message from arduino: b'0B0000\r\n'
Message from arduino: b'0GWNNN\r\n'
Message from arduino: b'Search for empty cells\r\n'
Message from arduino: b'Trying to fill cell 0\r\n'
Message from arduino: b'Cell is disabled (bashnya)\r\n'
Message from arduino: b'Trying to free cell 1\r\n'
Message from arduino: b'Selected level is 1\r\n'
Message from arduino: b'Cell 0 disabled (bashnya)\r\n'
Message from arduino: b'Cell 1 has second level\r\n'
Message from arduino: b'Cell 2 is ball\r\n'
Message from arduino: b'Cell 3 has valid color\r\n'
Message from arduino: b'Cell 4 has valid color\r\n'
Message from arduino: b'Cell 5 has valid color\r\n'
Message from arduino: b'Allowed positions: 000000\r\n'
Message from arduino: b'Trying to free cell 2\r\n'
Message from arduino: b'Selected level is 0\r\n'
Message from arduino: b'Cell 0 disabled (bashnya)\r\n'
Message from arduino: b'Cell 1 has second level\r\n'
Message from arduino: b'Cell 2 is ball\r\n'
Message from arduino: b'Cell 3 disabled (dop. zadanie)\r\n'
Message from arduino: b'Cell 3 has valid color\r\n'
Message from arduino: b'Cell 4 disabled (dop. zadanie)\r\n'
Message from arduino: b'Cell 4 has valid color\r\n'
Message from arduino: b'Cell 5 disabled (dop. zadanie)\r\n'
Message from arduino: b'Cell 5 has valid color\r\n'
Message from arduino: b'Allowed positions: 000000\r\n'
Message from arduino: b'Check for work\r\n'
Message from arduino: b'Cell 0 is invalid\r\n'
Message from arduino: b'Sklad:\r\n'
Message from arduino: b'0B0000\r\n'
Message from arduino: b'0GWNNN\r\n'
Message from arduino: b'Search for empty cells\r\n'
Message from arduino: b'Trying to fill cell 0\r\n'
Message from arduino: b'Cell is disabled (bashnya)\r\n'
Message from arduino: b'Trying to free cell 1\r\n'
Message from arduino: b'Selected level is 1\r\n'
Message from arduino: b'Cell 0 disabled (bashnya)\r\n'
Message from arduino: b'Cell 1 has second level\r\n'
Message from arduino: b'Cell 2 is ball\r\n'
Message from arduino: b'Cell 3 has valid color\r\n'
Message from arduino: b'Cell 4 has valid color\r\n'
Message from arduino: b'Cell 5 has valid color\r\n'
Message from arduino: b'Allowed positions: 000000\r\n'
Message from arduino: b'Trying to free cell 2\r\n'
Message from arduino: b'Selected level is 0\r\n'
Message from arduino: b'Cell 0 disabled (bashnya)\r\n'
Message from arduino: b'Cell 1 has second level\r\n'
Message from arduino: b'Cell 2 is ball\r\n'
Message from arduino: b'Cell 3 disabled (dop. zadanie)\r\n'
Message from arduino: b'Cell 3 has valid color\r\n'
Message from arduino: b'Cell 4 disabled (dop. zadanie)\r\n'
Message from arduino: b'Cell 4 has valid color\r\n'
Message from arduino: b'Cell 5 disabled (dop. zadanie)\r\n'
Message from arduino: b'Cell 5 has valid color\r\n'
Message from arduino: b'Allowed positions: 000000\r\n'
Message from arduino: b'Check for work\r\n'
Message from arduino: b'Cell 0 is invalid\r\n'
Message from arduino: b'Sklad:\r\n'
Message from arduino: b'0B0000\r\n'
Message from arduino: b'0GWNNN\r\n'
Message from arduino: b'Search for empty cells\r\n'
Message from arduino: b'Trying to fill cell 0\r\n'
Message from arduino: b'Cell is disabled (bashnya)\r\n'
Message from arduino: b'Trying to free cell 1\r\n'
Message from arduino: b'Selected level is 1\r\n'
Message from arduino: b'Cell 0 disabled (bashnya)\r\n'
Message from arduino: b'Cell 1 has second level\r\n'
Message from arduino: b'Cell 2 is ball\r\n'
Message from arduino: b'Cell 3 has valid color\r\n'
Message from arduino: b'Cell 4 has valid color\r\n'
Message from arduino: b'Cell 5 has valid color\r\n'
Message from arduino: b'Allowed positions: 000000\r\n'
Message from arduino: b'Trying to free cell 2\r\n'
Message from arduino: b'Selected level is 0\r\n'
Message from arduino: b'Cell 0 disabled (bashnya)\r\n'
Message from arduino: b'Cell 1 has second level\r\n'
Message from arduino: b'Cell 2 is ball\r\n'
Message from arduino: b'Cell 3 disabled (dop. zadanie)\r\n'
Message from arduino: b'Cell 3 has valid color\r\n'
Message from arduino: b'Cell 4 disabled (dop. zadanie)\r\n'
Message from arduino: b'Cell 4 has valid color\r\n'
Message from arduino: b'Cell 5 disabled (dop. zadanie)\r\n'
Message from arduino: b'Cell 5 has valid color\r\n'
Message from arduino: b'Allowed positions: 000000\r\n'
Message from arduino: b'Check for work\r\n'
Message from arduino: b'Cell 0 is invalid\r\n'
Message from arduino: b'Sklad:\r\n'
Message from arduino: b'0B0000\r\n'
Message from arduino: b'0GWNNN\r\n'
Message from arduino: b'Search for empty cells\r\n'
Message from arduino: b'Trying to fill cell 0\r\n'
Message from arduino: b'Cell is disabled (bashnya)\r\n'
Message from arduino: b'Trying to free cell 1\r\n'
Message from arduino: b'Selected level is 1\r\n'
Message from arduino: b'Cell 0 disabled (bashnya)\r\n'
Message from arduino: b'Cell 1 has second level\r\n'
Message from arduino: b'Cell 2 is ball\r\n'
Message from arduino: b'Cell 3 has valid color\r\n'
Message from arduino: b'Cell 4 has valid color\r\n'
Message from arduino: b'Cell 5 has valid color\r\n'
Message from arduino: b'Allowed positions: 000000\r\n'
Message from arduino: b'Trying to free cell 2\r\n'
Message from arduino: b'Selected level is 0\r\n'
Message from arduino: b'Cell 0 disabled (bashnya)\r\n'
Message from arduino: b'Cell 1 has second level\r\n'
Message from arduino: b'Cell 2 is ball\r\n'
Message from arduino: b'Cell 3 disabled (dop\xfeHello from Robot!\r\n'
Message from arduino: b'Raise cube\r\n'
Message from arduino: b'Move home\r\n'
Message from arduino: b'Raise cube\r\n'
Message from arduino: b'Waiting...\r\n'
Message from arduino: b'Waiting...\r\n'
Message from arduino: b'Move down\r\n'
Message from arduino: b'Waiting...\r\n'
Message from arduino: b'Waiting...\r\n'
Message from arduino: b'Waiting...\r\n'
Message from arduino: b'Set level 3\r\n'
Message from arduino: b'Move up\r\n'
Message from arduino: b'Move up\r\n'
Message from arduino: b'Move up\r\n'
Message from arduino: b'GO!\r\n'
Detecting colors
['SMALL', 0, 'R', 0]
['SMALL', 1, 'R', 0]
['SMALL', 2, 'R', 0]
['SMALL', 3, 'R', 0]
['SMALL', 4, 'R', 0]
['SMALL', 5, 'R', 0]
['LARGE', 0, 'R', 1852]
['LARGE', 1, 'R', 1025]
['LARGE', 2, 'R', 1064]
['LARGE', 3, 'R', 567]
['LARGE', 4, 'R', 0]
['LARGE', 5, 'R', 0]
['SMALL', 0, 'G', 0]
['SMALL', 1, 'G', 0]
['SMALL', 2, 'G', 0]
['SMALL', 3, 'G', 0]
['SMALL', 4, 'G', 0]
['SMALL', 5, 'G', 0]
['LARGE', 0, 'G', 1084]
['LARGE', 1, 'G', 1825]
['LARGE', 2, 'G', 329]
['LARGE', 3, 'G', 331]
['LARGE', 4, 'G', 0]
['LARGE', 5, 'G', 0]
['SMALL', 0, 'B', 0]
['SMALL', 1, 'B', 0]
['SMALL', 2, 'B', 0]
['SMALL', 3, 'B', 0]
['SMALL', 4, 'B', 0]
['SMALL', 5, 'B', 0]
['LARGE', 0, 'B', 1262]
['LARGE', 1, 'B', 464]
['LARGE', 2, 'B', 4]
['LARGE', 3, 'B', 30]
['LARGE', 4, 'B', 0]
['LARGE', 5, 'B', 0]
['SMALL', 0, 'W', 0]
['SMALL', 1, 'W', 0]
['SMALL', 2, 'W', 0]
['SMALL', 3, 'W', 0]
['SMALL', 4, 'W', 0]
['SMALL', 5, 'W', 0]
['LARGE', 0, 'W', 3901]
['LARGE', 1, 'W', 4040]
['LARGE', 2, 'W', 8295]
['LARGE', 3, 'W', 12]
['LARGE', 4, 'W', 0]
['LARGE', 5, 'W', 0]
['SMALL', 0, 'Y', 0]
['SMALL', 1, 'Y', 0]
['SMALL', 2, 'Y', 0]
['SMALL', 3, 'Y', 0]
['SMALL', 4, 'Y', 0]
['SMALL', 5, 'Y', 0]
['LARGE', 0, 'Y', 338]
['LARGE', 1, 'Y', 249]
['LARGE', 2, 'Y', 32]
['LARGE', 3, 'Y', 32]
['LARGE', 4, 'Y', 0]
['LARGE', 5, 'Y', 0]
Shablon
['N', 'N', 'N', 'N', 'N', 'N']
Sklad
['B', 'G', 'W', 'N', 'N', 'N']
Waiting data from arduino...
Message from arduino: b'Check for work\r\n'
Message from arduino: b'Cell 0 is invalid\r\n'
Message from arduino: b'Sklad:\r\n'
Message from arduino: b'000000\r\n'
Message from arduino: b'BGWNNN\r\n'
Message from arduino: b'Search for empty cells\r\n'
Message from arduino: b'Trying to free cell 0\r\n'
Message from arduino: b'Selected level is 0\r\n'
Message from arduino: b'Cell 2 is ball\r\n'
Message from arduino: b'Cell 3 has valid color\r\n'
Message from arduino: b'Cell 4 has valid color\r\n'
Message from arduino: b'Cell 5 has valid color\r\n'
Message from arduino: b'Allowed positions: 010000\r\n'
Message from arduino: b'Move cube from 0:0 to 1:1\r\n'
Message from arduino: b'Set level 3\r\n'
Message from arduino: b'Calc level for moving from 4 to 0 without cube\r\n'
Message from arduino: b'Has not second level\r\n'
Message from arduino: b'Set level 3\r\n'
Message from arduino: b'Move to position 0\r\n'
Message from arduino: b'Set level 0\r\n'
Message from arduino: b'Move down\r\n'
Message from arduino: b'Move down\r\n'
                                                                                                                                                                                                                                                                                                                                                                                                                                                                                                                                 